This is pdfTeX, Version 3.141592653-2.6-1.40.25 (TeX Live 2023/Debian) (preloaded format=pdflatex 2024.11.27)  6 DEC 2024 09:08
entering extended mode
 restricted \write18 enabled.
 %&-line parsing enabled.
**capitolo8.tex
(./capitolo8.tex
LaTeX2e <2023-11-01> patch level 1
L3 programming layer <2024-01-22>
! Undefined control sequence.
l.1 \chapter
            {Capitolo 8}\label{section:cap8}% Etichetta per riferimenti incr...
The control sequence at the end of the top line
of your error message was never \def'ed. If you have
misspelled it (e.g., `\hobx'), type `I' and the correct
spelling (e.g., `I\hbox'). Otherwise just continue,
and I'll forget about whatever was undefined.


! LaTeX Error: Missing \begin{document}.

See the LaTeX manual or LaTeX Companion for explanation.
Type  H <return>  for immediate help.
 ...                                              
                                                  
l.1 \chapter{C
              apitolo 8}\label{section:cap8}% Etichetta per riferimenti incr...

You're in trouble here.  Try typing  <return>  to proceed.
If that doesn't work, type  X <return>  to quit.

Missing character: There is no C in font nullfont!
Missing character: There is no a in font nullfont!
Missing character: There is no p in font nullfont!
Missing character: There is no i in font nullfont!
Missing character: There is no t in font nullfont!
Missing character: There is no o in font nullfont!
Missing character: There is no l in font nullfont!
Missing character: There is no o in font nullfont!
Missing character: There is no 8 in font nullfont!

Overfull \hbox (20.0pt too wide) in paragraph at lines 1--2
[]
 []


! LaTeX Error: Environment verse undefined.

See the LaTeX manual or LaTeX Companion for explanation.
Type  H <return>  for immediate help.
 ...                                              
                                                  
l.3 \begin{verse}
                 
Your command was ignored.
Type  I <command> <return>  to replace it with another command,
or  <return>  to continue without it.


! LaTeX Error: Missing \begin{document}.

See the LaTeX manual or LaTeX Companion for explanation.
Type  H <return>  for immediate help.
 ...                                              
                                                  
l.7 \hyperref[sec:faretheewell]{Byron.}}
                                        
You're in trouble here.  Try typing  <return>  to proceed.
If that doesn't work, type  X <return>  to quit.

! Undefined control sequence.
<recently read> \hyperref 
                          
l.7 \hyperref[sec:faretheewell]{Byron.}}
                                        
The control sequence at the end of the top line
of your error message was never \def'ed. If you have
misspelled it (e.g., `\hobx'), type `I' and the correct
spelling (e.g., `I\hbox'). Otherwise just continue,
and I'll forget about whatever was undefined.


Overfull \hbox (39.17761pt too wide) in paragraph at lines 7--8
[]\OT1/cmr/m/it/10 Fare
 []


Overfull \hbox (17.12207pt too wide) in paragraph at lines 7--8
\OT1/cmr/m/it/10 thee
 []


Overfull \hbox (19.93321pt too wide) in paragraph at lines 7--8
\OT1/cmr/m/it/10 well,
 []


Overfull \hbox (15.84436pt too wide) in paragraph at lines 7--8
\OT1/cmr/m/it/10 and
 []


Overfull \hbox (6.1333pt too wide) in paragraph at lines 7--8
\OT1/cmr/m/it/10 if
 []


Overfull \hbox (12.39436pt too wide) in paragraph at lines 7--8
\OT1/cmr/m/it/10 for
 []


Overfull \hbox (18.01651pt too wide) in paragraph at lines 7--8
\OT1/cmr/m/it/10 ever 
 []


Overfull \hbox (17.63322pt too wide) in paragraph at lines 7--8
\OT1/cmr/m/it/10 Still
 []


Overfull \hbox (12.39436pt too wide) in paragraph at lines 7--8
\OT1/cmr/m/it/10 for
 []


Overfull \hbox (18.01651pt too wide) in paragraph at lines 7--8
\OT1/cmr/m/it/10 ever
 []


Overfull \hbox (16.4832pt too wide) in paragraph at lines 7--8
\OT1/cmr/m/it/10 fare
 []


Overfull \hbox (17.12207pt too wide) in paragraph at lines 7--8
\OT1/cmr/m/it/10 thee
 []


Overfull \hbox (19.93321pt too wide) in paragraph at lines 7--8
\OT1/cmr/m/it/10 well. 
 []


Overfull \hbox (101.84924pt too wide) in paragraph at lines 7--8
\OT1/cmr/m/it/10 [sec:faretheewell]Byron. 
 []


! LaTeX Error: Missing \begin{document}.

See the LaTeX manual or LaTeX Companion for explanation.
Type  H <return>  for immediate help.
 ...                                              
                                                  
l.9 I
     
You're in trouble here.  Try typing  <return>  to proceed.
If that doesn't work, type  X <return>  to quit.

Missing character: There is no I in font nullfont!

Overfull \hbox (20.0pt too wide) in paragraph at lines 9--10
[] 
 []


! LaTeX Error: Unicode character –í (U+0412)
               not set up for use with LaTeX.

See the LaTeX manual or LaTeX Companion for explanation.
Type  H <return>  for immediate help.
 ...                                              
                                                  
l.11 –í
        —Ç–µ –¥–Ω–∏, –∫–æ–≥–¥–∞ –≤ —Å–∞–¥–∞—Ö –õ–∏—Ü–µ—è
You may provide a definition with
\DeclareUnicodeCharacter 


! LaTeX Error: Unicode character —Ç (U+0442)
               not set up for use with LaTeX.

See the LaTeX manual or LaTeX Companion for explanation.
Type  H <return>  for immediate help.
 ...                                              
                                                  
l.11 –í —Ç
          –µ –¥–Ω–∏, –∫–æ–≥–¥–∞ –≤ —Å–∞–¥–∞—Ö –õ–∏—Ü–µ—è
You may provide a definition with
\DeclareUnicodeCharacter 


! LaTeX Error: Unicode character –µ (U+0435)
               not set up for use with LaTeX.

See the LaTeX manual or LaTeX Companion for explanation.
Type  H <return>  for immediate help.
 ...                                              
                                                  
l.11 –í —Ç–µ
             –¥–Ω–∏, –∫–æ–≥–¥–∞ –≤ —Å–∞–¥–∞—Ö –õ–∏—Ü–µ—è
You may provide a definition with
\DeclareUnicodeCharacter 


! LaTeX Error: Unicode character –¥ (U+0434)
               not set up for use with LaTeX.

See the LaTeX manual or LaTeX Companion for explanation.
Type  H <return>  for immediate help.
 ...                                              
                                                  
l.11 –í —Ç–µ –¥
               –Ω–∏, –∫–æ–≥–¥–∞ –≤ —Å–∞–¥–∞—Ö –õ–∏—Ü–µ—è
You may provide a definition with
\DeclareUnicodeCharacter 


! LaTeX Error: Unicode character –Ω (U+043D)
               not set up for use with LaTeX.

See the LaTeX manual or LaTeX Companion for explanation.
Type  H <return>  for immediate help.
 ...                                              
                                                  
l.11 –í —Ç–µ –¥–Ω
                 –∏, –∫–æ–≥–¥–∞ –≤ —Å–∞–¥–∞—Ö –õ–∏—Ü–µ—è
You may provide a definition with
\DeclareUnicodeCharacter 


! LaTeX Error: Unicode character –∏ (U+0438)
               not set up for use with LaTeX.

See the LaTeX manual or LaTeX Companion for explanation.
Type  H <return>  for immediate help.
 ...                                              
                                                  
l.11 –í —Ç–µ –¥–Ω–∏
                   , –∫–æ–≥–¥–∞ –≤ —Å–∞–¥–∞—Ö –õ–∏—Ü–µ—è
You may provide a definition with
\DeclareUnicodeCharacter 


! LaTeX Error: Missing \begin{document}.

See the LaTeX manual or LaTeX Companion for explanation.
Type  H <return>  for immediate help.
 ...                                              
                                                  
l.11 –í —Ç–µ –¥–Ω–∏,
                     –∫–æ–≥–¥–∞ –≤ —Å–∞–¥–∞—Ö –õ–∏—Ü–µ—è
You're in trouble here.  Try typing  <return>  to proceed.
If that doesn't work, type  X <return>  to quit.

Missing character: There is no , in font nullfont!

! LaTeX Error: Unicode character –∫ (U+043A)
               not set up for use with LaTeX.

See the LaTeX manual or LaTeX Companion for explanation.
Type  H <return>  for immediate help.
 ...                                              
                                                  
l.11 –í —Ç–µ –¥–Ω–∏, –∫
                       –æ–≥–¥–∞ –≤ —Å–∞–¥–∞—Ö –õ–∏—Ü–µ—è
You may provide a definition with
\DeclareUnicodeCharacter 


! LaTeX Error: Unicode character –æ (U+043E)
               not set up for use with LaTeX.

See the LaTeX manual or LaTeX Companion for explanation.
Type  H <return>  for immediate help.
 ...                                              
                                                  
l.11 –í —Ç–µ –¥–Ω–∏, –∫–æ
                         –≥–¥–∞ –≤ —Å–∞–¥–∞—Ö –õ–∏—Ü–µ—è
You may provide a definition with
\DeclareUnicodeCharacter 


! LaTeX Error: Unicode character –≥ (U+0433)
               not set up for use with LaTeX.

See the LaTeX manual or LaTeX Companion for explanation.
Type  H <return>  for immediate help.
 ...                                              
                                                  
l.11 –í —Ç–µ –¥–Ω–∏, –∫–æ–≥
                           –¥–∞ –≤ —Å–∞–¥–∞—Ö –õ–∏—Ü–µ—è
You may provide a definition with
\DeclareUnicodeCharacter 


! LaTeX Error: Unicode character –¥ (U+0434)
               not set up for use with LaTeX.

See the LaTeX manual or LaTeX Companion for explanation.
Type  H <return>  for immediate help.
 ...                                              
                                                  
l.11 –í —Ç–µ –¥–Ω–∏, –∫–æ–≥–¥
                             –∞ –≤ —Å–∞–¥–∞—Ö –õ–∏—Ü–µ—è
You may provide a definition with
\DeclareUnicodeCharacter 


! LaTeX Error: Unicode character –∞ (U+0430)
               not set up for use with LaTeX.

See the LaTeX manual or LaTeX Companion for explanation.
Type  H <return>  for immediate help.
 ...                                              
                                                  
l.11 –í —Ç–µ –¥–Ω–∏, –∫–æ–≥–¥–∞
                                –≤ —Å–∞–¥–∞—Ö –õ–∏—Ü–µ—è
You may provide a definition with
\DeclareUnicodeCharacter 


! LaTeX Error: Unicode character –≤ (U+0432)
               not set up for use with LaTeX.

See the LaTeX manual or LaTeX Companion for explanation.
Type  H <return>  for immediate help.
 ...                                              
                                                  
l.11 –í —Ç–µ –¥–Ω–∏, –∫–æ–≥–¥–∞ –≤
                                   —Å–∞–¥–∞—Ö –õ–∏—Ü–µ—è
You may provide a definition with
\DeclareUnicodeCharacter 


! LaTeX Error: Unicode character —Å (U+0441)
               not set up for use with LaTeX.

See the LaTeX manual or LaTeX Companion for explanation.
Type  H <return>  for immediate help.
 ...                                              
                                                  
l.11 –í —Ç–µ –¥–Ω–∏, –∫–æ–≥–¥–∞ –≤ —Å
                                     –∞–¥–∞—Ö –õ–∏—Ü–µ—è
You may provide a definition with
\DeclareUnicodeCharacter 


! LaTeX Error: Unicode character –∞ (U+0430)
               not set up for use with LaTeX.

See the LaTeX manual or LaTeX Companion for explanation.
Type  H <return>  for immediate help.
 ...                                              
                                                  
l.11 –í —Ç–µ –¥–Ω–∏, –∫–æ–≥–¥–∞ –≤ —Å–∞
                                       –¥–∞—Ö –õ–∏—Ü–µ—è
You may provide a definition with
\DeclareUnicodeCharacter 


! LaTeX Error: Unicode character –¥ (U+0434)
               not set up for use with LaTeX.

See the LaTeX manual or LaTeX Companion for explanation.
Type  H <return>  for immediate help.
 ...                                              
                                                  
l.11 –í —Ç–µ –¥–Ω–∏, –∫–æ–≥–¥–∞ –≤ —Å–∞–¥
                                         –∞—Ö –õ–∏—Ü–µ—è
You may provide a definition with
\DeclareUnicodeCharacter 


! LaTeX Error: Unicode character –∞ (U+0430)
               not set up for use with LaTeX.

See the LaTeX manual or LaTeX Companion for explanation.
Type  H <return>  for immediate help.
 ...                                              
                                                  
l.11 –í —Ç–µ –¥–Ω–∏, –∫–æ–≥–¥–∞ –≤ —Å–∞–¥–∞
                                           —Ö –õ–∏—Ü–µ—è
You may provide a definition with
\DeclareUnicodeCharacter 


! LaTeX Error: Unicode character —Ö (U+0445)
               not set up for use with LaTeX.

See the LaTeX manual or LaTeX Companion for explanation.
Type  H <return>  for immediate help.
 ...                                              
                                                  
l.11 –í —Ç–µ –¥–Ω–∏, –∫–æ–≥–¥–∞ –≤ —Å–∞–¥–∞—Ö
                                              –õ–∏—Ü–µ—è
You may provide a definition with
\DeclareUnicodeCharacter 


! LaTeX Error: Unicode character –õ (U+041B)
               not set up for use with LaTeX.

See the LaTeX manual or LaTeX Companion for explanation.
Type  H <return>  for immediate help.
 ...                                              
                                                  
l.11 –í —Ç–µ –¥–Ω–∏, –∫–æ–≥–¥–∞ –≤ —Å–∞–¥–∞—Ö –õ
                                                –∏—Ü–µ—è
You may provide a definition with
\DeclareUnicodeCharacter 


! LaTeX Error: Unicode character –∏ (U+0438)
               not set up for use with LaTeX.

See the LaTeX manual or LaTeX Companion for explanation.
Type  H <return>  for immediate help.
 ...                                              
                                                  
l.11 –í —Ç–µ –¥–Ω–∏, –∫–æ–≥–¥–∞ –≤ —Å–∞–¥–∞—Ö –õ–∏
                                                  —Ü–µ—è
You may provide a definition with
\DeclareUnicodeCharacter 


! LaTeX Error: Unicode character —Ü (U+0446)
               not set up for use with LaTeX.

See the LaTeX manual or LaTeX Companion for explanation.
Type  H <return>  for immediate help.
 ...                                              
                                                  
l.11 ...–µ –¥–Ω–∏, –∫–æ–≥–¥–∞ –≤ —Å–∞–¥–∞—Ö –õ–∏—Ü
                                                  –µ—è
You may provide a definition with
\DeclareUnicodeCharacter 


! LaTeX Error: Unicode character –µ (U+0435)
               not set up for use with LaTeX.

See the LaTeX manual or LaTeX Companion for explanation.
Type  H <return>  for immediate help.
 ...                                              
                                                  
l.11 ... –¥–Ω–∏, –∫–æ–≥–¥–∞ –≤ —Å–∞–¥–∞—Ö –õ–∏—Ü–µ
                                                  —è
You may provide a definition with
\DeclareUnicodeCharacter 


! LaTeX Error: Unicode character —è (U+044F)
               not set up for use with LaTeX.

See the LaTeX manual or LaTeX Companion for explanation.
Type  H <return>  for immediate help.
 ...                                              
                                                  
l.11 ...¥–Ω–∏, –∫–æ–≥–¥–∞ –≤ —Å–∞–¥–∞—Ö –õ–∏—Ü–µ—è
                                                  
You may provide a definition with
\DeclareUnicodeCharacter 


! LaTeX Error: Unicode character –Ø (U+042F)
               not set up for use with LaTeX.

See the LaTeX manual or LaTeX Companion for explanation.
Type  H <return>  for immediate help.
 ...                                              
                                                  
l.12 –Ø
        –±–µ–∑–º—è—Ç–µ–∂–Ω–æ —Ä–∞—Å—Ü–≤–µ—Ç–∞–ª,
You may provide a definition with
\DeclareUnicodeCharacter 


! LaTeX Error: Unicode character –± (U+0431)
               not set up for use with LaTeX.

See the LaTeX manual or LaTeX Companion for explanation.
Type  H <return>  for immediate help.
 ...                                              
                                                  
l.12 –Ø –±
          –µ–∑–º—è—Ç–µ–∂–Ω–æ —Ä–∞—Å—Ü–≤–µ—Ç–∞–ª,
You may provide a definition with
\DeclareUnicodeCharacter 


! LaTeX Error: Unicode character –µ (U+0435)
               not set up for use with LaTeX.

See the LaTeX manual or LaTeX Companion for explanation.
Type  H <return>  for immediate help.
 ...                                              
                                                  
l.12 –Ø –±–µ
            –∑–º—è—Ç–µ–∂–Ω–æ —Ä–∞—Å—Ü–≤–µ—Ç–∞–ª,
You may provide a definition with
\DeclareUnicodeCharacter 


! LaTeX Error: Unicode character –∑ (U+0437)
               not set up for use with LaTeX.

See the LaTeX manual or LaTeX Companion for explanation.
Type  H <return>  for immediate help.
 ...                                              
                                                  
l.12 –Ø –±–µ–∑
              –º—è—Ç–µ–∂–Ω–æ —Ä–∞—Å—Ü–≤–µ—Ç–∞–ª,
You may provide a definition with
\DeclareUnicodeCharacter 


! LaTeX Error: Unicode character –º (U+043C)
               not set up for use with LaTeX.

See the LaTeX manual or LaTeX Companion for explanation.
Type  H <return>  for immediate help.
 ...                                              
                                                  
l.12 –Ø –±–µ–∑–º
                —è—Ç–µ–∂–Ω–æ —Ä–∞—Å—Ü–≤–µ—Ç–∞–ª,
You may provide a definition with
\DeclareUnicodeCharacter 


! LaTeX Error: Unicode character —è (U+044F)
               not set up for use with LaTeX.

See the LaTeX manual or LaTeX Companion for explanation.
Type  H <return>  for immediate help.
 ...                                              
                                                  
l.12 –Ø –±–µ–∑–º—è
                  —Ç–µ–∂–Ω–æ —Ä–∞—Å—Ü–≤–µ—Ç–∞–ª,
You may provide a definition with
\DeclareUnicodeCharacter 


! LaTeX Error: Unicode character —Ç (U+0442)
               not set up for use with LaTeX.

See the LaTeX manual or LaTeX Companion for explanation.
Type  H <return>  for immediate help.
 ...                                              
                                                  
l.12 –Ø –±–µ–∑–º—è—Ç
                    –µ–∂–Ω–æ —Ä–∞—Å—Ü–≤–µ—Ç–∞–ª,
You may provide a definition with
\DeclareUnicodeCharacter 


! LaTeX Error: Unicode character –µ (U+0435)
               not set up for use with LaTeX.

See the LaTeX manual or LaTeX Companion for explanation.
Type  H <return>  for immediate help.
 ...                                              
                                                  
l.12 –Ø –±–µ–∑–º—è—Ç–µ
                      –∂–Ω–æ —Ä–∞—Å—Ü–≤–µ—Ç–∞–ª,
You may provide a definition with
\DeclareUnicodeCharacter 


! LaTeX Error: Unicode character –∂ (U+0436)
               not set up for use with LaTeX.

See the LaTeX manual or LaTeX Companion for explanation.
Type  H <return>  for immediate help.
 ...                                              
                                                  
l.12 –Ø –±–µ–∑–º—è—Ç–µ–∂
                        –Ω–æ —Ä–∞—Å—Ü–≤–µ—Ç–∞–ª,
You may provide a definition with
\DeclareUnicodeCharacter 


! LaTeX Error: Unicode character –Ω (U+043D)
               not set up for use with LaTeX.

See the LaTeX manual or LaTeX Companion for explanation.
Type  H <return>  for immediate help.
 ...                                              
                                                  
l.12 –Ø –±–µ–∑–º—è—Ç–µ–∂–Ω
                          –æ —Ä–∞—Å—Ü–≤–µ—Ç–∞–ª,
You may provide a definition with
\DeclareUnicodeCharacter 


! LaTeX Error: Unicode character –æ (U+043E)
               not set up for use with LaTeX.

See the LaTeX manual or LaTeX Companion for explanation.
Type  H <return>  for immediate help.
 ...                                              
                                                  
l.12 –Ø –±–µ–∑–º—è—Ç–µ–∂–Ω–æ
                             —Ä–∞—Å—Ü–≤–µ—Ç–∞–ª,
You may provide a definition with
\DeclareUnicodeCharacter 


! LaTeX Error: Unicode character —Ä (U+0440)
               not set up for use with LaTeX.

See the LaTeX manual or LaTeX Companion for explanation.
Type  H <return>  for immediate help.
 ...                                              
                                                  
l.12 –Ø –±–µ–∑–º—è—Ç–µ–∂–Ω–æ —Ä
                               –∞—Å—Ü–≤–µ—Ç–∞–ª,
You may provide a definition with
\DeclareUnicodeCharacter 


! LaTeX Error: Unicode character –∞ (U+0430)
               not set up for use with LaTeX.

See the LaTeX manual or LaTeX Companion for explanation.
Type  H <return>  for immediate help.
 ...                                              
                                                  
l.12 –Ø –±–µ–∑–º—è—Ç–µ–∂–Ω–æ —Ä–∞
                                 —Å—Ü–≤–µ—Ç–∞–ª,
You may provide a definition with
\DeclareUnicodeCharacter 


! LaTeX Error: Unicode character —Å (U+0441)
               not set up for use with LaTeX.

See the LaTeX manual or LaTeX Companion for explanation.
Type  H <return>  for immediate help.
 ...                                              
                                                  
l.12 –Ø –±–µ–∑–º—è—Ç–µ–∂–Ω–æ —Ä–∞—Å
                                   —Ü–≤–µ—Ç–∞–ª,
You may provide a definition with
\DeclareUnicodeCharacter 


! LaTeX Error: Unicode character —Ü (U+0446)
               not set up for use with LaTeX.

See the LaTeX manual or LaTeX Companion for explanation.
Type  H <return>  for immediate help.
 ...                                              
                                                  
l.12 –Ø –±–µ–∑–º—è—Ç–µ–∂–Ω–æ —Ä–∞—Å—Ü
                                     –≤–µ—Ç–∞–ª,
You may provide a definition with
\DeclareUnicodeCharacter 


! LaTeX Error: Unicode character –≤ (U+0432)
               not set up for use with LaTeX.

See the LaTeX manual or LaTeX Companion for explanation.
Type  H <return>  for immediate help.
 ...                                              
                                                  
l.12 –Ø –±–µ–∑–º—è—Ç–µ–∂–Ω–æ —Ä–∞—Å—Ü–≤
                                       –µ—Ç–∞–ª,
You may provide a definition with
\DeclareUnicodeCharacter 


! LaTeX Error: Unicode character –µ (U+0435)
               not set up for use with LaTeX.

See the LaTeX manual or LaTeX Companion for explanation.
Type  H <return>  for immediate help.
 ...                                              
                                                  
l.12 –Ø –±–µ–∑–º—è—Ç–µ–∂–Ω–æ —Ä–∞—Å—Ü–≤–µ
                                         —Ç–∞–ª,
You may provide a definition with
\DeclareUnicodeCharacter 


! LaTeX Error: Unicode character —Ç (U+0442)
               not set up for use with LaTeX.

See the LaTeX manual or LaTeX Companion for explanation.
Type  H <return>  for immediate help.
 ...                                              
                                                  
l.12 –Ø –±–µ–∑–º—è—Ç–µ–∂–Ω–æ —Ä–∞—Å—Ü–≤–µ—Ç
                                           –∞–ª,
You may provide a definition with
\DeclareUnicodeCharacter 


! LaTeX Error: Unicode character –∞ (U+0430)
               not set up for use with LaTeX.

See the LaTeX manual or LaTeX Companion for explanation.
Type  H <return>  for immediate help.
 ...                                              
                                                  
l.12 –Ø –±–µ–∑–º—è—Ç–µ–∂–Ω–æ —Ä–∞—Å—Ü–≤–µ—Ç–∞
                                             –ª,
You may provide a definition with
\DeclareUnicodeCharacter 


! LaTeX Error: Unicode character –ª (U+043B)
               not set up for use with LaTeX.

See the LaTeX manual or LaTeX Companion for explanation.
Type  H <return>  for immediate help.
 ...                                              
                                                  
l.12 –Ø –±–µ–∑–º—è—Ç–µ–∂–Ω–æ —Ä–∞—Å—Ü–≤–µ—Ç–∞–ª
                                               ,
You may provide a definition with
\DeclareUnicodeCharacter 

Missing character: There is no , in font nullfont!

! LaTeX Error: Unicode character –ß (U+0427)
               not set up for use with LaTeX.

See the LaTeX manual or LaTeX Companion for explanation.
Type  H <return>  for immediate help.
 ...                                              
                                                  
l.13 –ß
       –∏—Ç–∞–ª –æ—Ö–æ—Ç–Ω–æ –ê–ø—É–ª–µ—è,
You may provide a definition with
\DeclareUnicodeCharacter 


! LaTeX Error: Unicode character –∏ (U+0438)
               not set up for use with LaTeX.

See the LaTeX manual or LaTeX Companion for explanation.
Type  H <return>  for immediate help.
 ...                                              
                                                  
l.13 –ß–∏
         —Ç–∞–ª –æ—Ö–æ—Ç–Ω–æ –ê–ø—É–ª–µ—è,
You may provide a definition with
\DeclareUnicodeCharacter 


! LaTeX Error: Unicode character —Ç (U+0442)
               not set up for use with LaTeX.

See the LaTeX manual or LaTeX Companion for explanation.
Type  H <return>  for immediate help.
 ...                                              
                                                  
l.13 –ß–∏—Ç
           –∞–ª –æ—Ö–æ—Ç–Ω–æ –ê–ø—É–ª–µ—è,
You may provide a definition with
\DeclareUnicodeCharacter 


! LaTeX Error: Unicode character –∞ (U+0430)
               not set up for use with LaTeX.

See the LaTeX manual or LaTeX Companion for explanation.
Type  H <return>  for immediate help.
 ...                                              
                                                  
l.13 –ß–∏—Ç–∞
             –ª –æ—Ö–æ—Ç–Ω–æ –ê–ø—É–ª–µ—è,
You may provide a definition with
\DeclareUnicodeCharacter 


! LaTeX Error: Unicode character –ª (U+043B)
               not set up for use with LaTeX.

See the LaTeX manual or LaTeX Companion for explanation.
Type  H <return>  for immediate help.
 ...                                              
                                                  
l.13 –ß–∏—Ç–∞–ª
                –æ—Ö–æ—Ç–Ω–æ –ê–ø—É–ª–µ—è,
You may provide a definition with
\DeclareUnicodeCharacter 


! LaTeX Error: Unicode character –æ (U+043E)
               not set up for use with LaTeX.

See the LaTeX manual or LaTeX Companion for explanation.
Type  H <return>  for immediate help.
 ...                                              
                                                  
l.13 –ß–∏—Ç–∞–ª –æ
                  —Ö–æ—Ç–Ω–æ –ê–ø—É–ª–µ—è,
You may provide a definition with
\DeclareUnicodeCharacter 


! LaTeX Error: Unicode character —Ö (U+0445)
               not set up for use with LaTeX.

See the LaTeX manual or LaTeX Companion for explanation.
Type  H <return>  for immediate help.
 ...                                              
                                                  
l.13 –ß–∏—Ç–∞–ª –æ—Ö
                    –æ—Ç–Ω–æ –ê–ø—É–ª–µ—è,
You may provide a definition with
\DeclareUnicodeCharacter 


! LaTeX Error: Unicode character –æ (U+043E)
               not set up for use with LaTeX.

See the LaTeX manual or LaTeX Companion for explanation.
Type  H <return>  for immediate help.
 ...                                              
                                                  
l.13 –ß–∏—Ç–∞–ª –æ—Ö–æ
                      —Ç–Ω–æ –ê–ø—É–ª–µ—è,
You may provide a definition with
\DeclareUnicodeCharacter 


! LaTeX Error: Unicode character —Ç (U+0442)
               not set up for use with LaTeX.

See the LaTeX manual or LaTeX Companion for explanation.
Type  H <return>  for immediate help.
 ...                                              
                                                  
l.13 –ß–∏—Ç–∞–ª –æ—Ö–æ—Ç
                        –Ω–æ –ê–ø—É–ª–µ—è,
You may provide a definition with
\DeclareUnicodeCharacter 


! LaTeX Error: Unicode character –Ω (U+043D)
               not set up for use with LaTeX.

See the LaTeX manual or LaTeX Companion for explanation.
Type  H <return>  for immediate help.
 ...                                              
                                                  
l.13 –ß–∏—Ç–∞–ª –æ—Ö–æ—Ç–Ω
                          –æ –ê–ø—É–ª–µ—è,
You may provide a definition with
\DeclareUnicodeCharacter 


! LaTeX Error: Unicode character –æ (U+043E)
               not set up for use with LaTeX.

See the LaTeX manual or LaTeX Companion for explanation.
Type  H <return>  for immediate help.
 ...                                              
                                                  
l.13 –ß–∏—Ç–∞–ª –æ—Ö–æ—Ç–Ω–æ
                             –ê–ø—É–ª–µ—è,
You may provide a definition with
\DeclareUnicodeCharacter 


! LaTeX Error: Unicode character –ê (U+0410)
               not set up for use with LaTeX.

See the LaTeX manual or LaTeX Companion for explanation.
Type  H <return>  for immediate help.
 ...                                              
                                                  
l.13 –ß–∏—Ç–∞–ª –æ—Ö–æ—Ç–Ω–æ –ê
                               –ø—É–ª–µ—è,
You may provide a definition with
\DeclareUnicodeCharacter 


! LaTeX Error: Unicode character –ø (U+043F)
               not set up for use with LaTeX.

See the LaTeX manual or LaTeX Companion for explanation.
Type  H <return>  for immediate help.
 ...                                              
                                                  
l.13 –ß–∏—Ç–∞–ª –æ—Ö–æ—Ç–Ω–æ –ê–ø
                                 —É–ª–µ—è,
You may provide a definition with
\DeclareUnicodeCharacter 


! LaTeX Error: Unicode character —É (U+0443)
               not set up for use with LaTeX.

See the LaTeX manual or LaTeX Companion for explanation.
Type  H <return>  for immediate help.
 ...                                              
                                                  
l.13 –ß–∏—Ç–∞–ª –æ—Ö–æ—Ç–Ω–æ –ê–ø—É
                                   –ª–µ—è,
You may provide a definition with
\DeclareUnicodeCharacter 


! LaTeX Error: Unicode character –ª (U+043B)
               not set up for use with LaTeX.

See the LaTeX manual or LaTeX Companion for explanation.
Type  H <return>  for immediate help.
 ...                                              
                                                  
l.13 –ß–∏—Ç–∞–ª –æ—Ö–æ—Ç–Ω–æ –ê–ø—É–ª
                                     –µ—è,
You may provide a definition with
\DeclareUnicodeCharacter 


! LaTeX Error: Unicode character –µ (U+0435)
               not set up for use with LaTeX.

See the LaTeX manual or LaTeX Companion for explanation.
Type  H <return>  for immediate help.
 ...                                              
                                                  
l.13 –ß–∏—Ç–∞–ª –æ—Ö–æ—Ç–Ω–æ –ê–ø—É–ª–µ
                                       —è,
You may provide a definition with
\DeclareUnicodeCharacter 


! LaTeX Error: Unicode character —è (U+044F)
               not set up for use with LaTeX.

See the LaTeX manual or LaTeX Companion for explanation.
Type  H <return>  for immediate help.
 ...                                              
                                                  
l.13 –ß–∏—Ç–∞–ª –æ—Ö–æ—Ç–Ω–æ –ê–ø—É–ª–µ—è
                                         ,
You may provide a definition with
\DeclareUnicodeCharacter 

Missing character: There is no , in font nullfont!

! LaTeX Error: Unicode character –ê (U+0410)
               not set up for use with LaTeX.

See the LaTeX manual or LaTeX Companion for explanation.
Type  H <return>  for immediate help.
 ...                                              
                                                  
l.14 –ê
        –¶–∏—Ü–µ—Ä–æ–Ω–∞ –Ω–µ —á–∏—Ç–∞–ª,
You may provide a definition with
\DeclareUnicodeCharacter 


! LaTeX Error: Unicode character –¶ (U+0426)
               not set up for use with LaTeX.

See the LaTeX manual or LaTeX Companion for explanation.
Type  H <return>  for immediate help.
 ...                                              
                                                  
l.14 –ê –¶
          –∏—Ü–µ—Ä–æ–Ω–∞ –Ω–µ —á–∏—Ç–∞–ª,
You may provide a definition with
\DeclareUnicodeCharacter 


! LaTeX Error: Unicode character –∏ (U+0438)
               not set up for use with LaTeX.

See the LaTeX manual or LaTeX Companion for explanation.
Type  H <return>  for immediate help.
 ...                                              
                                                  
l.14 –ê –¶–∏
            —Ü–µ—Ä–æ–Ω–∞ –Ω–µ —á–∏—Ç–∞–ª,
You may provide a definition with
\DeclareUnicodeCharacter 


! LaTeX Error: Unicode character —Ü (U+0446)
               not set up for use with LaTeX.

See the LaTeX manual or LaTeX Companion for explanation.
Type  H <return>  for immediate help.
 ...                                              
                                                  
l.14 –ê –¶–∏—Ü
              –µ—Ä–æ–Ω–∞ –Ω–µ —á–∏—Ç–∞–ª,
You may provide a definition with
\DeclareUnicodeCharacter 


! LaTeX Error: Unicode character –µ (U+0435)
               not set up for use with LaTeX.

See the LaTeX manual or LaTeX Companion for explanation.
Type  H <return>  for immediate help.
 ...                                              
                                                  
l.14 –ê –¶–∏—Ü–µ
                —Ä–æ–Ω–∞ –Ω–µ —á–∏—Ç–∞–ª,
You may provide a definition with
\DeclareUnicodeCharacter 


! LaTeX Error: Unicode character —Ä (U+0440)
               not set up for use with LaTeX.

See the LaTeX manual or LaTeX Companion for explanation.
Type  H <return>  for immediate help.
 ...                                              
                                                  
l.14 –ê –¶–∏—Ü–µ—Ä
                  –æ–Ω–∞ –Ω–µ —á–∏—Ç–∞–ª,
You may provide a definition with
\DeclareUnicodeCharacter 


! LaTeX Error: Unicode character –æ (U+043E)
               not set up for use with LaTeX.

See the LaTeX manual or LaTeX Companion for explanation.
Type  H <return>  for immediate help.
 ...                                              
                                                  
l.14 –ê –¶–∏—Ü–µ—Ä–æ
                    –Ω–∞ –Ω–µ —á–∏—Ç–∞–ª,
You may provide a definition with
\DeclareUnicodeCharacter 


! LaTeX Error: Unicode character –Ω (U+043D)
               not set up for use with LaTeX.

See the LaTeX manual or LaTeX Companion for explanation.
Type  H <return>  for immediate help.
 ...                                              
                                                  
l.14 –ê –¶–∏—Ü–µ—Ä–æ–Ω
                      –∞ –Ω–µ —á–∏—Ç–∞–ª,
You may provide a definition with
\DeclareUnicodeCharacter 


! LaTeX Error: Unicode character –∞ (U+0430)
               not set up for use with LaTeX.

See the LaTeX manual or LaTeX Companion for explanation.
Type  H <return>  for immediate help.
 ...                                              
                                                  
l.14 –ê –¶–∏—Ü–µ—Ä–æ–Ω–∞
                         –Ω–µ —á–∏—Ç–∞–ª,
You may provide a definition with
\DeclareUnicodeCharacter 


! LaTeX Error: Unicode character –Ω (U+043D)
               not set up for use with LaTeX.

See the LaTeX manual or LaTeX Companion for explanation.
Type  H <return>  for immediate help.
 ...                                              
                                                  
l.14 –ê –¶–∏—Ü–µ—Ä–æ–Ω–∞ –Ω
                           –µ —á–∏—Ç–∞–ª,
You may provide a definition with
\DeclareUnicodeCharacter 


! LaTeX Error: Unicode character –µ (U+0435)
               not set up for use with LaTeX.

See the LaTeX manual or LaTeX Companion for explanation.
Type  H <return>  for immediate help.
 ...                                              
                                                  
l.14 –ê –¶–∏—Ü–µ—Ä–æ–Ω–∞ –Ω–µ
                              —á–∏—Ç–∞–ª,
You may provide a definition with
\DeclareUnicodeCharacter 


! LaTeX Error: Unicode character —á (U+0447)
               not set up for use with LaTeX.

See the LaTeX manual or LaTeX Companion for explanation.
Type  H <return>  for immediate help.
 ...                                              
                                                  
l.14 –ê –¶–∏—Ü–µ—Ä–æ–Ω–∞ –Ω–µ —á
                                –∏—Ç–∞–ª,
You may provide a definition with
\DeclareUnicodeCharacter 


! LaTeX Error: Unicode character –∏ (U+0438)
               not set up for use with LaTeX.

See the LaTeX manual or LaTeX Companion for explanation.
Type  H <return>  for immediate help.
 ...                                              
                                                  
l.14 –ê –¶–∏—Ü–µ—Ä–æ–Ω–∞ –Ω–µ —á–∏
                                  —Ç–∞–ª,
You may provide a definition with
\DeclareUnicodeCharacter 


! LaTeX Error: Unicode character —Ç (U+0442)
               not set up for use with LaTeX.

See the LaTeX manual or LaTeX Companion for explanation.
Type  H <return>  for immediate help.
 ...                                              
                                                  
l.14 –ê –¶–∏—Ü–µ—Ä–æ–Ω–∞ –Ω–µ —á–∏—Ç
                                    –∞–ª,
You may provide a definition with
\DeclareUnicodeCharacter 


! LaTeX Error: Unicode character –∞ (U+0430)
               not set up for use with LaTeX.

See the LaTeX manual or LaTeX Companion for explanation.
Type  H <return>  for immediate help.
 ...                                              
                                                  
l.14 –ê –¶–∏—Ü–µ—Ä–æ–Ω–∞ –Ω–µ —á–∏—Ç–∞
                                      –ª,
You may provide a definition with
\DeclareUnicodeCharacter 


! LaTeX Error: Unicode character –ª (U+043B)
               not set up for use with LaTeX.

See the LaTeX manual or LaTeX Companion for explanation.
Type  H <return>  for immediate help.
 ...                                              
                                                  
l.14 –ê –¶–∏—Ü–µ—Ä–æ–Ω–∞ –Ω–µ —á–∏—Ç–∞–ª
                                        ,
You may provide a definition with
\DeclareUnicodeCharacter 

Missing character: There is no , in font nullfont!

! LaTeX Error: Unicode character –í (U+0412)
               not set up for use with LaTeX.

See the LaTeX manual or LaTeX Companion for explanation.
Type  H <return>  for immediate help.
 ...                                              
                                                  
l.15 –í
        —Ç–µ –¥–Ω–∏ –≤ —Ç–∞–∏–Ω—Å—Ç–≤–µ–Ω–Ω—ã—Ö –¥–æ–ª–∏–Ω–∞—Ö,
You may provide a definition with
\DeclareUnicodeCharacter 


! LaTeX Error: Unicode character —Ç (U+0442)
               not set up for use with LaTeX.

See the LaTeX manual or LaTeX Companion for explanation.
Type  H <return>  for immediate help.
 ...                                              
                                                  
l.15 –í —Ç
          –µ –¥–Ω–∏ –≤ —Ç–∞–∏–Ω—Å—Ç–≤–µ–Ω–Ω—ã—Ö –¥–æ–ª–∏–Ω–∞—Ö,
You may provide a definition with
\DeclareUnicodeCharacter 


! LaTeX Error: Unicode character –µ (U+0435)
               not set up for use with LaTeX.

See the LaTeX manual or LaTeX Companion for explanation.
Type  H <return>  for immediate help.
 ...                                              
                                                  
l.15 –í —Ç–µ
             –¥–Ω–∏ –≤ —Ç–∞–∏–Ω—Å—Ç–≤–µ–Ω–Ω—ã—Ö –¥–æ–ª–∏–Ω–∞—Ö,
You may provide a definition with
\DeclareUnicodeCharacter 


! LaTeX Error: Unicode character –¥ (U+0434)
               not set up for use with LaTeX.

See the LaTeX manual or LaTeX Companion for explanation.
Type  H <return>  for immediate help.
 ...                                              
                                                  
l.15 –í —Ç–µ –¥
               –Ω–∏ –≤ —Ç–∞–∏–Ω—Å—Ç–≤–µ–Ω–Ω—ã—Ö –¥–æ–ª–∏–Ω–∞—Ö,
You may provide a definition with
\DeclareUnicodeCharacter 


! LaTeX Error: Unicode character –Ω (U+043D)
               not set up for use with LaTeX.

See the LaTeX manual or LaTeX Companion for explanation.
Type  H <return>  for immediate help.
 ...                                              
                                                  
l.15 –í —Ç–µ –¥–Ω
                 –∏ –≤ —Ç–∞–∏–Ω—Å—Ç–≤–µ–Ω–Ω—ã—Ö –¥–æ–ª–∏–Ω–∞—Ö,
You may provide a definition with
\DeclareUnicodeCharacter 


! LaTeX Error: Unicode character –∏ (U+0438)
               not set up for use with LaTeX.

See the LaTeX manual or LaTeX Companion for explanation.
Type  H <return>  for immediate help.
 ...                                              
                                                  
l.15 –í —Ç–µ –¥–Ω–∏
                    –≤ —Ç–∞–∏–Ω—Å—Ç–≤–µ–Ω–Ω—ã—Ö –¥–æ–ª–∏–Ω–∞—Ö,
You may provide a definition with
\DeclareUnicodeCharacter 


! LaTeX Error: Unicode character –≤ (U+0432)
               not set up for use with LaTeX.

See the LaTeX manual or LaTeX Companion for explanation.
Type  H <return>  for immediate help.
 ...                                              
                                                  
l.15 –í —Ç–µ –¥–Ω–∏ –≤
                       —Ç–∞–∏–Ω—Å—Ç–≤–µ–Ω–Ω—ã—Ö –¥–æ–ª–∏–Ω–∞—Ö,
You may provide a definition with
\DeclareUnicodeCharacter 


! LaTeX Error: Unicode character —Ç (U+0442)
               not set up for use with LaTeX.

See the LaTeX manual or LaTeX Companion for explanation.
Type  H <return>  for immediate help.
 ...                                              
                                                  
l.15 –í —Ç–µ –¥–Ω–∏ –≤ —Ç
                         –∞–∏–Ω—Å—Ç–≤–µ–Ω–Ω—ã—Ö –¥–æ–ª–∏–Ω–∞—Ö,
You may provide a definition with
\DeclareUnicodeCharacter 


! LaTeX Error: Unicode character –∞ (U+0430)
               not set up for use with LaTeX.

See the LaTeX manual or LaTeX Companion for explanation.
Type  H <return>  for immediate help.
 ...                                              
                                                  
l.15 –í —Ç–µ –¥–Ω–∏ –≤ —Ç–∞
                           –∏–Ω—Å—Ç–≤–µ–Ω–Ω—ã—Ö –¥–æ–ª–∏–Ω–∞—Ö,
You may provide a definition with
\DeclareUnicodeCharacter 


! LaTeX Error: Unicode character –∏ (U+0438)
               not set up for use with LaTeX.

See the LaTeX manual or LaTeX Companion for explanation.
Type  H <return>  for immediate help.
 ...                                              
                                                  
l.15 –í —Ç–µ –¥–Ω–∏ –≤ —Ç–∞–∏
                             –Ω—Å—Ç–≤–µ–Ω–Ω—ã—Ö –¥–æ–ª–∏–Ω–∞—Ö,
You may provide a definition with
\DeclareUnicodeCharacter 


! LaTeX Error: Unicode character –Ω (U+043D)
               not set up for use with LaTeX.

See the LaTeX manual or LaTeX Companion for explanation.
Type  H <return>  for immediate help.
 ...                                              
                                                  
l.15 –í —Ç–µ –¥–Ω–∏ –≤ —Ç–∞–∏–Ω
                               —Å—Ç–≤–µ–Ω–Ω—ã—Ö –¥–æ–ª–∏–Ω–∞—Ö,
You may provide a definition with
\DeclareUnicodeCharacter 


! LaTeX Error: Unicode character —Å (U+0441)
               not set up for use with LaTeX.

See the LaTeX manual or LaTeX Companion for explanation.
Type  H <return>  for immediate help.
 ...                                              
                                                  
l.15 –í —Ç–µ –¥–Ω–∏ –≤ —Ç–∞–∏–Ω—Å
                                 —Ç–≤–µ–Ω–Ω—ã—Ö –¥–æ–ª–∏–Ω–∞—Ö,
You may provide a definition with
\DeclareUnicodeCharacter 


! LaTeX Error: Unicode character —Ç (U+0442)
               not set up for use with LaTeX.

See the LaTeX manual or LaTeX Companion for explanation.
Type  H <return>  for immediate help.
 ...                                              
                                                  
l.15 –í —Ç–µ –¥–Ω–∏ –≤ —Ç–∞–∏–Ω—Å—Ç
                                   –≤–µ–Ω–Ω—ã—Ö –¥–æ–ª–∏–Ω–∞—Ö,
You may provide a definition with
\DeclareUnicodeCharacter 


! LaTeX Error: Unicode character –≤ (U+0432)
               not set up for use with LaTeX.

See the LaTeX manual or LaTeX Companion for explanation.
Type  H <return>  for immediate help.
 ...                                              
                                                  
l.15 –í —Ç–µ –¥–Ω–∏ –≤ —Ç–∞–∏–Ω—Å—Ç–≤
                                     –µ–Ω–Ω—ã—Ö –¥–æ–ª–∏–Ω–∞—Ö,
You may provide a definition with
\DeclareUnicodeCharacter 


! LaTeX Error: Unicode character –µ (U+0435)
               not set up for use with LaTeX.

See the LaTeX manual or LaTeX Companion for explanation.
Type  H <return>  for immediate help.
 ...                                              
                                                  
l.15 –í —Ç–µ –¥–Ω–∏ –≤ —Ç–∞–∏–Ω—Å—Ç–≤–µ
                                       –Ω–Ω—ã—Ö –¥–æ–ª–∏–Ω–∞—Ö,
You may provide a definition with
\DeclareUnicodeCharacter 


! LaTeX Error: Unicode character –Ω (U+043D)
               not set up for use with LaTeX.

See the LaTeX manual or LaTeX Companion for explanation.
Type  H <return>  for immediate help.
 ...                                              
                                                  
l.15 –í —Ç–µ –¥–Ω–∏ –≤ —Ç–∞–∏–Ω—Å—Ç–≤–µ–Ω
                                         –Ω—ã—Ö –¥–æ–ª–∏–Ω–∞—Ö,
You may provide a definition with
\DeclareUnicodeCharacter 


! LaTeX Error: Unicode character –Ω (U+043D)
               not set up for use with LaTeX.

See the LaTeX manual or LaTeX Companion for explanation.
Type  H <return>  for immediate help.
 ...                                              
                                                  
l.15 –í —Ç–µ –¥–Ω–∏ –≤ —Ç–∞–∏–Ω—Å—Ç–≤–µ–Ω–Ω
                                           —ã—Ö –¥–æ–ª–∏–Ω–∞—Ö,
You may provide a definition with
\DeclareUnicodeCharacter 


! LaTeX Error: Unicode character —ã (U+044B)
               not set up for use with LaTeX.

See the LaTeX manual or LaTeX Companion for explanation.
Type  H <return>  for immediate help.
 ...                                              
                                                  
l.15 –í —Ç–µ –¥–Ω–∏ –≤ —Ç–∞–∏–Ω—Å—Ç–≤–µ–Ω–Ω—ã
                                             —Ö –¥–æ–ª–∏–Ω–∞—Ö,
You may provide a definition with
\DeclareUnicodeCharacter 


! LaTeX Error: Unicode character —Ö (U+0445)
               not set up for use with LaTeX.

See the LaTeX manual or LaTeX Companion for explanation.
Type  H <return>  for immediate help.
 ...                                              
                                                  
l.15 –í —Ç–µ –¥–Ω–∏ –≤ —Ç–∞–∏–Ω—Å—Ç–≤–µ–Ω–Ω—ã—Ö
                                                –¥–æ–ª–∏–Ω–∞—Ö,
You may provide a definition with
\DeclareUnicodeCharacter 


! LaTeX Error: Unicode character –¥ (U+0434)
               not set up for use with LaTeX.

See the LaTeX manual or LaTeX Companion for explanation.
Type  H <return>  for immediate help.
 ...                                              
                                                  
l.15 –í —Ç–µ –¥–Ω–∏ –≤ —Ç–∞–∏–Ω—Å—Ç–≤–µ–Ω–Ω—ã—Ö –¥
                                                  –æ–ª–∏–Ω–∞—Ö,
You may provide a definition with
\DeclareUnicodeCharacter 


! LaTeX Error: Unicode character –æ (U+043E)
               not set up for use with LaTeX.

See the LaTeX manual or LaTeX Companion for explanation.
Type  H <return>  for immediate help.
 ...                                              
                                                  
l.15 ...–µ –¥–Ω–∏ –≤ —Ç–∞–∏–Ω—Å—Ç–≤–µ–Ω–Ω—ã—Ö –¥–æ
                                                  –ª–∏–Ω–∞—Ö,
You may provide a definition with
\DeclareUnicodeCharacter 


! LaTeX Error: Unicode character –ª (U+043B)
               not set up for use with LaTeX.

See the LaTeX manual or LaTeX Companion for explanation.
Type  H <return>  for immediate help.
 ...                                              
                                                  
l.15 ... –¥–Ω–∏ –≤ —Ç–∞–∏–Ω—Å—Ç–≤–µ–Ω–Ω—ã—Ö –¥–æ–ª
                                                  –∏–Ω–∞—Ö,
You may provide a definition with
\DeclareUnicodeCharacter 


! LaTeX Error: Unicode character –∏ (U+0438)
               not set up for use with LaTeX.

See the LaTeX manual or LaTeX Companion for explanation.
Type  H <return>  for immediate help.
 ...                                              
                                                  
l.15 ...¥–Ω–∏ –≤ —Ç–∞–∏–Ω—Å—Ç–≤–µ–Ω–Ω—ã—Ö –¥–æ–ª–∏
                                                  –Ω–∞—Ö,
You may provide a definition with
\DeclareUnicodeCharacter 


! LaTeX Error: Unicode character –Ω (U+043D)
               not set up for use with LaTeX.

See the LaTeX manual or LaTeX Companion for explanation.
Type  H <return>  for immediate help.
 ...                                              
                                                  
l.15 ...Ω–∏ –≤ —Ç–∞–∏–Ω—Å—Ç–≤–µ–Ω–Ω—ã—Ö –¥–æ–ª–∏–Ω
                                                  –∞—Ö,
You may provide a definition with
\DeclareUnicodeCharacter 


! LaTeX Error: Unicode character –∞ (U+0430)
               not set up for use with LaTeX.

See the LaTeX manual or LaTeX Companion for explanation.
Type  H <return>  for immediate help.
 ...                                              
                                                  
l.15 ...∏ –≤ —Ç–∞–∏–Ω—Å—Ç–≤–µ–Ω–Ω—ã—Ö –¥–æ–ª–∏–Ω–∞
                                                  —Ö,
You may provide a definition with
\DeclareUnicodeCharacter 


! LaTeX Error: Unicode character —Ö (U+0445)
               not set up for use with LaTeX.

See the LaTeX manual or LaTeX Companion for explanation.
Type  H <return>  for immediate help.
 ...                                              
                                                  
l.15 ...–≤ —Ç–∞–∏–Ω—Å—Ç–≤–µ–Ω–Ω—ã—Ö –¥–æ–ª–∏–Ω–∞—Ö
                                                  ,
You may provide a definition with
\DeclareUnicodeCharacter 

Missing character: There is no , in font nullfont!

! LaTeX Error: Unicode character –í (U+0412)
               not set up for use with LaTeX.

See the LaTeX manual or LaTeX Companion for explanation.
Type  H <return>  for immediate help.
 ...                                              
                                                  
l.16 –í
       –µ—Å–Ω–æ–π, –ø—Ä–∏ –∫–ª–∏–∫–∞—Ö –ª–µ–±–µ–¥–∏–Ω—ã—Ö,
You may provide a definition with
\DeclareUnicodeCharacter 


! LaTeX Error: Unicode character –µ (U+0435)
               not set up for use with LaTeX.

See the LaTeX manual or LaTeX Companion for explanation.
Type  H <return>  for immediate help.
 ...                                              
                                                  
l.16 –í–µ
         —Å–Ω–æ–π, –ø—Ä–∏ –∫–ª–∏–∫–∞—Ö –ª–µ–±–µ–¥–∏–Ω—ã—Ö,
You may provide a definition with
\DeclareUnicodeCharacter 


! LaTeX Error: Unicode character —Å (U+0441)
               not set up for use with LaTeX.

See the LaTeX manual or LaTeX Companion for explanation.
Type  H <return>  for immediate help.
 ...                                              
                                                  
l.16 –í–µ—Å
           –Ω–æ–π, –ø—Ä–∏ –∫–ª–∏–∫–∞—Ö –ª–µ–±–µ–¥–∏–Ω—ã—Ö,
You may provide a definition with
\DeclareUnicodeCharacter 


! LaTeX Error: Unicode character –Ω (U+043D)
               not set up for use with LaTeX.

See the LaTeX manual or LaTeX Companion for explanation.
Type  H <return>  for immediate help.
 ...                                              
                                                  
l.16 –í–µ—Å–Ω
             –æ–π, –ø—Ä–∏ –∫–ª–∏–∫–∞—Ö –ª–µ–±–µ–¥–∏–Ω—ã—Ö,
(That makes 100 errors; please try again.) 
Here is how much of TeX's memory you used:
 51 strings out of 475021
 764 string characters out of 5768997
 1922975 words of memory out of 5000000
 22206 multiletter control sequences out of 15000+600000
 558415 words of font info for 37 fonts, out of 8000000 for 9000
 788 hyphenation exceptions out of 8191
 18i,1n,20p,127b,63s stack positions out of 10000i,1000n,20000p,200000b,200000s

!  ==> Fatal error occurred, no output PDF file produced!
