This is pdfTeX, Version 3.141592653-2.6-1.40.25 (MiKTeX 24.1) (preloaded format=pdflatex 2024.12.7)  16 DEC 2024 17:43
entering extended mode
 restricted \write18 enabled.
 %&-line parsing enabled.
**./appendice.tex
(appendice.tex
LaTeX2e <2023-11-01> patch level 1
L3 programming layer <2024-01-04>
! Undefined control sequence.
l.1 \appendix
              % Inizia l'appendice
The control sequence at the end of the top line
of your error message was never \def'ed. If you have
misspelled it (e.g., `\hobx'), type `I' and the correct
spelling (e.g., `I\hbox'). Otherwise just continue,
and I'll forget about whatever was undefined.

! Undefined control sequence.
l.2 \chapter
            {Appendice}
The control sequence at the end of the top line
of your error message was never \def'ed. If you have
misspelled it (e.g., `\hobx'), type `I' and the correct
spelling (e.g., `I\hbox'). Otherwise just continue,
and I'll forget about whatever was undefined.


! LaTeX Error: Missing \begin{document}.

See the LaTeX manual or LaTeX Companion for explanation.
Type  H <return>  for immediate help.
 ...                                              
                                                  
l.2 \chapter{A
              ppendice}
You're in trouble here.  Try typing  <return>  to proceed.
If that doesn't work, type  X <return>  to quit.

Missing character: There is no A in font nullfont!
Missing character: There is no p in font nullfont!
Missing character: There is no p in font nullfont!
Missing character: There is no e in font nullfont!
Missing character: There is no n in font nullfont!
Missing character: There is no d in font nullfont!
Missing character: There is no i in font nullfont!
Missing character: There is no c in font nullfont!
Missing character: There is no e in font nullfont!
! Undefined control sequence.
l.3 \section
            {8 –≥–ª–∞–≤–∞}
The control sequence at the end of the top line
of your error message was never \def'ed. If you have
misspelled it (e.g., `\hobx'), type `I' and the correct
spelling (e.g., `I\hbox'). Otherwise just continue,
and I'll forget about whatever was undefined.

Missing character: There is no 8 in font nullfont!

! LaTeX Error: Unicode character –≥ (U+0433)
               not set up for use with LaTeX.

See the LaTeX manual or LaTeX Companion for explanation.
Type  H <return>  for immediate help.
 ...                                              
                                                  
l.3 \section{8 –≥
                 –ª–∞–≤–∞}
You may provide a definition with
\DeclareUnicodeCharacter 


! LaTeX Error: Unicode character –ª (U+043B)
               not set up for use with LaTeX.

See the LaTeX manual or LaTeX Companion for explanation.
Type  H <return>  for immediate help.
 ...                                              
                                                  
l.3 \section{8 –≥–ª
                   –∞–≤–∞}
You may provide a definition with
\DeclareUnicodeCharacter 


! LaTeX Error: Unicode character –∞ (U+0430)
               not set up for use with LaTeX.

See the LaTeX manual or LaTeX Companion for explanation.
Type  H <return>  for immediate help.
 ...                                              
                                                  
l.3 \section{8 –≥–ª–∞
                     –≤–∞}
You may provide a definition with
\DeclareUnicodeCharacter 


! LaTeX Error: Unicode character –≤ (U+0432)
               not set up for use with LaTeX.

See the LaTeX manual or LaTeX Companion for explanation.
Type  H <return>  for immediate help.
 ...                                              
                                                  
l.3 \section{8 –≥–ª–∞–≤
                       –∞}
You may provide a definition with
\DeclareUnicodeCharacter 


! LaTeX Error: Unicode character –∞ (U+0430)
               not set up for use with LaTeX.

See the LaTeX manual or LaTeX Companion for explanation.
Type  H <return>  for immediate help.
 ...                                              
                                                  
l.3 \section{8 –≥–ª–∞–≤–∞
                         }
You may provide a definition with
\DeclareUnicodeCharacter 


! LaTeX Error: Unicode character –≤ (U+0432)
               not set up for use with LaTeX.

See the LaTeX manual or LaTeX Companion for explanation.
Type  H <return>  for immediate help.
 ...                                              
                                                  
l.4 –≤
      –æ—Å—å–º–æ–π –≥–ª–∞–≤–µ –ü –æ—Ç–∫–∞–∑–∞–ª—Å—è –æ—Ç –∏—Å–ø–æ–ª—å–∑–æ–≤–...

You may provide a definition with
\DeclareUnicodeCharacter 


! LaTeX Error: Unicode character –æ (U+043E)
               not set up for use with LaTeX.

See the LaTeX manual or LaTeX Companion for explanation.
Type  H <return>  for immediate help.
 ...                                              
                                                  
l.4 –≤–æ
        —Å—å–º–æ–π –≥–ª–∞–≤–µ –ü –æ—Ç–∫–∞–∑–∞–ª—Å—è –æ—Ç –∏—Å–ø–æ–ª—å–∑–æ–≤–...

You may provide a definition with
\DeclareUnicodeCharacter 


! LaTeX Error: Unicode character —Å (U+0441)
               not set up for use with LaTeX.

See the LaTeX manual or LaTeX Companion for explanation.
Type  H <return>  for immediate help.
 ...                                              
                                                  
l.4 –≤–æ—Å
          —å–º–æ–π –≥–ª–∞–≤–µ –ü –æ—Ç–∫–∞–∑–∞–ª—Å—è –æ—Ç –∏—Å–ø–æ–ª—å–∑–æ–≤–...

You may provide a definition with
\DeclareUnicodeCharacter 


! LaTeX Error: Unicode character —å (U+044C)
               not set up for use with LaTeX.

See the LaTeX manual or LaTeX Companion for explanation.
Type  H <return>  for immediate help.
 ...                                              
                                                  
l.4 –≤–æ—Å—å
            –º–æ–π –≥–ª–∞–≤–µ –ü –æ—Ç–∫–∞–∑–∞–ª—Å—è –æ—Ç –∏—Å–ø–æ–ª—å–∑–æ–≤–...

You may provide a definition with
\DeclareUnicodeCharacter 


! LaTeX Error: Unicode character –º (U+043C)
               not set up for use with LaTeX.

See the LaTeX manual or LaTeX Companion for explanation.
Type  H <return>  for immediate help.
 ...                                              
                                                  
l.4 –≤–æ—Å—å–º
              –æ–π –≥–ª–∞–≤–µ –ü –æ—Ç–∫–∞–∑–∞–ª—Å—è –æ—Ç –∏—Å–ø–æ–ª—å–∑–æ–≤–...

You may provide a definition with
\DeclareUnicodeCharacter 


! LaTeX Error: Unicode character –æ (U+043E)
               not set up for use with LaTeX.

See the LaTeX manual or LaTeX Companion for explanation.
Type  H <return>  for immediate help.
 ...                                              
                                                  
l.4 –≤–æ—Å—å–º–æ
                –π –≥–ª–∞–≤–µ –ü –æ—Ç–∫–∞–∑–∞–ª—Å—è –æ—Ç –∏—Å–ø–æ–ª—å–∑–æ–≤–...

You may provide a definition with
\DeclareUnicodeCharacter 


! LaTeX Error: Unicode character –π (U+0439)
               not set up for use with LaTeX.

See the LaTeX manual or LaTeX Companion for explanation.
Type  H <return>  for immediate help.
 ...                                              
                                                  
l.4 –≤–æ—Å—å–º–æ–π
                   –≥–ª–∞–≤–µ –ü –æ—Ç–∫–∞–∑–∞–ª—Å—è –æ—Ç –∏—Å–ø–æ–ª—å–∑–æ–≤–...

You may provide a definition with
\DeclareUnicodeCharacter 


! LaTeX Error: Unicode character –≥ (U+0433)
               not set up for use with LaTeX.

See the LaTeX manual or LaTeX Companion for explanation.
Type  H <return>  for immediate help.
 ...                                              
                                                  
l.4 –≤–æ—Å—å–º–æ–π –≥
                     –ª–∞–≤–µ –ü –æ—Ç–∫–∞–∑–∞–ª—Å—è –æ—Ç –∏—Å–ø–æ–ª—å–∑–æ–≤–...

You may provide a definition with
\DeclareUnicodeCharacter 


! LaTeX Error: Unicode character –ª (U+043B)
               not set up for use with LaTeX.

See the LaTeX manual or LaTeX Companion for explanation.
Type  H <return>  for immediate help.
 ...                                              
                                                  
l.4 –≤–æ—Å—å–º–æ–π –≥–ª
                       –∞–≤–µ –ü –æ—Ç–∫–∞–∑–∞–ª—Å—è –æ—Ç –∏—Å–ø–æ–ª—å–∑–æ–≤–...

You may provide a definition with
\DeclareUnicodeCharacter 


! LaTeX Error: Unicode character –∞ (U+0430)
               not set up for use with LaTeX.

See the LaTeX manual or LaTeX Companion for explanation.
Type  H <return>  for immediate help.
 ...                                              
                                                  
l.4 –≤–æ—Å—å–º–æ–π –≥–ª–∞
                         –≤–µ –ü –æ—Ç–∫–∞–∑–∞–ª—Å—è –æ—Ç –∏—Å–ø–æ–ª—å–∑–æ–≤–...

You may provide a definition with
\DeclareUnicodeCharacter 


! LaTeX Error: Unicode character –≤ (U+0432)
               not set up for use with LaTeX.

See the LaTeX manual or LaTeX Companion for explanation.
Type  H <return>  for immediate help.
 ...                                              
                                                  
l.4 –≤–æ—Å—å–º–æ–π –≥–ª–∞–≤
                           –µ –ü –æ—Ç–∫–∞–∑–∞–ª—Å—è –æ—Ç –∏—Å–ø–æ–ª—å–∑–æ–≤–...

You may provide a definition with
\DeclareUnicodeCharacter 


! LaTeX Error: Unicode character –µ (U+0435)
               not set up for use with LaTeX.

See the LaTeX manual or LaTeX Companion for explanation.
Type  H <return>  for immediate help.
 ...                                              
                                                  
l.4 –≤–æ—Å—å–º–æ–π –≥–ª–∞–≤–µ
                              –ü –æ—Ç–∫–∞–∑–∞–ª—Å—è –æ—Ç –∏—Å–ø–æ–ª—å–∑–æ–≤–...

You may provide a definition with
\DeclareUnicodeCharacter 


! LaTeX Error: Unicode character –ü (U+041F)
               not set up for use with LaTeX.

See the LaTeX manual or LaTeX Companion for explanation.
Type  H <return>  for immediate help.
 ...                                              
                                                  
l.4 –≤–æ—Å—å–º–æ–π –≥–ª–∞–≤–µ –ü
                                 –æ—Ç–∫–∞–∑–∞–ª—Å—è –æ—Ç –∏—Å–ø–æ–ª—å–∑–æ–≤–...

You may provide a definition with
\DeclareUnicodeCharacter 


! LaTeX Error: Unicode character –æ (U+043E)
               not set up for use with LaTeX.

See the LaTeX manual or LaTeX Companion for explanation.
Type  H <return>  for immediate help.
 ...                                              
                                                  
l.4 –≤–æ—Å—å–º–æ–π –≥–ª–∞–≤–µ –ü –æ
                                   —Ç–∫–∞–∑–∞–ª—Å—è –æ—Ç –∏—Å–ø–æ–ª—å–∑–æ–≤–...

You may provide a definition with
\DeclareUnicodeCharacter 


! LaTeX Error: Unicode character —Ç (U+0442)
               not set up for use with LaTeX.

See the LaTeX manual or LaTeX Companion for explanation.
Type  H <return>  for immediate help.
 ...                                              
                                                  
l.4 –≤–æ—Å—å–º–æ–π –≥–ª–∞–≤–µ –ü –æ—Ç
                                     –∫–∞–∑–∞–ª—Å—è –æ—Ç –∏—Å–ø–æ–ª—å–∑–æ–≤–...

You may provide a definition with
\DeclareUnicodeCharacter 


! LaTeX Error: Unicode character –∫ (U+043A)
               not set up for use with LaTeX.

See the LaTeX manual or LaTeX Companion for explanation.
Type  H <return>  for immediate help.
 ...                                              
                                                  
l.4 –≤–æ—Å—å–º–æ–π –≥–ª–∞–≤–µ –ü –æ—Ç–∫
                                       –∞–∑–∞–ª—Å—è –æ—Ç –∏—Å–ø–æ–ª—å–∑–æ–≤–...

You may provide a definition with
\DeclareUnicodeCharacter 


! LaTeX Error: Unicode character –∞ (U+0430)
               not set up for use with LaTeX.

See the LaTeX manual or LaTeX Companion for explanation.
Type  H <return>  for immediate help.
 ...                                              
                                                  
l.4 –≤–æ—Å—å–º–æ–π –≥–ª–∞–≤–µ –ü –æ—Ç–∫–∞
                                         –∑–∞–ª—Å—è –æ—Ç –∏—Å–ø–æ–ª—å–∑–æ–≤–...

You may provide a definition with
\DeclareUnicodeCharacter 


! LaTeX Error: Unicode character –∑ (U+0437)
               not set up for use with LaTeX.

See the LaTeX manual or LaTeX Companion for explanation.
Type  H <return>  for immediate help.
 ...                                              
                                                  
l.4 –≤–æ—Å—å–º–æ–π –≥–ª–∞–≤–µ –ü –æ—Ç–∫–∞–∑
                                           –∞–ª—Å—è –æ—Ç –∏—Å–ø–æ–ª—å–∑–æ–≤–...

You may provide a definition with
\DeclareUnicodeCharacter 


! LaTeX Error: Unicode character –∞ (U+0430)
               not set up for use with LaTeX.

See the LaTeX manual or LaTeX Companion for explanation.
Type  H <return>  for immediate help.
 ...                                              
                                                  
l.4 –≤–æ—Å—å–º–æ–π –≥–ª–∞–≤–µ –ü –æ—Ç–∫–∞–∑–∞
                                             –ª—Å—è –æ—Ç –∏—Å–ø–æ–ª—å–∑–æ–≤–...

You may provide a definition with
\DeclareUnicodeCharacter 


! LaTeX Error: Unicode character –ª (U+043B)
               not set up for use with LaTeX.

See the LaTeX manual or LaTeX Companion for explanation.
Type  H <return>  for immediate help.
 ...                                              
                                                  
l.4 –≤–æ—Å—å–º–æ–π –≥–ª–∞–≤–µ –ü –æ—Ç–∫–∞–∑–∞–ª
                                               —Å—è –æ—Ç –∏—Å–ø–æ–ª—å–∑–æ–≤–...

You may provide a definition with
\DeclareUnicodeCharacter 


! LaTeX Error: Unicode character —Å (U+0441)
               not set up for use with LaTeX.

See the LaTeX manual or LaTeX Companion for explanation.
Type  H <return>  for immediate help.
 ...                                              
                                                  
l.4 –≤–æ—Å—å–º–æ–π –≥–ª–∞–≤–µ –ü –æ—Ç–∫–∞–∑–∞–ª—Å
                                                 —è –æ—Ç –∏—Å–ø–æ–ª—å–∑–æ–≤–...

You may provide a definition with
\DeclareUnicodeCharacter 


! LaTeX Error: Unicode character —è (U+044F)
               not set up for use with LaTeX.

See the LaTeX manual or LaTeX Companion for explanation.
Type  H <return>  for immediate help.
 ...                                              
                                                  
l.4 ...—Å—å–º–æ–π –≥–ª–∞–≤–µ –ü –æ—Ç–∫–∞–∑–∞–ª—Å—è
                                                   –æ—Ç –∏—Å–ø–æ–ª—å–∑–æ–≤–∞...

You may provide a definition with
\DeclareUnicodeCharacter 


! LaTeX Error: Unicode character –æ (U+043E)
               not set up for use with LaTeX.

See the LaTeX manual or LaTeX Companion for explanation.
Type  H <return>  for immediate help.
 ...                                              
                                                  
l.4 ...å–º–æ–π –≥–ª–∞–≤–µ –ü –æ—Ç–∫–∞–∑–∞–ª—Å—è –æ
                                                  —Ç –∏—Å–ø–æ–ª—å–∑–æ–≤–∞–Ω–...

You may provide a definition with
\DeclareUnicodeCharacter 


! LaTeX Error: Unicode character —Ç (U+0442)
               not set up for use with LaTeX.

See the LaTeX manual or LaTeX Companion for explanation.
Type  H <return>  for immediate help.
 ...                                              
                                                  
l.4 ...º–æ–π –≥–ª–∞–≤–µ –ü –æ—Ç–∫–∞–∑–∞–ª—Å—è –æ—Ç
                                                   –∏—Å–ø–æ–ª—å–∑–æ–≤–∞–Ω–Ω–...

You may provide a definition with
\DeclareUnicodeCharacter 


! LaTeX Error: Unicode character –∏ (U+0438)
               not set up for use with LaTeX.

See the LaTeX manual or LaTeX Companion for explanation.
Type  H <return>  for immediate help.
 ...                                              
                                                  
l.4 ...–π –≥–ª–∞–≤–µ –ü –æ—Ç–∫–∞–∑–∞–ª—Å—è –æ—Ç –∏
                                                  —Å–ø–æ–ª—å–∑–æ–≤–∞–Ω–Ω–æ–≥...

You may provide a definition with
\DeclareUnicodeCharacter 


! LaTeX Error: Unicode character —Å (U+0441)
               not set up for use with LaTeX.

See the LaTeX manual or LaTeX Companion for explanation.
Type  H <return>  for immediate help.
 ...                                              
                                                  
l.4 ... –≥–ª–∞–≤–µ –ü –æ—Ç–∫–∞–∑–∞–ª—Å—è –æ—Ç –∏—Å
                                                  –ø–æ–ª—å–∑–æ–≤–∞–Ω–Ω–æ–≥–æ...

You may provide a definition with
\DeclareUnicodeCharacter 


! LaTeX Error: Unicode character –ø (U+043F)
               not set up for use with LaTeX.

See the LaTeX manual or LaTeX Companion for explanation.
Type  H <return>  for immediate help.
 ...                                              
                                                  
l.4 ...≥–ª–∞–≤–µ –ü –æ—Ç–∫–∞–∑–∞–ª—Å—è –æ—Ç –∏—Å–ø
                                                  –æ–ª—å–∑–æ–≤–∞–Ω–Ω–æ–≥–æ –...

You may provide a definition with
\DeclareUnicodeCharacter 


! LaTeX Error: Unicode character –æ (U+043E)
               not set up for use with LaTeX.

See the LaTeX manual or LaTeX Companion for explanation.
Type  H <return>  for immediate help.
 ...                                              
                                                  
l.4 ...ª–∞–≤–µ –ü –æ—Ç–∫–∞–∑–∞–ª—Å—è –æ—Ç –∏—Å–ø–æ
                                                  –ª—å–∑–æ–≤–∞–Ω–Ω–æ–≥–æ –∏–...

You may provide a definition with
\DeclareUnicodeCharacter 


! LaTeX Error: Unicode character –ª (U+043B)
               not set up for use with LaTeX.

See the LaTeX manual or LaTeX Companion for explanation.
Type  H <return>  for immediate help.
 ...                                              
                                                  
l.4 ...∞–≤–µ –ü –æ—Ç–∫–∞–∑–∞–ª—Å—è –æ—Ç –∏—Å–ø–æ–ª
                                                  —å–∑–æ–≤–∞–Ω–Ω–æ–≥–æ –∏–º ...

You may provide a definition with
\DeclareUnicodeCharacter 


! LaTeX Error: Unicode character —å (U+044C)
               not set up for use with LaTeX.

See the LaTeX manual or LaTeX Companion for explanation.
Type  H <return>  for immediate help.
 ...                                              
                                                  
l.4 ...≤–µ –ü –æ—Ç–∫–∞–∑–∞–ª—Å—è –æ—Ç –∏—Å–ø–æ–ª—å
                                                  –∑–æ–≤–∞–Ω–Ω–æ–≥–æ –∏–º –≤...

You may provide a definition with
\DeclareUnicodeCharacter 


! LaTeX Error: Unicode character –∑ (U+0437)
               not set up for use with LaTeX.

See the LaTeX manual or LaTeX Companion for explanation.
Type  H <return>  for immediate help.
 ...                                              
                                                  
l.4 ...µ –ü –æ—Ç–∫–∞–∑–∞–ª—Å—è –æ—Ç –∏—Å–ø–æ–ª—å–∑
                                                  –æ–≤–∞–Ω–Ω–æ–≥–æ –∏–º –≤ –...

You may provide a definition with
\DeclareUnicodeCharacter 


! LaTeX Error: Unicode character –æ (U+043E)
               not set up for use with LaTeX.

See the LaTeX manual or LaTeX Companion for explanation.
Type  H <return>  for immediate help.
 ...                                              
                                                  
l.4 ...–ü –æ—Ç–∫–∞–∑–∞–ª—Å—è –æ—Ç –∏—Å–ø–æ–ª—å–∑–æ
                                                  –≤–∞–Ω–Ω–æ–≥–æ –∏–º –≤ –ø—...

You may provide a definition with
\DeclareUnicodeCharacter 


! LaTeX Error: Unicode character –≤ (U+0432)
               not set up for use with LaTeX.

See the LaTeX manual or LaTeX Companion for explanation.
Type  H <return>  for immediate help.
 ...                                              
                                                  
l.4 ... –æ—Ç–∫–∞–∑–∞–ª—Å—è –æ—Ç –∏—Å–ø–æ–ª—å–∑–æ–≤
                                                  –∞–Ω–Ω–æ–≥–æ –∏–º –≤ –ø—Ä–...

You may provide a definition with
\DeclareUnicodeCharacter 


! LaTeX Error: Unicode character –∞ (U+0430)
               not set up for use with LaTeX.

See the LaTeX manual or LaTeX Companion for explanation.
Type  H <return>  for immediate help.
 ...                                              
                                                  
l.4 ...æ—Ç–∫–∞–∑–∞–ª—Å—è –æ—Ç –∏—Å–ø–æ–ª—å–∑–æ–≤–∞
                                                  –Ω–Ω–æ–≥–æ –∏–º –≤ –ø—Ä–µ–...

You may provide a definition with
\DeclareUnicodeCharacter 


! LaTeX Error: Unicode character –Ω (U+043D)
               not set up for use with LaTeX.

See the LaTeX manual or LaTeX Companion for explanation.
Type  H <return>  for immediate help.
 ...                                              
                                                  
l.4 ...Ç–∫–∞–∑–∞–ª—Å—è –æ—Ç –∏—Å–ø–æ–ª—å–∑–æ–≤–∞–Ω
                                                  –Ω–æ–≥–æ –∏–º –≤ –ø—Ä–µ–¥—...

You may provide a definition with
\DeclareUnicodeCharacter 


! LaTeX Error: Unicode character –Ω (U+043D)
               not set up for use with LaTeX.

See the LaTeX manual or LaTeX Companion for explanation.
Type  H <return>  for immediate help.
 ...                                              
                                                  
l.4 ...∫–∞–∑–∞–ª—Å—è –æ—Ç –∏—Å–ø–æ–ª—å–∑–æ–≤–∞–Ω–Ω
                                                  –æ–≥–æ –∏–º –≤ –ø—Ä–µ–¥—à–...

You may provide a definition with
\DeclareUnicodeCharacter 


! LaTeX Error: Unicode character –æ (U+043E)
               not set up for use with LaTeX.

See the LaTeX manual or LaTeX Companion for explanation.
Type  H <return>  for immediate help.
 ...                                              
                                                  
l.4 ...∞–∑–∞–ª—Å—è –æ—Ç –∏—Å–ø–æ–ª—å–∑–æ–≤–∞–Ω–Ω–æ
                                                  –≥–æ –∏–º –≤ –ø—Ä–µ–¥—à–µ—...

You may provide a definition with
\DeclareUnicodeCharacter 


! LaTeX Error: Unicode character –≥ (U+0433)
               not set up for use with LaTeX.

See the LaTeX manual or LaTeX Companion for explanation.
Type  H <return>  for immediate help.
 ...                                              
                                                  
l.4 ...∑–∞–ª—Å—è –æ—Ç –∏—Å–ø–æ–ª—å–∑–æ–≤–∞–Ω–Ω–æ–≥
                                                  –æ –∏–º –≤ –ø—Ä–µ–¥—à–µ—Å—...

You may provide a definition with
\DeclareUnicodeCharacter 


! LaTeX Error: Unicode character –æ (U+043E)
               not set up for use with LaTeX.

See the LaTeX manual or LaTeX Companion for explanation.
Type  H <return>  for immediate help.
 ...                                              
                                                  
l.4 ...∞–ª—Å—è –æ—Ç –∏—Å–ø–æ–ª—å–∑–æ–≤–∞–Ω–Ω–æ–≥–æ
                                                   –∏–º –≤ –ø—Ä–µ–¥—à–µ—Å—Ç–...

You may provide a definition with
\DeclareUnicodeCharacter 


! LaTeX Error: Unicode character –∏ (U+0438)
               not set up for use with LaTeX.

See the LaTeX manual or LaTeX Companion for explanation.
Type  H <return>  for immediate help.
 ...                                              
                                                  
l.4 ...—Å—è –æ—Ç –∏—Å–ø–æ–ª—å–∑–æ–≤–∞–Ω–Ω–æ–≥–æ –∏
                                                  –º –≤ –ø—Ä–µ–¥—à–µ—Å—Ç–≤—É...

You may provide a definition with
\DeclareUnicodeCharacter 


! LaTeX Error: Unicode character –º (U+043C)
               not set up for use with LaTeX.

See the LaTeX manual or LaTeX Companion for explanation.
Type  H <return>  for immediate help.
 ...                                              
                                                  
l.4 ...—è –æ—Ç –∏—Å–ø–æ–ª—å–∑–æ–≤–∞–Ω–Ω–æ–≥–æ –∏–º
                                                   –≤ –ø—Ä–µ–¥—à–µ—Å—Ç–≤—É—é...

You may provide a definition with
\DeclareUnicodeCharacter 


! LaTeX Error: Unicode character –≤ (U+0432)
               not set up for use with LaTeX.

See the LaTeX manual or LaTeX Companion for explanation.
Type  H <return>  for immediate help.
 ...                                              
                                                  
l.4 ...–æ—Ç –∏—Å–ø–æ–ª—å–∑–æ–≤–∞–Ω–Ω–æ–≥–æ –∏–º –≤
                                                   –ø—Ä–µ–¥—à–µ—Å—Ç–≤—É—é—â–...

You may provide a definition with
\DeclareUnicodeCharacter 


! LaTeX Error: Unicode character –ø (U+043F)
               not set up for use with LaTeX.

See the LaTeX manual or LaTeX Companion for explanation.
Type  H <return>  for immediate help.
 ...                                              
                                                  
l.4 ...Ç –∏—Å–ø–æ–ª—å–∑–æ–≤–∞–Ω–Ω–æ–≥–æ –∏–º –≤ –ø
                                                  —Ä–µ–¥—à–µ—Å—Ç–≤—É—é—â–µ–π...

You may provide a definition with
\DeclareUnicodeCharacter 


! LaTeX Error: Unicode character —Ä (U+0440)
               not set up for use with LaTeX.

See the LaTeX manual or LaTeX Companion for explanation.
Type  H <return>  for immediate help.
 ...                                              
                                                  
l.4 ...–∏—Å–ø–æ–ª—å–∑–æ–≤–∞–Ω–Ω–æ–≥–æ –∏–º –≤ –ø—Ä
                                                  –µ–¥—à–µ—Å—Ç–≤—É—é—â–µ–π –...

You may provide a definition with
\DeclareUnicodeCharacter 


! LaTeX Error: Unicode character –µ (U+0435)
               not set up for use with LaTeX.

See the LaTeX manual or LaTeX Companion for explanation.
Type  H <return>  for immediate help.
 ...                                              
                                                  
l.4 ...—Å–ø–æ–ª—å–∑–æ–≤–∞–Ω–Ω–æ–≥–æ –∏–º –≤ –ø—Ä–µ
                                                  –¥—à–µ—Å—Ç–≤—É—é—â–µ–π –≥–...

You may provide a definition with
\DeclareUnicodeCharacter 


! LaTeX Error: Unicode character –¥ (U+0434)
               not set up for use with LaTeX.

See the LaTeX manual or LaTeX Companion for explanation.
Type  H <return>  for immediate help.
 ...                                              
                                                  
l.4 ...–ø–æ–ª—å–∑–æ–≤–∞–Ω–Ω–æ–≥–æ –∏–º –≤ –ø—Ä–µ–¥
                                                  —à–µ—Å—Ç–≤—É—é—â–µ–π –≥–ª–...

You may provide a definition with
\DeclareUnicodeCharacter 


! LaTeX Error: Unicode character —à (U+0448)
               not set up for use with LaTeX.

See the LaTeX manual or LaTeX Companion for explanation.
Type  H <return>  for immediate help.
 ...                                              
                                                  
l.4 ...–æ–ª—å–∑–æ–≤–∞–Ω–Ω–æ–≥–æ –∏–º –≤ –ø—Ä–µ–¥—à
                                                  –µ—Å—Ç–≤—É—é—â–µ–π –≥–ª–∞–...

You may provide a definition with
\DeclareUnicodeCharacter 


! LaTeX Error: Unicode character –µ (U+0435)
               not set up for use with LaTeX.

See the LaTeX manual or LaTeX Companion for explanation.
Type  H <return>  for immediate help.
 ...                                              
                                                  
l.4 ...–ª—å–∑–æ–≤–∞–Ω–Ω–æ–≥–æ –∏–º –≤ –ø—Ä–µ–¥—à–µ
                                                  —Å—Ç–≤—É—é—â–µ–π –≥–ª–∞–≤–...

You may provide a definition with
\DeclareUnicodeCharacter 


! LaTeX Error: Unicode character —Å (U+0441)
               not set up for use with LaTeX.

See the LaTeX manual or LaTeX Companion for explanation.
Type  H <return>  for immediate help.
 ...                                              
                                                  
l.4 ...—å–∑–æ–≤–∞–Ω–Ω–æ–≥–æ –∏–º –≤ –ø—Ä–µ–¥—à–µ—Å
                                                  —Ç–≤—É—é—â–µ–π –≥–ª–∞–≤–µ ...

You may provide a definition with
\DeclareUnicodeCharacter 


! LaTeX Error: Unicode character —Ç (U+0442)
               not set up for use with LaTeX.

See the LaTeX manual or LaTeX Companion for explanation.
Type  H <return>  for immediate help.
 ...                                              
                                                  
l.4 ...–∑–æ–≤–∞–Ω–Ω–æ–≥–æ –∏–º –≤ –ø—Ä–µ–¥—à–µ—Å—Ç
                                                  –≤—É—é—â–µ–π –≥–ª–∞–≤–µ –º...

You may provide a definition with
\DeclareUnicodeCharacter 


! LaTeX Error: Unicode character –≤ (U+0432)
               not set up for use with LaTeX.

See the LaTeX manual or LaTeX Companion for explanation.
Type  H <return>  for immediate help.
 ...                                              
                                                  
l.4 ...–æ–≤–∞–Ω–Ω–æ–≥–æ –∏–º –≤ –ø—Ä–µ–¥—à–µ—Å—Ç–≤
                                                  —É—é—â–µ–π –≥–ª–∞–≤–µ –º–µ...

You may provide a definition with
\DeclareUnicodeCharacter 


! LaTeX Error: Unicode character —É (U+0443)
               not set up for use with LaTeX.

See the LaTeX manual or LaTeX Companion for explanation.
Type  H <return>  for immediate help.
 ...                                              
                                                  
l.4 ...–≤–∞–Ω–Ω–æ–≥–æ –∏–º –≤ –ø—Ä–µ–¥—à–µ—Å—Ç–≤—É
                                                  —é—â–µ–π –≥–ª–∞–≤–µ –º–µ—Ç...

You may provide a definition with
\DeclareUnicodeCharacter 


! LaTeX Error: Unicode character —é (U+044E)
               not set up for use with LaTeX.

See the LaTeX manual or LaTeX Companion for explanation.
Type  H <return>  for immediate help.
 ...                                              
                                                  
l.4 ...–∞–Ω–Ω–æ–≥–æ –∏–º –≤ –ø—Ä–µ–¥—à–µ—Å—Ç–≤—É—é
                                                  —â–µ–π –≥–ª–∞–≤–µ –º–µ—Ç–æ...

You may provide a definition with
\DeclareUnicodeCharacter 


! LaTeX Error: Unicode character —â (U+0449)
               not set up for use with LaTeX.

See the LaTeX manual or LaTeX Companion for explanation.
Type  H <return>  for immediate help.
 ...                                              
                                                  
l.4 ...–Ω–Ω–æ–≥–æ –∏–º –≤ –ø—Ä–µ–¥—à–µ—Å—Ç–≤—É—é—â
                                                  –µ–π –≥–ª–∞–≤–µ –º–µ—Ç–æ–¥...

You may provide a definition with
\DeclareUnicodeCharacter 


! LaTeX Error: Unicode character –µ (U+0435)
               not set up for use with LaTeX.

See the LaTeX manual or LaTeX Companion for explanation.
Type  H <return>  for immediate help.
 ...                                              
                                                  
l.4 ...–Ω–æ–≥–æ –∏–º –≤ –ø—Ä–µ–¥—à–µ—Å—Ç–≤—É—é—â–µ
                                                  –π –≥–ª–∞–≤–µ –º–µ—Ç–æ–¥–∞...

You may provide a definition with
\DeclareUnicodeCharacter 


! LaTeX Error: Unicode character –π (U+0439)
               not set up for use with LaTeX.

See the LaTeX manual or LaTeX Companion for explanation.
Type  H <return>  for immediate help.
 ...                                              
                                                  
l.4 ...–æ–≥–æ –∏–º –≤ –ø—Ä–µ–¥—à–µ—Å—Ç–≤—É—é—â–µ–π
                                                   –≥–ª–∞–≤–µ –º–µ—Ç–æ–¥–∞ –...

You may provide a definition with
\DeclareUnicodeCharacter 


! LaTeX Error: Unicode character –≥ (U+0433)
               not set up for use with LaTeX.

See the LaTeX manual or LaTeX Companion for explanation.
Type  H <return>  for immediate help.
 ...                                              
                                                  
l.4 ...≥–æ –∏–º –≤ –ø—Ä–µ–¥—à–µ—Å—Ç–≤—É—é—â–µ–π –≥
                                                  –ª–∞–≤–µ –º–µ—Ç–æ–¥–∞ –ø—Ä...

You may provide a definition with
\DeclareUnicodeCharacter 


! LaTeX Error: Unicode character –ª (U+043B)
               not set up for use with LaTeX.

See the LaTeX manual or LaTeX Companion for explanation.
Type  H <return>  for immediate help.
 ...                                              
                                                  
l.4 ...æ –∏–º –≤ –ø—Ä–µ–¥—à–µ—Å—Ç–≤—É—é—â–µ–π –≥–ª
                                                  –∞–≤–µ –º–µ—Ç–æ–¥–∞ –ø—Ä—è...

You may provide a definition with
\DeclareUnicodeCharacter 


! LaTeX Error: Unicode character –∞ (U+0430)
               not set up for use with LaTeX.

See the LaTeX manual or LaTeX Companion for explanation.
Type  H <return>  for immediate help.
 ...                                              
                                                  
l.4 ...–∏–º –≤ –ø—Ä–µ–¥—à–µ—Å—Ç–≤—É—é—â–µ–π –≥–ª–∞
                                                  –≤–µ –º–µ—Ç–æ–¥–∞ –ø—Ä—è–º...

You may provide a definition with
\DeclareUnicodeCharacter 


! LaTeX Error: Unicode character –≤ (U+0432)
               not set up for use with LaTeX.

See the LaTeX manual or LaTeX Companion for explanation.
Type  H <return>  for immediate help.
 ...                                              
                                                  
l.4 ...–º –≤ –ø—Ä–µ–¥—à–µ—Å—Ç–≤—É—é—â–µ–π –≥–ª–∞–≤
                                                  –µ –º–µ—Ç–æ–¥–∞ –ø—Ä—è–º—ã...

You may provide a definition with
\DeclareUnicodeCharacter 


! LaTeX Error: Unicode character –µ (U+0435)
               not set up for use with LaTeX.

See the LaTeX manual or LaTeX Companion for explanation.
Type  H <return>  for immediate help.
 ...                                              
                                                  
l.4 ... –≤ –ø—Ä–µ–¥—à–µ—Å—Ç–≤—É—é—â–µ–π –≥–ª–∞–≤–µ
                                                   –º–µ—Ç–æ–¥–∞ –ø—Ä—è–º—ã—Ö...

You may provide a definition with
\DeclareUnicodeCharacter 


! LaTeX Error: Unicode character –º (U+043C)
               not set up for use with LaTeX.

See the LaTeX manual or LaTeX Companion for explanation.
Type  H <return>  for immediate help.
 ...                                              
                                                  
l.4 ... –ø—Ä–µ–¥—à–µ—Å—Ç–≤—É—é—â–µ–π –≥–ª–∞–≤–µ –º
                                                  –µ—Ç–æ–¥–∞ –ø—Ä—è–º—ã—Ö —Ö...

You may provide a definition with
\DeclareUnicodeCharacter 


! LaTeX Error: Unicode character –µ (U+0435)
               not set up for use with LaTeX.

See the LaTeX manual or LaTeX Companion for explanation.
Type  H <return>  for immediate help.
 ...                                              
                                                  
l.4 ...ø—Ä–µ–¥—à–µ—Å—Ç–≤—É—é—â–µ–π –≥–ª–∞–≤–µ –º–µ
                                                  —Ç–æ–¥–∞ –ø—Ä—è–º—ã—Ö —Ö–∞...

You may provide a definition with
\DeclareUnicodeCharacter 


! LaTeX Error: Unicode character —Ç (U+0442)
               not set up for use with LaTeX.

See the LaTeX manual or LaTeX Companion for explanation.
Type  H <return>  for immediate help.
 ...                                              
                                                  
l.4 ...Ä–µ–¥—à–µ—Å—Ç–≤—É—é—â–µ–π –≥–ª–∞–≤–µ –º–µ—Ç
                                                  –æ–¥–∞ –ø—Ä—è–º—ã—Ö —Ö–∞—Ä...

You may provide a definition with
\DeclareUnicodeCharacter 


! LaTeX Error: Unicode character –æ (U+043E)
               not set up for use with LaTeX.

See the LaTeX manual or LaTeX Companion for explanation.
Type  H <return>  for immediate help.
 ...                                              
                                                  
l.4 ...µ–¥—à–µ—Å—Ç–≤—É—é—â–µ–π –≥–ª–∞–≤–µ –º–µ—Ç–æ
                                                  –¥–∞ –ø—Ä—è–º—ã—Ö —Ö–∞—Ä–∞...

You may provide a definition with
\DeclareUnicodeCharacter 


! LaTeX Error: Unicode character –¥ (U+0434)
               not set up for use with LaTeX.

See the LaTeX manual or LaTeX Companion for explanation.
Type  H <return>  for immediate help.
 ...                                              
                                                  
l.4 ...¥—à–µ—Å—Ç–≤—É—é—â–µ–π –≥–ª–∞–≤–µ –º–µ—Ç–æ–¥
                                                  –∞ –ø—Ä—è–º—ã—Ö —Ö–∞—Ä–∞–∫...

You may provide a definition with
\DeclareUnicodeCharacter 


! LaTeX Error: Unicode character –∞ (U+0430)
               not set up for use with LaTeX.

See the LaTeX manual or LaTeX Companion for explanation.
Type  H <return>  for immediate help.
 ...                                              
                                                  
l.4 ...à–µ—Å—Ç–≤—É—é—â–µ–π –≥–ª–∞–≤–µ –º–µ—Ç–æ–¥–∞
                                                   –ø—Ä—è–º—ã—Ö —Ö–∞—Ä–∞–∫—Ç...

You may provide a definition with
\DeclareUnicodeCharacter 


! LaTeX Error: Unicode character –ø (U+043F)
               not set up for use with LaTeX.

See the LaTeX manual or LaTeX Companion for explanation.
Type  H <return>  for immediate help.
 ...                                              
                                                  
l.4 ...—Å—Ç–≤—É—é—â–µ–π –≥–ª–∞–≤–µ –º–µ—Ç–æ–¥–∞ –ø
                                                  —Ä—è–º—ã—Ö —Ö–∞—Ä–∞–∫—Ç–µ—...

You may provide a definition with
\DeclareUnicodeCharacter 


! LaTeX Error: Unicode character —Ä (U+0440)
               not set up for use with LaTeX.

See the LaTeX manual or LaTeX Companion for explanation.
Type  H <return>  for immediate help.
 ...                                              
                                                  
l.4 ...—Ç–≤—É—é—â–µ–π –≥–ª–∞–≤–µ –º–µ—Ç–æ–¥–∞ –ø—Ä
                                                  —è–º—ã—Ö —Ö–∞—Ä–∞–∫—Ç–µ—Ä–...

You may provide a definition with
\DeclareUnicodeCharacter 


! LaTeX Error: Unicode character —è (U+044F)
               not set up for use with LaTeX.

See the LaTeX manual or LaTeX Companion for explanation.
Type  H <return>  for immediate help.
 ...                                              
                                                  
l.4 ...–≤—É—é—â–µ–π –≥–ª–∞–≤–µ –º–µ—Ç–æ–¥–∞ –ø—Ä—è
                                                  –º—ã—Ö —Ö–∞—Ä–∞–∫—Ç–µ—Ä–∏—...

You may provide a definition with
\DeclareUnicodeCharacter 


! LaTeX Error: Unicode character –º (U+043C)
               not set up for use with LaTeX.

See the LaTeX manual or LaTeX Companion for explanation.
Type  H <return>  for immediate help.
 ...                                              
                                                  
l.4 ...—É—é—â–µ–π –≥–ª–∞–≤–µ –º–µ—Ç–æ–¥–∞ –ø—Ä—è–º
                                                  —ã—Ö —Ö–∞—Ä–∞–∫—Ç–µ—Ä–∏—Å—...

You may provide a definition with
\DeclareUnicodeCharacter 


! LaTeX Error: Unicode character —ã (U+044B)
               not set up for use with LaTeX.

See the LaTeX manual or LaTeX Companion for explanation.
Type  H <return>  for immediate help.
 ...                                              
                                                  
l.4 ...—é—â–µ–π –≥–ª–∞–≤–µ –º–µ—Ç–æ–¥–∞ –ø—Ä—è–º—ã
                                                  —Ö —Ö–∞—Ä–∞–∫—Ç–µ—Ä–∏—Å—Ç–...

You may provide a definition with
\DeclareUnicodeCharacter 


! LaTeX Error: Unicode character —Ö (U+0445)
               not set up for use with LaTeX.

See the LaTeX manual or LaTeX Companion for explanation.
Type  H <return>  for immediate help.
 ...                                              
                                                  
l.4 ...—â–µ–π –≥–ª–∞–≤–µ –º–µ—Ç–æ–¥–∞ –ø—Ä—è–º—ã—Ö
                                                   —Ö–∞—Ä–∞–∫—Ç–µ—Ä–∏—Å—Ç–∏–...

You may provide a definition with
\DeclareUnicodeCharacter 


! LaTeX Error: Unicode character —Ö (U+0445)
               not set up for use with LaTeX.

See the LaTeX manual or LaTeX Companion for explanation.
Type  H <return>  for immediate help.
 ...                                              
                                                  
l.4 ...µ–π –≥–ª–∞–≤–µ –º–µ—Ç–æ–¥–∞ –ø—Ä—è–º—ã—Ö —Ö
                                                  –∞—Ä–∞–∫—Ç–µ—Ä–∏—Å—Ç–∏–∫ –...

You may provide a definition with
\DeclareUnicodeCharacter 


! LaTeX Error: Unicode character –∞ (U+0430)
               not set up for use with LaTeX.

See the LaTeX manual or LaTeX Companion for explanation.
Type  H <return>  for immediate help.
 ...                                              
                                                  
l.4 ...π –≥–ª–∞–≤–µ –º–µ—Ç–æ–¥–∞ –ø—Ä—è–º—ã—Ö —Ö–∞
                                                  —Ä–∞–∫—Ç–µ—Ä–∏—Å—Ç–∏–∫ –≥–...

You may provide a definition with
\DeclareUnicodeCharacter 


! LaTeX Error: Unicode character —Ä (U+0440)
               not set up for use with LaTeX.

See the LaTeX manual or LaTeX Companion for explanation.
Type  H <return>  for immediate help.
 ...                                              
                                                  
l.4 ...–≥–ª–∞–≤–µ –º–µ—Ç–æ–¥–∞ –ø—Ä—è–º—ã—Ö —Ö–∞—Ä
                                                  –∞–∫—Ç–µ—Ä–∏—Å—Ç–∏–∫ –≥–µ—...

You may provide a definition with
\DeclareUnicodeCharacter 


! LaTeX Error: Unicode character –∞ (U+0430)
               not set up for use with LaTeX.

See the LaTeX manual or LaTeX Companion for explanation.
Type  H <return>  for immediate help.
 ...                                              
                                                  
l.4 ...–ª–∞–≤–µ –º–µ—Ç–æ–¥–∞ –ø—Ä—è–º—ã—Ö —Ö–∞—Ä–∞
                                                  –∫—Ç–µ—Ä–∏—Å—Ç–∏–∫ –≥–µ—Ä–...

You may provide a definition with
\DeclareUnicodeCharacter 


! LaTeX Error: Unicode character –∫ (U+043A)
               not set up for use with LaTeX.

See the LaTeX manual or LaTeX Companion for explanation.
Type  H <return>  for immediate help.
 ...                                              
                                                  
l.4 ...–∞–≤–µ –º–µ—Ç–æ–¥–∞ –ø—Ä—è–º—ã—Ö —Ö–∞—Ä–∞–∫
                                                  —Ç–µ—Ä–∏—Å—Ç–∏–∫ –≥–µ—Ä–æ—...

You may provide a definition with
\DeclareUnicodeCharacter 


! LaTeX Error: Unicode character —Ç (U+0442)
               not set up for use with LaTeX.

See the LaTeX manual or LaTeX Companion for explanation.
Type  H <return>  for immediate help.
 ...                                              
                                                  
l.4 ...–≤–µ –º–µ—Ç–æ–¥–∞ –ø—Ä—è–º—ã—Ö —Ö–∞—Ä–∞–∫—Ç
                                                  –µ—Ä–∏—Å—Ç–∏–∫ –≥–µ—Ä–æ—è ...

You may provide a definition with
\DeclareUnicodeCharacter 


! LaTeX Error: Unicode character –µ (U+0435)
               not set up for use with LaTeX.

See the LaTeX manual or LaTeX Companion for explanation.
Type  H <return>  for immediate help.
 ...                                              
                                                  
l.4 ...–µ –º–µ—Ç–æ–¥–∞ –ø—Ä—è–º—ã—Ö —Ö–∞—Ä–∞–∫—Ç–µ
                                                  —Ä–∏—Å—Ç–∏–∫ –≥–µ—Ä–æ—è –∏...

You may provide a definition with
\DeclareUnicodeCharacter 


! LaTeX Error: Unicode character —Ä (U+0440)
               not set up for use with LaTeX.

See the LaTeX manual or LaTeX Companion for explanation.
Type  H <return>  for immediate help.
 ...                                              
                                                  
l.4 ... –º–µ—Ç–æ–¥–∞ –ø—Ä—è–º—ã—Ö —Ö–∞—Ä–∞–∫—Ç–µ—Ä
                                                  –∏—Å—Ç–∏–∫ –≥–µ—Ä–æ—è –∏ –...

You may provide a definition with
\DeclareUnicodeCharacter 


! LaTeX Error: Unicode character –∏ (U+0438)
               not set up for use with LaTeX.

See the LaTeX manual or LaTeX Companion for explanation.
Type  H <return>  for immediate help.
 ...                                              
                                                  
l.4 ...º–µ—Ç–æ–¥–∞ –ø—Ä—è–º—ã—Ö —Ö–∞—Ä–∞–∫—Ç–µ—Ä–∏
                                                  —Å—Ç–∏–∫ –≥–µ—Ä–æ—è –∏ –ø—...

You may provide a definition with
\DeclareUnicodeCharacter 


! LaTeX Error: Unicode character —Å (U+0441)
               not set up for use with LaTeX.

See the LaTeX manual or LaTeX Companion for explanation.
Type  H <return>  for immediate help.
 ...                                              
                                                  
l.4 ...µ—Ç–æ–¥–∞ –ø—Ä—è–º—ã—Ö —Ö–∞—Ä–∞–∫—Ç–µ—Ä–∏—Å
                                                  —Ç–∏–∫ –≥–µ—Ä–æ—è –∏ –ø—Ä–...

You may provide a definition with
\DeclareUnicodeCharacter 


! LaTeX Error: Unicode character —Ç (U+0442)
               not set up for use with LaTeX.

See the LaTeX manual or LaTeX Companion for explanation.
Type  H <return>  for immediate help.
 ...                                              
                                                  
l.4 ...Ç–æ–¥–∞ –ø—Ä—è–º—ã—Ö —Ö–∞—Ä–∞–∫—Ç–µ—Ä–∏—Å—Ç
                                                  –∏–∫ –≥–µ—Ä–æ—è –∏ –ø—Ä–µ–...

You may provide a definition with
\DeclareUnicodeCharacter 


! LaTeX Error: Unicode character –∏ (U+0438)
               not set up for use with LaTeX.

See the LaTeX manual or LaTeX Companion for explanation.
Type  H <return>  for immediate help.
 ...                                              
                                                  
l.4 ...æ–¥–∞ –ø—Ä—è–º—ã—Ö —Ö–∞—Ä–∞–∫—Ç–µ—Ä–∏—Å—Ç–∏
                                                  –∫ –≥–µ—Ä–æ—è –∏ –ø—Ä–µ–¥—...

You may provide a definition with
\DeclareUnicodeCharacter 


! LaTeX Error: Unicode character –∫ (U+043A)
               not set up for use with LaTeX.

See the LaTeX manual or LaTeX Companion for explanation.
Type  H <return>  for immediate help.
 ...                                              
                                                  
l.4 ...¥–∞ –ø—Ä—è–º—ã—Ö —Ö–∞—Ä–∞–∫—Ç–µ—Ä–∏—Å—Ç–∏–∫
                                                   –≥–µ—Ä–æ—è –∏ –ø—Ä–µ–¥—Å—...

You may provide a definition with
\DeclareUnicodeCharacter 


! LaTeX Error: Unicode character –≥ (U+0433)
               not set up for use with LaTeX.

See the LaTeX manual or LaTeX Companion for explanation.
Type  H <return>  for immediate help.
 ...                                              
                                                  
l.4 ... –ø—Ä—è–º—ã—Ö —Ö–∞—Ä–∞–∫—Ç–µ—Ä–∏—Å—Ç–∏–∫ –≥
                                                  –µ—Ä–æ—è –∏ –ø—Ä–µ–¥—Å—Ç–∞...

You may provide a definition with
\DeclareUnicodeCharacter 


! LaTeX Error: Unicode character –µ (U+0435)
               not set up for use with LaTeX.

See the LaTeX manual or LaTeX Companion for explanation.
Type  H <return>  for immediate help.
 ...                                              
                                                  
l.4 ...ø—Ä—è–º—ã—Ö —Ö–∞—Ä–∞–∫—Ç–µ—Ä–∏—Å—Ç–∏–∫ –≥–µ
                                                  —Ä–æ—è –∏ –ø—Ä–µ–¥—Å—Ç–∞–≤...

You may provide a definition with
\DeclareUnicodeCharacter 


! LaTeX Error: Unicode character —Ä (U+0440)
               not set up for use with LaTeX.

See the LaTeX manual or LaTeX Companion for explanation.
Type  H <return>  for immediate help.
 ...                                              
                                                  
l.4 ...Ä—è–º—ã—Ö —Ö–∞—Ä–∞–∫—Ç–µ—Ä–∏—Å—Ç–∏–∫ –≥–µ—Ä
                                                  –æ—è –∏ –ø—Ä–µ–¥—Å—Ç–∞–≤–ª...

You may provide a definition with
\DeclareUnicodeCharacter 


! LaTeX Error: Unicode character –æ (U+043E)
               not set up for use with LaTeX.

See the LaTeX manual or LaTeX Companion for explanation.
Type  H <return>  for immediate help.
 ...                                              
                                                  
l.4 ...è–º—ã—Ö —Ö–∞—Ä–∞–∫—Ç–µ—Ä–∏—Å—Ç–∏–∫ –≥–µ—Ä–æ
                                                  —è –∏ –ø—Ä–µ–¥—Å—Ç–∞–≤–ª—è...

You may provide a definition with
\DeclareUnicodeCharacter 


! LaTeX Error: Unicode character —è (U+044F)
               not set up for use with LaTeX.

See the LaTeX manual or LaTeX Companion for explanation.
Type  H <return>  for immediate help.
 ...                                              
                                                  
l.4 ...º—ã—Ö —Ö–∞—Ä–∞–∫—Ç–µ—Ä–∏—Å—Ç–∏–∫ –≥–µ—Ä–æ—è
                                                   –∏ –ø—Ä–µ–¥—Å—Ç–∞–≤–ª—è–µ...

You may provide a definition with
\DeclareUnicodeCharacter 


! LaTeX Error: Unicode character –∏ (U+0438)
               not set up for use with LaTeX.

See the LaTeX manual or LaTeX Companion for explanation.
Type  H <return>  for immediate help.
 ...                                              
                                                  
l.4 ...—Ö —Ö–∞—Ä–∞–∫—Ç–µ—Ä–∏—Å—Ç–∏–∫ –≥–µ—Ä–æ—è –∏
                                                   –ø—Ä–µ–¥—Å—Ç–∞–≤–ª—è–µ—Ç ...

You may provide a definition with
\DeclareUnicodeCharacter 


! LaTeX Error: Unicode character –ø (U+043F)
               not set up for use with LaTeX.

See the LaTeX manual or LaTeX Companion for explanation.
Type  H <return>  for immediate help.
 ...                                              
                                                  
l.4 ...—Ö–∞—Ä–∞–∫—Ç–µ—Ä–∏—Å—Ç–∏–∫ –≥–µ—Ä–æ—è –∏ –ø
                                                  —Ä–µ–¥—Å—Ç–∞–≤–ª—è–µ—Ç –µ–...
(That makes 100 errors; please try again.) 
Here is how much of TeX's memory you used:
 45 strings out of 474485
 863 string characters out of 5743734
 1924542 words of memory out of 5000000
 22431 multiletter control sequences out of 15000+600000
 558069 words of font info for 36 fonts, out of 8000000 for 9000
 1141 hyphenation exceptions out of 8191
 15i,0n,18p,470b,20s stack positions out of 10000i,1000n,20000p,200000b,200000s

!  ==> Fatal error occurred, no output PDF file produced!
