This is pdfTeX, Version 3.141592653-2.6-1.40.25 (MiKTeX 24.1) (preloaded format=pdflatex 2024.12.7)  16 DEC 2024 19:21
entering extended mode
 restricted \write18 enabled.
 %&-line parsing enabled.
**./capitolo-approfondimento.tex
(capitolo-approfondimento.tex
LaTeX2e <2023-11-01> patch level 1
L3 programming layer <2024-01-04>
! Undefined control sequence.
l.1 \chapter
            {Capitolo approfondimento}\label{section:app}% Etichetta per rif...
The control sequence at the end of the top line
of your error message was never \def'ed. If you have
misspelled it (e.g., `\hobx'), type `I' and the correct
spelling (e.g., `I\hbox'). Otherwise just continue,
and I'll forget about whatever was undefined.


! LaTeX Error: Missing \begin{document}.

See the LaTeX manual or LaTeX Companion for explanation.
Type  H <return>  for immediate help.
 ...                                              
                                                  
l.1 \chapter{C
              apitolo approfondimento}\label{section:app}% Etichetta per rif...

You're in trouble here.  Try typing  <return>  to proceed.
If that doesn't work, type  X <return>  to quit.

Missing character: There is no C in font nullfont!
Missing character: There is no a in font nullfont!
Missing character: There is no p in font nullfont!
Missing character: There is no i in font nullfont!
Missing character: There is no t in font nullfont!
Missing character: There is no o in font nullfont!
Missing character: There is no l in font nullfont!
Missing character: There is no o in font nullfont!
Missing character: There is no a in font nullfont!
Missing character: There is no p in font nullfont!
Missing character: There is no p in font nullfont!
Missing character: There is no r in font nullfont!
Missing character: There is no o in font nullfont!
Missing character: There is no f in font nullfont!
Missing character: There is no o in font nullfont!
Missing character: There is no n in font nullfont!
Missing character: There is no d in font nullfont!
Missing character: There is no i in font nullfont!
Missing character: There is no m in font nullfont!
Missing character: There is no e in font nullfont!
Missing character: There is no n in font nullfont!
Missing character: There is no t in font nullfont!
Missing character: There is no o in font nullfont!

Overfull \hbox (20.0pt too wide) in paragraph at lines 1--2
[]
 []


! LaTeX Error: Missing \begin{document}.

See the LaTeX manual or LaTeX Companion for explanation.
Type  H <return>  for immediate help.
 ...                                              
                                                  
l.4 ...–æ—Å–ª–µ–¥–Ω—è—è –∞—Ä–∏—è –õ–µ–Ω—Å–∫–æ–≥–æ}
                                                  
You're in trouble here.  Try typing  <return>  to proceed.
If that doesn't work, type  X <return>  to quit.


! LaTeX Error: Unicode character –ü (U+041F)
               not set up for use with LaTeX.

See the LaTeX manual or LaTeX Companion for explanation.
Type  H <return>  for immediate help.
 ...                                              
                                                  
l.4 ...–æ—Å–ª–µ–¥–Ω—è—è –∞—Ä–∏—è –õ–µ–Ω—Å–∫–æ–≥–æ}
                                                  
You may provide a definition with
\DeclareUnicodeCharacter 


! LaTeX Error: Unicode character –æ (U+043E)
               not set up for use with LaTeX.

See the LaTeX manual or LaTeX Companion for explanation.
Type  H <return>  for immediate help.
 ...                                              
                                                  
l.4 ...–æ—Å–ª–µ–¥–Ω—è—è –∞—Ä–∏—è –õ–µ–Ω—Å–∫–æ–≥–æ}
                                                  
You may provide a definition with
\DeclareUnicodeCharacter 


! LaTeX Error: Unicode character —Å (U+0441)
               not set up for use with LaTeX.

See the LaTeX manual or LaTeX Companion for explanation.
Type  H <return>  for immediate help.
 ...                                              
                                                  
l.4 ...–æ—Å–ª–µ–¥–Ω—è—è –∞—Ä–∏—è –õ–µ–Ω—Å–∫–æ–≥–æ}
                                                  
You may provide a definition with
\DeclareUnicodeCharacter 


! LaTeX Error: Unicode character –ª (U+043B)
               not set up for use with LaTeX.

See the LaTeX manual or LaTeX Companion for explanation.
Type  H <return>  for immediate help.
 ...                                              
                                                  
l.4 ...–æ—Å–ª–µ–¥–Ω—è—è –∞—Ä–∏—è –õ–µ–Ω—Å–∫–æ–≥–æ}
                                                  
You may provide a definition with
\DeclareUnicodeCharacter 


! LaTeX Error: Unicode character –µ (U+0435)
               not set up for use with LaTeX.

See the LaTeX manual or LaTeX Companion for explanation.
Type  H <return>  for immediate help.
 ...                                              
                                                  
l.4 ...–æ—Å–ª–µ–¥–Ω—è—è –∞—Ä–∏—è –õ–µ–Ω—Å–∫–æ–≥–æ}
                                                  
You may provide a definition with
\DeclareUnicodeCharacter 


! LaTeX Error: Unicode character –¥ (U+0434)
               not set up for use with LaTeX.

See the LaTeX manual or LaTeX Companion for explanation.
Type  H <return>  for immediate help.
 ...                                              
                                                  
l.4 ...–æ—Å–ª–µ–¥–Ω—è—è –∞—Ä–∏—è –õ–µ–Ω—Å–∫–æ–≥–æ}
                                                  
You may provide a definition with
\DeclareUnicodeCharacter 


! LaTeX Error: Unicode character –Ω (U+043D)
               not set up for use with LaTeX.

See the LaTeX manual or LaTeX Companion for explanation.
Type  H <return>  for immediate help.
 ...                                              
                                                  
l.4 ...–æ—Å–ª–µ–¥–Ω—è—è –∞—Ä–∏—è –õ–µ–Ω—Å–∫–æ–≥–æ}
                                                  
You may provide a definition with
\DeclareUnicodeCharacter 


! LaTeX Error: Unicode character —è (U+044F)
               not set up for use with LaTeX.

See the LaTeX manual or LaTeX Companion for explanation.
Type  H <return>  for immediate help.
 ...                                              
                                                  
l.4 ...–æ—Å–ª–µ–¥–Ω—è—è –∞—Ä–∏—è –õ–µ–Ω—Å–∫–æ–≥–æ}
                                                  
You may provide a definition with
\DeclareUnicodeCharacter 


! LaTeX Error: Unicode character —è (U+044F)
               not set up for use with LaTeX.

See the LaTeX manual or LaTeX Companion for explanation.
Type  H <return>  for immediate help.
 ...                                              
                                                  
l.4 ...–æ—Å–ª–µ–¥–Ω—è—è –∞—Ä–∏—è –õ–µ–Ω—Å–∫–æ–≥–æ}
                                                  
You may provide a definition with
\DeclareUnicodeCharacter 


! LaTeX Error: Unicode character –∞ (U+0430)
               not set up for use with LaTeX.

See the LaTeX manual or LaTeX Companion for explanation.
Type  H <return>  for immediate help.
 ...                                              
                                                  
l.4 ...–æ—Å–ª–µ–¥–Ω—è—è –∞—Ä–∏—è –õ–µ–Ω—Å–∫–æ–≥–æ}
                                                  
You may provide a definition with
\DeclareUnicodeCharacter 


! LaTeX Error: Unicode character —Ä (U+0440)
               not set up for use with LaTeX.

See the LaTeX manual or LaTeX Companion for explanation.
Type  H <return>  for immediate help.
 ...                                              
                                                  
l.4 ...–æ—Å–ª–µ–¥–Ω—è—è –∞—Ä–∏—è –õ–µ–Ω—Å–∫–æ–≥–æ}
                                                  
You may provide a definition with
\DeclareUnicodeCharacter 


! LaTeX Error: Unicode character –∏ (U+0438)
               not set up for use with LaTeX.

See the LaTeX manual or LaTeX Companion for explanation.
Type  H <return>  for immediate help.
 ...                                              
                                                  
l.4 ...–æ—Å–ª–µ–¥–Ω—è—è –∞—Ä–∏—è –õ–µ–Ω—Å–∫–æ–≥–æ}
                                                  
You may provide a definition with
\DeclareUnicodeCharacter 


! LaTeX Error: Unicode character —è (U+044F)
               not set up for use with LaTeX.

See the LaTeX manual or LaTeX Companion for explanation.
Type  H <return>  for immediate help.
 ...                                              
                                                  
l.4 ...–æ—Å–ª–µ–¥–Ω—è—è –∞—Ä–∏—è –õ–µ–Ω—Å–∫–æ–≥–æ}
                                                  
You may provide a definition with
\DeclareUnicodeCharacter 


! LaTeX Error: Unicode character –õ (U+041B)
               not set up for use with LaTeX.

See the LaTeX manual or LaTeX Companion for explanation.
Type  H <return>  for immediate help.
 ...                                              
                                                  
l.4 ...–æ—Å–ª–µ–¥–Ω—è—è –∞—Ä–∏—è –õ–µ–Ω—Å–∫–æ–≥–æ}
                                                  
You may provide a definition with
\DeclareUnicodeCharacter 


! LaTeX Error: Unicode character –µ (U+0435)
               not set up for use with LaTeX.

See the LaTeX manual or LaTeX Companion for explanation.
Type  H <return>  for immediate help.
 ...                                              
                                                  
l.4 ...–æ—Å–ª–µ–¥–Ω—è—è –∞—Ä–∏—è –õ–µ–Ω—Å–∫–æ–≥–æ}
                                                  
You may provide a definition with
\DeclareUnicodeCharacter 


! LaTeX Error: Unicode character –Ω (U+043D)
               not set up for use with LaTeX.

See the LaTeX manual or LaTeX Companion for explanation.
Type  H <return>  for immediate help.
 ...                                              
                                                  
l.4 ...–æ—Å–ª–µ–¥–Ω—è—è –∞—Ä–∏—è –õ–µ–Ω—Å–∫–æ–≥–æ}
                                                  
You may provide a definition with
\DeclareUnicodeCharacter 


! LaTeX Error: Unicode character —Å (U+0441)
               not set up for use with LaTeX.

See the LaTeX manual or LaTeX Companion for explanation.
Type  H <return>  for immediate help.
 ...                                              
                                                  
l.4 ...–æ—Å–ª–µ–¥–Ω—è—è –∞—Ä–∏—è –õ–µ–Ω—Å–∫–æ–≥–æ}
                                                  
You may provide a definition with
\DeclareUnicodeCharacter 


! LaTeX Error: Unicode character –∫ (U+043A)
               not set up for use with LaTeX.

See the LaTeX manual or LaTeX Companion for explanation.
Type  H <return>  for immediate help.
 ...                                              
                                                  
l.4 ...–æ—Å–ª–µ–¥–Ω—è—è –∞—Ä–∏—è –õ–µ–Ω—Å–∫–æ–≥–æ}
                                                  
You may provide a definition with
\DeclareUnicodeCharacter 


! LaTeX Error: Unicode character –æ (U+043E)
               not set up for use with LaTeX.

See the LaTeX manual or LaTeX Companion for explanation.
Type  H <return>  for immediate help.
 ...                                              
                                                  
l.4 ...–æ—Å–ª–µ–¥–Ω—è—è –∞—Ä–∏—è –õ–µ–Ω—Å–∫–æ–≥–æ}
                                                  
You may provide a definition with
\DeclareUnicodeCharacter 


! LaTeX Error: Unicode character –≥ (U+0433)
               not set up for use with LaTeX.

See the LaTeX manual or LaTeX Companion for explanation.
Type  H <return>  for immediate help.
 ...                                              
                                                  
l.4 ...–æ—Å–ª–µ–¥–Ω—è—è –∞—Ä–∏—è –õ–µ–Ω—Å–∫–æ–≥–æ}
                                                  
You may provide a definition with
\DeclareUnicodeCharacter 


! LaTeX Error: Unicode character –æ (U+043E)
               not set up for use with LaTeX.

See the LaTeX manual or LaTeX Companion for explanation.
Type  H <return>  for immediate help.
 ...                                              
                                                  
l.4 ...–æ—Å–ª–µ–¥–Ω—è—è –∞—Ä–∏—è –õ–µ–Ω—Å–∫–æ–≥–æ}
                                                  
You may provide a definition with
\DeclareUnicodeCharacter 


Overfull \hbox (20.0pt too wide) in paragraph at lines 4--5
[]
 []


! LaTeX Error: Unicode character –ö (U+041A)
               not set up for use with LaTeX.

See the LaTeX manual or LaTeX Companion for explanation.
Type  H <return>  for immediate help.
 ...                                              
                                                  
l.6 –ö
      —É–¥–∞, –∫—É–¥–∞, –∫—É–¥–∞ –≤—ã —É–¥–∞–ª–∏–ª–∏—Å—å,\\
You may provide a definition with
\DeclareUnicodeCharacter 


! LaTeX Error: Unicode character —É (U+0443)
               not set up for use with LaTeX.

See the LaTeX manual or LaTeX Companion for explanation.
Type  H <return>  for immediate help.
 ...                                              
                                                  
l.6 –ö—É
        –¥–∞, –∫—É–¥–∞, –∫—É–¥–∞ –≤—ã —É–¥–∞–ª–∏–ª–∏—Å—å,\\
You may provide a definition with
\DeclareUnicodeCharacter 


! LaTeX Error: Unicode character –¥ (U+0434)
               not set up for use with LaTeX.

See the LaTeX manual or LaTeX Companion for explanation.
Type  H <return>  for immediate help.
 ...                                              
                                                  
l.6 –ö—É–¥
          –∞, –∫—É–¥–∞, –∫—É–¥–∞ –≤—ã —É–¥–∞–ª–∏–ª–∏—Å—å,\\
You may provide a definition with
\DeclareUnicodeCharacter 


! LaTeX Error: Unicode character –∞ (U+0430)
               not set up for use with LaTeX.

See the LaTeX manual or LaTeX Companion for explanation.
Type  H <return>  for immediate help.
 ...                                              
                                                  
l.6 –ö—É–¥–∞
            , –∫—É–¥–∞, –∫—É–¥–∞ –≤—ã —É–¥–∞–ª–∏–ª–∏—Å—å,\\
You may provide a definition with
\DeclareUnicodeCharacter 


! LaTeX Error: Missing \begin{document}.

See the LaTeX manual or LaTeX Companion for explanation.
Type  H <return>  for immediate help.
 ...                                              
                                                  
l.6 –ö—É–¥–∞,
              –∫—É–¥–∞, –∫—É–¥–∞ –≤—ã —É–¥–∞–ª–∏–ª–∏—Å—å,\\
You're in trouble here.  Try typing  <return>  to proceed.
If that doesn't work, type  X <return>  to quit.

Missing character: There is no , in font nullfont!

! LaTeX Error: Unicode character –∫ (U+043A)
               not set up for use with LaTeX.

See the LaTeX manual or LaTeX Companion for explanation.
Type  H <return>  for immediate help.
 ...                                              
                                                  
l.6 –ö—É–¥–∞, –∫
                —É–¥–∞, –∫—É–¥–∞ –≤—ã —É–¥–∞–ª–∏–ª–∏—Å—å,\\
You may provide a definition with
\DeclareUnicodeCharacter 


! LaTeX Error: Unicode character —É (U+0443)
               not set up for use with LaTeX.

See the LaTeX manual or LaTeX Companion for explanation.
Type  H <return>  for immediate help.
 ...                                              
                                                  
l.6 –ö—É–¥–∞, –∫—É
                  –¥–∞, –∫—É–¥–∞ –≤—ã —É–¥–∞–ª–∏–ª–∏—Å—å,\\
You may provide a definition with
\DeclareUnicodeCharacter 


! LaTeX Error: Unicode character –¥ (U+0434)
               not set up for use with LaTeX.

See the LaTeX manual or LaTeX Companion for explanation.
Type  H <return>  for immediate help.
 ...                                              
                                                  
l.6 –ö—É–¥–∞, –∫—É–¥
                    –∞, –∫—É–¥–∞ –≤—ã —É–¥–∞–ª–∏–ª–∏—Å—å,\\
You may provide a definition with
\DeclareUnicodeCharacter 


! LaTeX Error: Unicode character –∞ (U+0430)
               not set up for use with LaTeX.

See the LaTeX manual or LaTeX Companion for explanation.
Type  H <return>  for immediate help.
 ...                                              
                                                  
l.6 –ö—É–¥–∞, –∫—É–¥–∞
                      , –∫—É–¥–∞ –≤—ã —É–¥–∞–ª–∏–ª–∏—Å—å,\\
You may provide a definition with
\DeclareUnicodeCharacter 

Missing character: There is no , in font nullfont!

! LaTeX Error: Unicode character –∫ (U+043A)
               not set up for use with LaTeX.

See the LaTeX manual or LaTeX Companion for explanation.
Type  H <return>  for immediate help.
 ...                                              
                                                  
l.6 –ö—É–¥–∞, –∫—É–¥–∞, –∫
                          —É–¥–∞ –≤—ã —É–¥–∞–ª–∏–ª–∏—Å—å,\\
You may provide a definition with
\DeclareUnicodeCharacter 


! LaTeX Error: Unicode character —É (U+0443)
               not set up for use with LaTeX.

See the LaTeX manual or LaTeX Companion for explanation.
Type  H <return>  for immediate help.
 ...                                              
                                                  
l.6 –ö—É–¥–∞, –∫—É–¥–∞, –∫—É
                            –¥–∞ –≤—ã —É–¥–∞–ª–∏–ª–∏—Å—å,\\
You may provide a definition with
\DeclareUnicodeCharacter 


! LaTeX Error: Unicode character –¥ (U+0434)
               not set up for use with LaTeX.

See the LaTeX manual or LaTeX Companion for explanation.
Type  H <return>  for immediate help.
 ...                                              
                                                  
l.6 –ö—É–¥–∞, –∫—É–¥–∞, –∫—É–¥
                              –∞ –≤—ã —É–¥–∞–ª–∏–ª–∏—Å—å,\\
You may provide a definition with
\DeclareUnicodeCharacter 


! LaTeX Error: Unicode character –∞ (U+0430)
               not set up for use with LaTeX.

See the LaTeX manual or LaTeX Companion for explanation.
Type  H <return>  for immediate help.
 ...                                              
                                                  
l.6 –ö—É–¥–∞, –∫—É–¥–∞, –∫—É–¥–∞
                                 –≤—ã —É–¥–∞–ª–∏–ª–∏—Å—å,\\
You may provide a definition with
\DeclareUnicodeCharacter 


! LaTeX Error: Unicode character –≤ (U+0432)
               not set up for use with LaTeX.

See the LaTeX manual or LaTeX Companion for explanation.
Type  H <return>  for immediate help.
 ...                                              
                                                  
l.6 –ö—É–¥–∞, –∫—É–¥–∞, –∫—É–¥–∞ –≤
                                   —ã —É–¥–∞–ª–∏–ª–∏—Å—å,\\
You may provide a definition with
\DeclareUnicodeCharacter 


! LaTeX Error: Unicode character —ã (U+044B)
               not set up for use with LaTeX.

See the LaTeX manual or LaTeX Companion for explanation.
Type  H <return>  for immediate help.
 ...                                              
                                                  
l.6 –ö—É–¥–∞, –∫—É–¥–∞, –∫—É–¥–∞ –≤—ã
                                      —É–¥–∞–ª–∏–ª–∏—Å—å,\\
You may provide a definition with
\DeclareUnicodeCharacter 


! LaTeX Error: Unicode character —É (U+0443)
               not set up for use with LaTeX.

See the LaTeX manual or LaTeX Companion for explanation.
Type  H <return>  for immediate help.
 ...                                              
                                                  
l.6 –ö—É–¥–∞, –∫—É–¥–∞, –∫—É–¥–∞ –≤—ã —É
                                        –¥–∞–ª–∏–ª–∏—Å—å,\\
You may provide a definition with
\DeclareUnicodeCharacter 


! LaTeX Error: Unicode character –¥ (U+0434)
               not set up for use with LaTeX.

See the LaTeX manual or LaTeX Companion for explanation.
Type  H <return>  for immediate help.
 ...                                              
                                                  
l.6 –ö—É–¥–∞, –∫—É–¥–∞, –∫—É–¥–∞ –≤—ã —É–¥
                                          –∞–ª–∏–ª–∏—Å—å,\\
You may provide a definition with
\DeclareUnicodeCharacter 


! LaTeX Error: Unicode character –∞ (U+0430)
               not set up for use with LaTeX.

See the LaTeX manual or LaTeX Companion for explanation.
Type  H <return>  for immediate help.
 ...                                              
                                                  
l.6 –ö—É–¥–∞, –∫—É–¥–∞, –∫—É–¥–∞ –≤—ã —É–¥–∞
                                            –ª–∏–ª–∏—Å—å,\\
You may provide a definition with
\DeclareUnicodeCharacter 


! LaTeX Error: Unicode character –ª (U+043B)
               not set up for use with LaTeX.

See the LaTeX manual or LaTeX Companion for explanation.
Type  H <return>  for immediate help.
 ...                                              
                                                  
l.6 –ö—É–¥–∞, –∫—É–¥–∞, –∫—É–¥–∞ –≤—ã —É–¥–∞–ª
                                              –∏–ª–∏—Å—å,\\
You may provide a definition with
\DeclareUnicodeCharacter 


! LaTeX Error: Unicode character –∏ (U+0438)
               not set up for use with LaTeX.

See the LaTeX manual or LaTeX Companion for explanation.
Type  H <return>  for immediate help.
 ...                                              
                                                  
l.6 –ö—É–¥–∞, –∫—É–¥–∞, –∫—É–¥–∞ –≤—ã —É–¥–∞–ª–∏
                                                –ª–∏—Å—å,\\
You may provide a definition with
\DeclareUnicodeCharacter 


! LaTeX Error: Unicode character –ª (U+043B)
               not set up for use with LaTeX.

See the LaTeX manual or LaTeX Companion for explanation.
Type  H <return>  for immediate help.
 ...                                              
                                                  
l.6 –ö—É–¥–∞, –∫—É–¥–∞, –∫—É–¥–∞ –≤—ã —É–¥–∞–ª–∏–ª
                                                  –∏—Å—å,\\
You may provide a definition with
\DeclareUnicodeCharacter 


! LaTeX Error: Unicode character –∏ (U+0438)
               not set up for use with LaTeX.

See the LaTeX manual or LaTeX Companion for explanation.
Type  H <return>  for immediate help.
 ...                                              
                                                  
l.6 ...¥–∞, –∫—É–¥–∞, –∫—É–¥–∞ –≤—ã —É–¥–∞–ª–∏–ª–∏
                                                  —Å—å,\\
You may provide a definition with
\DeclareUnicodeCharacter 


! LaTeX Error: Unicode character —Å (U+0441)
               not set up for use with LaTeX.

See the LaTeX manual or LaTeX Companion for explanation.
Type  H <return>  for immediate help.
 ...                                              
                                                  
l.6 ...∞, –∫—É–¥–∞, –∫—É–¥–∞ –≤—ã —É–¥–∞–ª–∏–ª–∏—Å
                                                  —å,\\
You may provide a definition with
\DeclareUnicodeCharacter 


! LaTeX Error: Unicode character —å (U+044C)
               not set up for use with LaTeX.

See the LaTeX manual or LaTeX Companion for explanation.
Type  H <return>  for immediate help.
 ...                                              
                                                  
l.6 ... –∫—É–¥–∞, –∫—É–¥–∞ –≤—ã —É–¥–∞–ª–∏–ª–∏—Å—å
                                                  ,\\
You may provide a definition with
\DeclareUnicodeCharacter 

Missing character: There is no , in font nullfont!

! LaTeX Error: Unicode character –í (U+0412)
               not set up for use with LaTeX.

See the LaTeX manual or LaTeX Companion for explanation.
Type  H <return>  for immediate help.
 ...                                              
                                                  
l.7 –í
      –µ—Å–Ω—ã –º–æ–µ–π –∑–ª–∞—Ç—ã–µ –¥–Ω–∏?\\
You may provide a definition with
\DeclareUnicodeCharacter 


! LaTeX Error: Unicode character –µ (U+0435)
               not set up for use with LaTeX.

See the LaTeX manual or LaTeX Companion for explanation.
Type  H <return>  for immediate help.
 ...                                              
                                                  
l.7 –í–µ
        —Å–Ω—ã –º–æ–µ–π –∑–ª–∞—Ç—ã–µ –¥–Ω–∏?\\
You may provide a definition with
\DeclareUnicodeCharacter 


! LaTeX Error: Unicode character —Å (U+0441)
               not set up for use with LaTeX.

See the LaTeX manual or LaTeX Companion for explanation.
Type  H <return>  for immediate help.
 ...                                              
                                                  
l.7 –í–µ—Å
          –Ω—ã –º–æ–µ–π –∑–ª–∞—Ç—ã–µ –¥–Ω–∏?\\
You may provide a definition with
\DeclareUnicodeCharacter 


! LaTeX Error: Unicode character –Ω (U+043D)
               not set up for use with LaTeX.

See the LaTeX manual or LaTeX Companion for explanation.
Type  H <return>  for immediate help.
 ...                                              
                                                  
l.7 –í–µ—Å–Ω
            —ã –º–æ–µ–π –∑–ª–∞—Ç—ã–µ –¥–Ω–∏?\\
You may provide a definition with
\DeclareUnicodeCharacter 


! LaTeX Error: Unicode character —ã (U+044B)
               not set up for use with LaTeX.

See the LaTeX manual or LaTeX Companion for explanation.
Type  H <return>  for immediate help.
 ...                                              
                                                  
l.7 –í–µ—Å–Ω—ã
               –º–æ–µ–π –∑–ª–∞—Ç—ã–µ –¥–Ω–∏?\\
You may provide a definition with
\DeclareUnicodeCharacter 


! LaTeX Error: Unicode character –º (U+043C)
               not set up for use with LaTeX.

See the LaTeX manual or LaTeX Companion for explanation.
Type  H <return>  for immediate help.
 ...                                              
                                                  
l.7 –í–µ—Å–Ω—ã –º
                 –æ–µ–π –∑–ª–∞—Ç—ã–µ –¥–Ω–∏?\\
You may provide a definition with
\DeclareUnicodeCharacter 


! LaTeX Error: Unicode character –æ (U+043E)
               not set up for use with LaTeX.

See the LaTeX manual or LaTeX Companion for explanation.
Type  H <return>  for immediate help.
 ...                                              
                                                  
l.7 –í–µ—Å–Ω—ã –º–æ
                   –µ–π –∑–ª–∞—Ç—ã–µ –¥–Ω–∏?\\
You may provide a definition with
\DeclareUnicodeCharacter 


! LaTeX Error: Unicode character –µ (U+0435)
               not set up for use with LaTeX.

See the LaTeX manual or LaTeX Companion for explanation.
Type  H <return>  for immediate help.
 ...                                              
                                                  
l.7 –í–µ—Å–Ω—ã –º–æ–µ
                     –π –∑–ª–∞—Ç—ã–µ –¥–Ω–∏?\\
You may provide a definition with
\DeclareUnicodeCharacter 


! LaTeX Error: Unicode character –π (U+0439)
               not set up for use with LaTeX.

See the LaTeX manual or LaTeX Companion for explanation.
Type  H <return>  for immediate help.
 ...                                              
                                                  
l.7 –í–µ—Å–Ω—ã –º–æ–µ–π
                        –∑–ª–∞—Ç—ã–µ –¥–Ω–∏?\\
You may provide a definition with
\DeclareUnicodeCharacter 


! LaTeX Error: Unicode character –∑ (U+0437)
               not set up for use with LaTeX.

See the LaTeX manual or LaTeX Companion for explanation.
Type  H <return>  for immediate help.
 ...                                              
                                                  
l.7 –í–µ—Å–Ω—ã –º–æ–µ–π –∑
                          –ª–∞—Ç—ã–µ –¥–Ω–∏?\\
You may provide a definition with
\DeclareUnicodeCharacter 


! LaTeX Error: Unicode character –ª (U+043B)
               not set up for use with LaTeX.

See the LaTeX manual or LaTeX Companion for explanation.
Type  H <return>  for immediate help.
 ...                                              
                                                  
l.7 –í–µ—Å–Ω—ã –º–æ–µ–π –∑–ª
                            –∞—Ç—ã–µ –¥–Ω–∏?\\
You may provide a definition with
\DeclareUnicodeCharacter 


! LaTeX Error: Unicode character –∞ (U+0430)
               not set up for use with LaTeX.

See the LaTeX manual or LaTeX Companion for explanation.
Type  H <return>  for immediate help.
 ...                                              
                                                  
l.7 –í–µ—Å–Ω—ã –º–æ–µ–π –∑–ª–∞
                              —Ç—ã–µ –¥–Ω–∏?\\
You may provide a definition with
\DeclareUnicodeCharacter 


! LaTeX Error: Unicode character —Ç (U+0442)
               not set up for use with LaTeX.

See the LaTeX manual or LaTeX Companion for explanation.
Type  H <return>  for immediate help.
 ...                                              
                                                  
l.7 –í–µ—Å–Ω—ã –º–æ–µ–π –∑–ª–∞—Ç
                                —ã–µ –¥–Ω–∏?\\
You may provide a definition with
\DeclareUnicodeCharacter 


! LaTeX Error: Unicode character —ã (U+044B)
               not set up for use with LaTeX.

See the LaTeX manual or LaTeX Companion for explanation.
Type  H <return>  for immediate help.
 ...                                              
                                                  
l.7 –í–µ—Å–Ω—ã –º–æ–µ–π –∑–ª–∞—Ç—ã
                                  –µ –¥–Ω–∏?\\
You may provide a definition with
\DeclareUnicodeCharacter 


! LaTeX Error: Unicode character –µ (U+0435)
               not set up for use with LaTeX.

See the LaTeX manual or LaTeX Companion for explanation.
Type  H <return>  for immediate help.
 ...                                              
                                                  
l.7 –í–µ—Å–Ω—ã –º–æ–µ–π –∑–ª–∞—Ç—ã–µ
                                     –¥–Ω–∏?\\
You may provide a definition with
\DeclareUnicodeCharacter 


! LaTeX Error: Unicode character –¥ (U+0434)
               not set up for use with LaTeX.

See the LaTeX manual or LaTeX Companion for explanation.
Type  H <return>  for immediate help.
 ...                                              
                                                  
l.7 –í–µ—Å–Ω—ã –º–æ–µ–π –∑–ª–∞—Ç—ã–µ –¥
                                       –Ω–∏?\\
You may provide a definition with
\DeclareUnicodeCharacter 


! LaTeX Error: Unicode character –Ω (U+043D)
               not set up for use with LaTeX.

See the LaTeX manual or LaTeX Companion for explanation.
Type  H <return>  for immediate help.
 ...                                              
                                                  
l.7 –í–µ—Å–Ω—ã –º–æ–µ–π –∑–ª–∞—Ç—ã–µ –¥–Ω
                                         –∏?\\
You may provide a definition with
\DeclareUnicodeCharacter 


! LaTeX Error: Unicode character –∏ (U+0438)
               not set up for use with LaTeX.

See the LaTeX manual or LaTeX Companion for explanation.
Type  H <return>  for immediate help.
 ...                                              
                                                  
l.7 –í–µ—Å–Ω—ã –º–æ–µ–π –∑–ª–∞—Ç—ã–µ –¥–Ω–∏
                                           ?\\
You may provide a definition with
\DeclareUnicodeCharacter 

Missing character: There is no ? in font nullfont!

Overfull \hbox (20.0pt too wide) in paragraph at lines 6--8
[]
 []


! LaTeX Error: Unicode character –ß (U+0427)
               not set up for use with LaTeX.

See the LaTeX manual or LaTeX Companion for explanation.
Type  H <return>  for immediate help.
 ...                                              
                                                  
l.9 –ß
      —Ç–æ –¥–µ–Ω—å –≥—Ä—è–¥—É—â–∏–π –º–Ω–µ –≥–æ—Ç–æ–≤–∏—Ç?\\
You may provide a definition with
\DeclareUnicodeCharacter 


! LaTeX Error: Unicode character —Ç (U+0442)
               not set up for use with LaTeX.

See the LaTeX manual or LaTeX Companion for explanation.
Type  H <return>  for immediate help.
 ...                                              
                                                  
l.9 –ß—Ç
        –æ –¥–µ–Ω—å –≥—Ä—è–¥—É—â–∏–π –º–Ω–µ –≥–æ—Ç–æ–≤–∏—Ç?\\
You may provide a definition with
\DeclareUnicodeCharacter 


! LaTeX Error: Unicode character –æ (U+043E)
               not set up for use with LaTeX.

See the LaTeX manual or LaTeX Companion for explanation.
Type  H <return>  for immediate help.
 ...                                              
                                                  
l.9 –ß—Ç–æ
           –¥–µ–Ω—å –≥—Ä—è–¥—É—â–∏–π –º–Ω–µ –≥–æ—Ç–æ–≤–∏—Ç?\\
You may provide a definition with
\DeclareUnicodeCharacter 


! LaTeX Error: Unicode character –¥ (U+0434)
               not set up for use with LaTeX.

See the LaTeX manual or LaTeX Companion for explanation.
Type  H <return>  for immediate help.
 ...                                              
                                                  
l.9 –ß—Ç–æ –¥
             –µ–Ω—å –≥—Ä—è–¥—É—â–∏–π –º–Ω–µ –≥–æ—Ç–æ–≤–∏—Ç?\\
You may provide a definition with
\DeclareUnicodeCharacter 


! LaTeX Error: Unicode character –µ (U+0435)
               not set up for use with LaTeX.

See the LaTeX manual or LaTeX Companion for explanation.
Type  H <return>  for immediate help.
 ...                                              
                                                  
l.9 –ß—Ç–æ –¥–µ
               –Ω—å –≥—Ä—è–¥—É—â–∏–π –º–Ω–µ –≥–æ—Ç–æ–≤–∏—Ç?\\
You may provide a definition with
\DeclareUnicodeCharacter 


! LaTeX Error: Unicode character –Ω (U+043D)
               not set up for use with LaTeX.

See the LaTeX manual or LaTeX Companion for explanation.
Type  H <return>  for immediate help.
 ...                                              
                                                  
l.9 –ß—Ç–æ –¥–µ–Ω
                 —å –≥—Ä—è–¥—É—â–∏–π –º–Ω–µ –≥–æ—Ç–æ–≤–∏—Ç?\\
You may provide a definition with
\DeclareUnicodeCharacter 


! LaTeX Error: Unicode character —å (U+044C)
               not set up for use with LaTeX.

See the LaTeX manual or LaTeX Companion for explanation.
Type  H <return>  for immediate help.
 ...                                              
                                                  
l.9 –ß—Ç–æ –¥–µ–Ω—å
                    –≥—Ä—è–¥—É—â–∏–π –º–Ω–µ –≥–æ—Ç–æ–≤–∏—Ç?\\
You may provide a definition with
\DeclareUnicodeCharacter 


! LaTeX Error: Unicode character –≥ (U+0433)
               not set up for use with LaTeX.

See the LaTeX manual or LaTeX Companion for explanation.
Type  H <return>  for immediate help.
 ...                                              
                                                  
l.9 –ß—Ç–æ –¥–µ–Ω—å –≥
                      —Ä—è–¥—É—â–∏–π –º–Ω–µ –≥–æ—Ç–æ–≤–∏—Ç?\\
You may provide a definition with
\DeclareUnicodeCharacter 


! LaTeX Error: Unicode character —Ä (U+0440)
               not set up for use with LaTeX.

See the LaTeX manual or LaTeX Companion for explanation.
Type  H <return>  for immediate help.
 ...                                              
                                                  
l.9 –ß—Ç–æ –¥–µ–Ω—å –≥—Ä
                        —è–¥—É—â–∏–π –º–Ω–µ –≥–æ—Ç–æ–≤–∏—Ç?\\
You may provide a definition with
\DeclareUnicodeCharacter 


! LaTeX Error: Unicode character —è (U+044F)
               not set up for use with LaTeX.

See the LaTeX manual or LaTeX Companion for explanation.
Type  H <return>  for immediate help.
 ...                                              
                                                  
l.9 –ß—Ç–æ –¥–µ–Ω—å –≥—Ä—è
                          –¥—É—â–∏–π –º–Ω–µ –≥–æ—Ç–æ–≤–∏—Ç?\\
You may provide a definition with
\DeclareUnicodeCharacter 


! LaTeX Error: Unicode character –¥ (U+0434)
               not set up for use with LaTeX.

See the LaTeX manual or LaTeX Companion for explanation.
Type  H <return>  for immediate help.
 ...                                              
                                                  
l.9 –ß—Ç–æ –¥–µ–Ω—å –≥—Ä—è–¥
                            —É—â–∏–π –º–Ω–µ –≥–æ—Ç–æ–≤–∏—Ç?\\
You may provide a definition with
\DeclareUnicodeCharacter 


! LaTeX Error: Unicode character —É (U+0443)
               not set up for use with LaTeX.

See the LaTeX manual or LaTeX Companion for explanation.
Type  H <return>  for immediate help.
 ...                                              
                                                  
l.9 –ß—Ç–æ –¥–µ–Ω—å –≥—Ä—è–¥—É
                              —â–∏–π –º–Ω–µ –≥–æ—Ç–æ–≤–∏—Ç?\\
You may provide a definition with
\DeclareUnicodeCharacter 


! LaTeX Error: Unicode character —â (U+0449)
               not set up for use with LaTeX.

See the LaTeX manual or LaTeX Companion for explanation.
Type  H <return>  for immediate help.
 ...                                              
                                                  
l.9 –ß—Ç–æ –¥–µ–Ω—å –≥—Ä—è–¥—É—â
                                –∏–π –º–Ω–µ –≥–æ—Ç–æ–≤–∏—Ç?\\
You may provide a definition with
\DeclareUnicodeCharacter 


! LaTeX Error: Unicode character –∏ (U+0438)
               not set up for use with LaTeX.

See the LaTeX manual or LaTeX Companion for explanation.
Type  H <return>  for immediate help.
 ...                                              
                                                  
l.9 –ß—Ç–æ –¥–µ–Ω—å –≥—Ä—è–¥—É—â–∏
                                  –π –º–Ω–µ –≥–æ—Ç–æ–≤–∏—Ç?\\
You may provide a definition with
\DeclareUnicodeCharacter 


! LaTeX Error: Unicode character –π (U+0439)
               not set up for use with LaTeX.

See the LaTeX manual or LaTeX Companion for explanation.
Type  H <return>  for immediate help.
 ...                                              
                                                  
l.9 –ß—Ç–æ –¥–µ–Ω—å –≥—Ä—è–¥—É—â–∏–π
                                     –º–Ω–µ –≥–æ—Ç–æ–≤–∏—Ç?\\
You may provide a definition with
\DeclareUnicodeCharacter 


! LaTeX Error: Unicode character –º (U+043C)
               not set up for use with LaTeX.

See the LaTeX manual or LaTeX Companion for explanation.
Type  H <return>  for immediate help.
 ...                                              
                                                  
l.9 –ß—Ç–æ –¥–µ–Ω—å –≥—Ä—è–¥—É—â–∏–π –º
                                       –Ω–µ –≥–æ—Ç–æ–≤–∏—Ç?\\
You may provide a definition with
\DeclareUnicodeCharacter 


! LaTeX Error: Unicode character –Ω (U+043D)
               not set up for use with LaTeX.

See the LaTeX manual or LaTeX Companion for explanation.
Type  H <return>  for immediate help.
 ...                                              
                                                  
l.9 –ß—Ç–æ –¥–µ–Ω—å –≥—Ä—è–¥—É—â–∏–π –º–Ω
                                         –µ –≥–æ—Ç–æ–≤–∏—Ç?\\
You may provide a definition with
\DeclareUnicodeCharacter 


! LaTeX Error: Unicode character –µ (U+0435)
               not set up for use with LaTeX.

See the LaTeX manual or LaTeX Companion for explanation.
Type  H <return>  for immediate help.
 ...                                              
                                                  
l.9 –ß—Ç–æ –¥–µ–Ω—å –≥—Ä—è–¥—É—â–∏–π –º–Ω–µ
                                            –≥–æ—Ç–æ–≤–∏—Ç?\\
You may provide a definition with
\DeclareUnicodeCharacter 


! LaTeX Error: Unicode character –≥ (U+0433)
               not set up for use with LaTeX.

See the LaTeX manual or LaTeX Companion for explanation.
Type  H <return>  for immediate help.
 ...                                              
                                                  
l.9 –ß—Ç–æ –¥–µ–Ω—å –≥—Ä—è–¥—É—â–∏–π –º–Ω–µ –≥
                                              –æ—Ç–æ–≤–∏—Ç?\\
You may provide a definition with
\DeclareUnicodeCharacter 


! LaTeX Error: Unicode character –æ (U+043E)
               not set up for use with LaTeX.

See the LaTeX manual or LaTeX Companion for explanation.
Type  H <return>  for immediate help.
 ...                                              
                                                  
l.9 –ß—Ç–æ –¥–µ–Ω—å –≥—Ä—è–¥—É—â–∏–π –º–Ω–µ –≥–æ
                                                —Ç–æ–≤–∏—Ç?\\
You may provide a definition with
\DeclareUnicodeCharacter 


! LaTeX Error: Unicode character —Ç (U+0442)
               not set up for use with LaTeX.

See the LaTeX manual or LaTeX Companion for explanation.
Type  H <return>  for immediate help.
 ...                                              
                                                  
l.9 –ß—Ç–æ –¥–µ–Ω—å –≥—Ä—è–¥—É—â–∏–π –º–Ω–µ –≥–æ—Ç
                                                  –æ–≤–∏—Ç?\\
You may provide a definition with
\DeclareUnicodeCharacter 


! LaTeX Error: Unicode character –æ (U+043E)
               not set up for use with LaTeX.

See the LaTeX manual or LaTeX Companion for explanation.
Type  H <return>  for immediate help.
 ...                                              
                                                  
l.9 ...æ –¥–µ–Ω—å –≥—Ä—è–¥—É—â–∏–π –º–Ω–µ –≥–æ—Ç–æ
                                                  –≤–∏—Ç?\\
You may provide a definition with
\DeclareUnicodeCharacter 


! LaTeX Error: Unicode character –≤ (U+0432)
               not set up for use with LaTeX.

See the LaTeX manual or LaTeX Companion for explanation.
Type  H <return>  for immediate help.
 ...                                              
                                                  
l.9 ...–¥–µ–Ω—å –≥—Ä—è–¥—É—â–∏–π –º–Ω–µ –≥–æ—Ç–æ–≤
                                                  –∏—Ç?\\
You may provide a definition with
\DeclareUnicodeCharacter 


! LaTeX Error: Unicode character –∏ (U+0438)
               not set up for use with LaTeX.

See the LaTeX manual or LaTeX Companion for explanation.
Type  H <return>  for immediate help.
 ...                                              
                                                  
l.9 ...–µ–Ω—å –≥—Ä—è–¥—É—â–∏–π –º–Ω–µ –≥–æ—Ç–æ–≤–∏
                                                  —Ç?\\
You may provide a definition with
\DeclareUnicodeCharacter 


! LaTeX Error: Unicode character —Ç (U+0442)
               not set up for use with LaTeX.

See the LaTeX manual or LaTeX Companion for explanation.
Type  H <return>  for immediate help.
 ...                                              
                                                  
l.9 ...–Ω—å –≥—Ä—è–¥—É—â–∏–π –º–Ω–µ –≥–æ—Ç–æ–≤–∏—Ç
                                                  ?\\
You may provide a definition with
\DeclareUnicodeCharacter 


! LaTeX Error: Missing \begin{document}.

See the LaTeX manual or LaTeX Companion for explanation.
Type  H <return>  for immediate help.
 ...                                              
                                                  
l.9 ...Ω—å –≥—Ä—è–¥—É—â–∏–π –º–Ω–µ –≥–æ—Ç–æ–≤–∏—Ç?
                                                  \\
You're in trouble here.  Try typing  <return>  to proceed.
If that doesn't work, type  X <return>  to quit.

Missing character: There is no ? in font nullfont!

! LaTeX Error: Unicode character –ï (U+0415)
               not set up for use with LaTeX.

See the LaTeX manual or LaTeX Companion for explanation.
Type  H <return>  for immediate help.
 ...                                              
                                                  
l.10 –ï
       –≥–æ –º–æ–π –≤–∑–æ—Ä –Ω–∞–ø—Ä–∞—Å–Ω–æ –ª–æ–≤–∏—Ç,\\
You may provide a definition with
\DeclareUnicodeCharacter 


! LaTeX Error: Unicode character –≥ (U+0433)
               not set up for use with LaTeX.

See the LaTeX manual or LaTeX Companion for explanation.
Type  H <return>  for immediate help.
 ...                                              
                                                  
l.10 –ï–≥
         –æ –º–æ–π –≤–∑–æ—Ä –Ω–∞–ø—Ä–∞—Å–Ω–æ –ª–æ–≤–∏—Ç,\\
You may provide a definition with
\DeclareUnicodeCharacter 


! LaTeX Error: Unicode character –æ (U+043E)
               not set up for use with LaTeX.

See the LaTeX manual or LaTeX Companion for explanation.
Type  H <return>  for immediate help.
 ...                                              
                                                  
l.10 –ï–≥–æ
            –º–æ–π –≤–∑–æ—Ä –Ω–∞–ø—Ä–∞—Å–Ω–æ –ª–æ–≤–∏—Ç,\\
You may provide a definition with
\DeclareUnicodeCharacter 


! LaTeX Error: Unicode character –º (U+043C)
               not set up for use with LaTeX.

See the LaTeX manual or LaTeX Companion for explanation.
Type  H <return>  for immediate help.
 ...                                              
                                                  
l.10 –ï–≥–æ –º
              –æ–π –≤–∑–æ—Ä –Ω–∞–ø—Ä–∞—Å–Ω–æ –ª–æ–≤–∏—Ç,\\
You may provide a definition with
\DeclareUnicodeCharacter 


! LaTeX Error: Unicode character –æ (U+043E)
               not set up for use with LaTeX.

See the LaTeX manual or LaTeX Companion for explanation.
Type  H <return>  for immediate help.
 ...                                              
                                                  
l.10 –ï–≥–æ –º–æ
                –π –≤–∑–æ—Ä –Ω–∞–ø—Ä–∞—Å–Ω–æ –ª–æ–≤–∏—Ç,\\
You may provide a definition with
\DeclareUnicodeCharacter 


! LaTeX Error: Unicode character –π (U+0439)
               not set up for use with LaTeX.

See the LaTeX manual or LaTeX Companion for explanation.
Type  H <return>  for immediate help.
 ...                                              
                                                  
l.10 –ï–≥–æ –º–æ–π
                   –≤–∑–æ—Ä –Ω–∞–ø—Ä–∞—Å–Ω–æ –ª–æ–≤–∏—Ç,\\
You may provide a definition with
\DeclareUnicodeCharacter 


! LaTeX Error: Unicode character –≤ (U+0432)
               not set up for use with LaTeX.

See the LaTeX manual or LaTeX Companion for explanation.
Type  H <return>  for immediate help.
 ...                                              
                                                  
l.10 –ï–≥–æ –º–æ–π –≤
                     –∑–æ—Ä –Ω–∞–ø—Ä–∞—Å–Ω–æ –ª–æ–≤–∏—Ç,\\
You may provide a definition with
\DeclareUnicodeCharacter 


! LaTeX Error: Unicode character –∑ (U+0437)
               not set up for use with LaTeX.

See the LaTeX manual or LaTeX Companion for explanation.
Type  H <return>  for immediate help.
 ...                                              
                                                  
l.10 –ï–≥–æ –º–æ–π –≤–∑
                       –æ—Ä –Ω–∞–ø—Ä–∞—Å–Ω–æ –ª–æ–≤–∏—Ç,\\
You may provide a definition with
\DeclareUnicodeCharacter 


! LaTeX Error: Unicode character –æ (U+043E)
               not set up for use with LaTeX.

See the LaTeX manual or LaTeX Companion for explanation.
Type  H <return>  for immediate help.
 ...                                              
                                                  
l.10 –ï–≥–æ –º–æ–π –≤–∑–æ
                         —Ä –Ω–∞–ø—Ä–∞—Å–Ω–æ –ª–æ–≤–∏—Ç,\\
You may provide a definition with
\DeclareUnicodeCharacter 


! LaTeX Error: Unicode character —Ä (U+0440)
               not set up for use with LaTeX.

See the LaTeX manual or LaTeX Companion for explanation.
Type  H <return>  for immediate help.
 ...                                              
                                                  
l.10 –ï–≥–æ –º–æ–π –≤–∑–æ—Ä
                            –Ω–∞–ø—Ä–∞—Å–Ω–æ –ª–æ–≤–∏—Ç,\\
You may provide a definition with
\DeclareUnicodeCharacter 


! LaTeX Error: Unicode character –Ω (U+043D)
               not set up for use with LaTeX.

See the LaTeX manual or LaTeX Companion for explanation.
Type  H <return>  for immediate help.
 ...                                              
                                                  
l.10 –ï–≥–æ –º–æ–π –≤–∑–æ—Ä –Ω
                              –∞–ø—Ä–∞—Å–Ω–æ –ª–æ–≤–∏—Ç,\\
You may provide a definition with
\DeclareUnicodeCharacter 


! LaTeX Error: Unicode character –∞ (U+0430)
               not set up for use with LaTeX.

See the LaTeX manual or LaTeX Companion for explanation.
Type  H <return>  for immediate help.
 ...                                              
                                                  
l.10 –ï–≥–æ –º–æ–π –≤–∑–æ—Ä –Ω–∞
                                –ø—Ä–∞—Å–Ω–æ –ª–æ–≤–∏—Ç,\\
You may provide a definition with
\DeclareUnicodeCharacter 


! LaTeX Error: Unicode character –ø (U+043F)
               not set up for use with LaTeX.

See the LaTeX manual or LaTeX Companion for explanation.
Type  H <return>  for immediate help.
 ...                                              
                                                  
l.10 –ï–≥–æ –º–æ–π –≤–∑–æ—Ä –Ω–∞–ø
                                  —Ä–∞—Å–Ω–æ –ª–æ–≤–∏—Ç,\\
You may provide a definition with
\DeclareUnicodeCharacter 


! LaTeX Error: Unicode character —Ä (U+0440)
               not set up for use with LaTeX.

See the LaTeX manual or LaTeX Companion for explanation.
Type  H <return>  for immediate help.
 ...                                              
                                                  
l.10 –ï–≥–æ –º–æ–π –≤–∑–æ—Ä –Ω–∞–ø—Ä
                                    –∞—Å–Ω–æ –ª–æ–≤–∏—Ç,\\
You may provide a definition with
\DeclareUnicodeCharacter 


! LaTeX Error: Unicode character –∞ (U+0430)
               not set up for use with LaTeX.

See the LaTeX manual or LaTeX Companion for explanation.
Type  H <return>  for immediate help.
 ...                                              
                                                  
l.10 –ï–≥–æ –º–æ–π –≤–∑–æ—Ä –Ω–∞–ø—Ä–∞
                                      —Å–Ω–æ –ª–æ–≤–∏—Ç,\\
You may provide a definition with
\DeclareUnicodeCharacter 


! LaTeX Error: Unicode character —Å (U+0441)
               not set up for use with LaTeX.

See the LaTeX manual or LaTeX Companion for explanation.
Type  H <return>  for immediate help.
 ...                                              
                                                  
l.10 –ï–≥–æ –º–æ–π –≤–∑–æ—Ä –Ω–∞–ø—Ä–∞—Å
                                        –Ω–æ –ª–æ–≤–∏—Ç,\\
You may provide a definition with
\DeclareUnicodeCharacter 


! LaTeX Error: Unicode character –Ω (U+043D)
               not set up for use with LaTeX.

See the LaTeX manual or LaTeX Companion for explanation.
Type  H <return>  for immediate help.
 ...                                              
                                                  
l.10 –ï–≥–æ –º–æ–π –≤–∑–æ—Ä –Ω–∞–ø—Ä–∞—Å–Ω
                                          –æ –ª–æ–≤–∏—Ç,\\
You may provide a definition with
\DeclareUnicodeCharacter 


! LaTeX Error: Unicode character –æ (U+043E)
               not set up for use with LaTeX.

See the LaTeX manual or LaTeX Companion for explanation.
Type  H <return>  for immediate help.
 ...                                              
                                                  
l.10 –ï–≥–æ –º–æ–π –≤–∑–æ—Ä –Ω–∞–ø—Ä–∞—Å–Ω–æ
                                             –ª–æ–≤–∏—Ç,\\
You may provide a definition with
\DeclareUnicodeCharacter 


! LaTeX Error: Unicode character –ª (U+043B)
               not set up for use with LaTeX.

See the LaTeX manual or LaTeX Companion for explanation.
Type  H <return>  for immediate help.
 ...                                              
                                                  
l.10 –ï–≥–æ –º–æ–π –≤–∑–æ—Ä –Ω–∞–ø—Ä–∞—Å–Ω–æ –ª
                                               –æ–≤–∏—Ç,\\
You may provide a definition with
\DeclareUnicodeCharacter 


! LaTeX Error: Unicode character –æ (U+043E)
               not set up for use with LaTeX.

See the LaTeX manual or LaTeX Companion for explanation.
Type  H <return>  for immediate help.
 ...                                              
                                                  
l.10 –ï–≥–æ –º–æ–π –≤–∑–æ—Ä –Ω–∞–ø—Ä–∞—Å–Ω–æ –ª–æ
                                                 –≤–∏—Ç,\\
You may provide a definition with
\DeclareUnicodeCharacter 


! LaTeX Error: Unicode character –≤ (U+0432)
               not set up for use with LaTeX.

See the LaTeX manual or LaTeX Companion for explanation.
Type  H <return>  for immediate help.
 ...                                              
                                                  
l.10 ...–æ –º–æ–π –≤–∑–æ—Ä –Ω–∞–ø—Ä–∞—Å–Ω–æ –ª–æ–≤
                                                  –∏—Ç,\\
You may provide a definition with
\DeclareUnicodeCharacter 


! LaTeX Error: Unicode character –∏ (U+0438)
               not set up for use with LaTeX.

See the LaTeX manual or LaTeX Companion for explanation.
Type  H <return>  for immediate help.
 ...                                              
                                                  
l.10 ... –º–æ–π –≤–∑–æ—Ä –Ω–∞–ø—Ä–∞—Å–Ω–æ –ª–æ–≤–∏
                                                  —Ç,\\
You may provide a definition with
\DeclareUnicodeCharacter 


! LaTeX Error: Unicode character —Ç (U+0442)
               not set up for use with LaTeX.

See the LaTeX manual or LaTeX Companion for explanation.
Type  H <return>  for immediate help.
 ...                                              
                                                  
l.10 ...º–æ–π –≤–∑–æ—Ä –Ω–∞–ø—Ä–∞—Å–Ω–æ –ª–æ–≤–∏—Ç
                                                  ,\\
You may provide a definition with
\DeclareUnicodeCharacter 

Missing character: There is no , in font nullfont!

! LaTeX Error: Unicode character –í (U+0412)
               not set up for use with LaTeX.

See the LaTeX manual or LaTeX Companion for explanation.
Type  H <return>  for immediate help.
 ...                                              
                                                  
l.11 –í
        –≥–ª—É–±–æ–∫–æ–π –º–≥–ª–µ —Ç–∞–∏—Ç—Å—è –æ–Ω.\\
You may provide a definition with
\DeclareUnicodeCharacter 


! LaTeX Error: Unicode character –≥ (U+0433)
               not set up for use with LaTeX.

See the LaTeX manual or LaTeX Companion for explanation.
Type  H <return>  for immediate help.
 ...                                              
                                                  
l.11 –í –≥
          –ª—É–±–æ–∫–æ–π –º–≥–ª–µ —Ç–∞–∏—Ç—Å—è –æ–Ω.\\
You may provide a definition with
\DeclareUnicodeCharacter 


! LaTeX Error: Unicode character –ª (U+043B)
               not set up for use with LaTeX.

See the LaTeX manual or LaTeX Companion for explanation.
Type  H <return>  for immediate help.
 ...                                              
                                                  
l.11 –í –≥–ª
            —É–±–æ–∫–æ–π –º–≥–ª–µ —Ç–∞–∏—Ç—Å—è –æ–Ω.\\
You may provide a definition with
\DeclareUnicodeCharacter 


! LaTeX Error: Unicode character —É (U+0443)
               not set up for use with LaTeX.

See the LaTeX manual or LaTeX Companion for explanation.
Type  H <return>  for immediate help.
 ...                                              
                                                  
l.11 –í –≥–ª—É
              –±–æ–∫–æ–π –º–≥–ª–µ —Ç–∞–∏—Ç—Å—è –æ–Ω.\\
You may provide a definition with
\DeclareUnicodeCharacter 


! LaTeX Error: Unicode character –± (U+0431)
               not set up for use with LaTeX.

See the LaTeX manual or LaTeX Companion for explanation.
Type  H <return>  for immediate help.
 ...                                              
                                                  
l.11 –í –≥–ª—É–±
                –æ–∫–æ–π –º–≥–ª–µ —Ç–∞–∏—Ç—Å—è –æ–Ω.\\
You may provide a definition with
\DeclareUnicodeCharacter 


! LaTeX Error: Unicode character –æ (U+043E)
               not set up for use with LaTeX.

See the LaTeX manual or LaTeX Companion for explanation.
Type  H <return>  for immediate help.
 ...                                              
                                                  
l.11 –í –≥–ª—É–±–æ
                  –∫–æ–π –º–≥–ª–µ —Ç–∞–∏—Ç—Å—è –æ–Ω.\\
You may provide a definition with
\DeclareUnicodeCharacter 


! LaTeX Error: Unicode character –∫ (U+043A)
               not set up for use with LaTeX.

See the LaTeX manual or LaTeX Companion for explanation.
Type  H <return>  for immediate help.
 ...                                              
                                                  
l.11 –í –≥–ª—É–±–æ–∫
                    –æ–π –º–≥–ª–µ —Ç–∞–∏—Ç—Å—è –æ–Ω.\\
You may provide a definition with
\DeclareUnicodeCharacter 


! LaTeX Error: Unicode character –æ (U+043E)
               not set up for use with LaTeX.

See the LaTeX manual or LaTeX Companion for explanation.
Type  H <return>  for immediate help.
 ...                                              
                                                  
l.11 –í –≥–ª—É–±–æ–∫–æ
                      –π –º–≥–ª–µ —Ç–∞–∏—Ç—Å—è –æ–Ω.\\
You may provide a definition with
\DeclareUnicodeCharacter 


! LaTeX Error: Unicode character –π (U+0439)
               not set up for use with LaTeX.

See the LaTeX manual or LaTeX Companion for explanation.
Type  H <return>  for immediate help.
 ...                                              
                                                  
l.11 –í –≥–ª—É–±–æ–∫–æ–π
                         –º–≥–ª–µ —Ç–∞–∏—Ç—Å—è –æ–Ω.\\
You may provide a definition with
\DeclareUnicodeCharacter 


! LaTeX Error: Unicode character –º (U+043C)
               not set up for use with LaTeX.

See the LaTeX manual or LaTeX Companion for explanation.
Type  H <return>  for immediate help.
 ...                                              
                                                  
l.11 –í –≥–ª—É–±–æ–∫–æ–π –º
                           –≥–ª–µ —Ç–∞–∏—Ç—Å—è –æ–Ω.\\
You may provide a definition with
\DeclareUnicodeCharacter 


! LaTeX Error: Unicode character –≥ (U+0433)
               not set up for use with LaTeX.

See the LaTeX manual or LaTeX Companion for explanation.
Type  H <return>  for immediate help.
 ...                                              
                                                  
l.11 –í –≥–ª—É–±–æ–∫–æ–π –º–≥
                             –ª–µ —Ç–∞–∏—Ç—Å—è –æ–Ω.\\
You may provide a definition with
\DeclareUnicodeCharacter 


! LaTeX Error: Unicode character –ª (U+043B)
               not set up for use with LaTeX.

See the LaTeX manual or LaTeX Companion for explanation.
Type  H <return>  for immediate help.
 ...                                              
                                                  
l.11 –í –≥–ª—É–±–æ–∫–æ–π –º–≥–ª
                               –µ —Ç–∞–∏—Ç—Å—è –æ–Ω.\\
You may provide a definition with
\DeclareUnicodeCharacter 


! LaTeX Error: Unicode character –µ (U+0435)
               not set up for use with LaTeX.

See the LaTeX manual or LaTeX Companion for explanation.
Type  H <return>  for immediate help.
 ...                                              
                                                  
l.11 –í –≥–ª—É–±–æ–∫–æ–π –º–≥–ª–µ
                                  —Ç–∞–∏—Ç—Å—è –æ–Ω.\\
You may provide a definition with
\DeclareUnicodeCharacter 


! LaTeX Error: Unicode character —Ç (U+0442)
               not set up for use with LaTeX.

See the LaTeX manual or LaTeX Companion for explanation.
Type  H <return>  for immediate help.
 ...                                              
                                                  
l.11 –í –≥–ª—É–±–æ–∫–æ–π –º–≥–ª–µ —Ç
                                    –∞–∏—Ç—Å—è –æ–Ω.\\
You may provide a definition with
\DeclareUnicodeCharacter 


! LaTeX Error: Unicode character –∞ (U+0430)
               not set up for use with LaTeX.

See the LaTeX manual or LaTeX Companion for explanation.
Type  H <return>  for immediate help.
 ...                                              
                                                  
l.11 –í –≥–ª—É–±–æ–∫–æ–π –º–≥–ª–µ —Ç–∞
                                      –∏—Ç—Å—è –æ–Ω.\\
You may provide a definition with
\DeclareUnicodeCharacter 


! LaTeX Error: Unicode character –∏ (U+0438)
               not set up for use with LaTeX.

See the LaTeX manual or LaTeX Companion for explanation.
Type  H <return>  for immediate help.
 ...                                              
                                                  
l.11 –í –≥–ª—É–±–æ–∫–æ–π –º–≥–ª–µ —Ç–∞–∏
                                        —Ç—Å—è –æ–Ω.\\
You may provide a definition with
\DeclareUnicodeCharacter 


! LaTeX Error: Unicode character —Ç (U+0442)
               not set up for use with LaTeX.

See the LaTeX manual or LaTeX Companion for explanation.
Type  H <return>  for immediate help.
 ...                                              
                                                  
l.11 –í –≥–ª—É–±–æ–∫–æ–π –º–≥–ª–µ —Ç–∞–∏—Ç
                                          —Å—è –æ–Ω.\\
You may provide a definition with
\DeclareUnicodeCharacter 


! LaTeX Error: Unicode character —Å (U+0441)
               not set up for use with LaTeX.

See the LaTeX manual or LaTeX Companion for explanation.
Type  H <return>  for immediate help.
 ...                                              
                                                  
l.11 –í –≥–ª—É–±–æ–∫–æ–π –º–≥–ª–µ —Ç–∞–∏—Ç—Å
                                            —è –æ–Ω.\\
You may provide a definition with
\DeclareUnicodeCharacter 


! LaTeX Error: Unicode character —è (U+044F)
               not set up for use with LaTeX.

See the LaTeX manual or LaTeX Companion for explanation.
Type  H <return>  for immediate help.
 ...                                              
                                                  
l.11 –í –≥–ª—É–±–æ–∫–æ–π –º–≥–ª–µ —Ç–∞–∏—Ç—Å—è
                                               –æ–Ω.\\
You may provide a definition with
\DeclareUnicodeCharacter 


! LaTeX Error: Unicode character –æ (U+043E)
               not set up for use with LaTeX.

See the LaTeX manual or LaTeX Companion for explanation.
Type  H <return>  for immediate help.
 ...                                              
                                                  
l.11 –í –≥–ª—É–±–æ–∫–æ–π –º–≥–ª–µ —Ç–∞–∏—Ç—Å—è –æ
                                                 –Ω.\\
You may provide a definition with
\DeclareUnicodeCharacter 


! LaTeX Error: Unicode character –Ω (U+043D)
               not set up for use with LaTeX.

See the LaTeX manual or LaTeX Companion for explanation.
Type  H <return>  for immediate help.
 ...                                              
                                                  
l.11 ...≥–ª—É–±–æ–∫–æ–π –º–≥–ª–µ —Ç–∞–∏—Ç—Å—è –æ–Ω
                                                  .\\
You may provide a definition with
\DeclareUnicodeCharacter 

Missing character: There is no . in font nullfont!

! LaTeX Error: Unicode character –ù (U+041D)
               not set up for use with LaTeX.

See the LaTeX manual or LaTeX Companion for explanation.
Type  H <return>  for immediate help.
 ...                                              
                                                  
l.12 –ù
       –µ—Ç –Ω—É–∂–¥—ã; –ø—Ä–∞–≤ —Å—É–¥—å–±—ã –∑–∞–∫–æ–Ω.\\
You may provide a definition with
\DeclareUnicodeCharacter 


! LaTeX Error: Unicode character –µ (U+0435)
               not set up for use with LaTeX.

See the LaTeX manual or LaTeX Companion for explanation.
Type  H <return>  for immediate help.
 ...                                              
                                                  
l.12 –ù–µ
         —Ç –Ω—É–∂–¥—ã; –ø—Ä–∞–≤ —Å—É–¥—å–±—ã –∑–∞–∫–æ–Ω.\\
You may provide a definition with
\DeclareUnicodeCharacter 


! LaTeX Error: Unicode character —Ç (U+0442)
               not set up for use with LaTeX.

See the LaTeX manual or LaTeX Companion for explanation.
Type  H <return>  for immediate help.
 ...                                              
                                                  
l.12 –ù–µ—Ç
            –Ω—É–∂–¥—ã; –ø—Ä–∞–≤ —Å—É–¥—å–±—ã –∑–∞–∫–æ–Ω.\\
You may provide a definition with
\DeclareUnicodeCharacter 


! LaTeX Error: Unicode character –Ω (U+043D)
               not set up for use with LaTeX.

See the LaTeX manual or LaTeX Companion for explanation.
Type  H <return>  for immediate help.
 ...                                              
                                                  
l.12 –ù–µ—Ç –Ω
              —É–∂–¥—ã; –ø—Ä–∞–≤ —Å—É–¥—å–±—ã –∑–∞–∫–æ–Ω.\\
You may provide a definition with
\DeclareUnicodeCharacter 


! LaTeX Error: Unicode character —É (U+0443)
               not set up for use with LaTeX.

See the LaTeX manual or LaTeX Companion for explanation.
Type  H <return>  for immediate help.
 ...                                              
                                                  
l.12 –ù–µ—Ç –Ω—É
                –∂–¥—ã; –ø—Ä–∞–≤ —Å—É–¥—å–±—ã –∑–∞–∫–æ–Ω.\\
You may provide a definition with
\DeclareUnicodeCharacter 


! LaTeX Error: Unicode character –∂ (U+0436)
               not set up for use with LaTeX.

See the LaTeX manual or LaTeX Companion for explanation.
Type  H <return>  for immediate help.
 ...                                              
                                                  
l.12 –ù–µ—Ç –Ω—É–∂
                  –¥—ã; –ø—Ä–∞–≤ —Å—É–¥—å–±—ã –∑–∞–∫–æ–Ω.\\
You may provide a definition with
\DeclareUnicodeCharacter 


! LaTeX Error: Unicode character –¥ (U+0434)
               not set up for use with LaTeX.

See the LaTeX manual or LaTeX Companion for explanation.
Type  H <return>  for immediate help.
 ...                                              
                                                  
l.12 –ù–µ—Ç –Ω—É–∂–¥
                    —ã; –ø—Ä–∞–≤ —Å—É–¥—å–±—ã –∑–∞–∫–æ–Ω.\\
You may provide a definition with
\DeclareUnicodeCharacter 


! LaTeX Error: Unicode character —ã (U+044B)
               not set up for use with LaTeX.

See the LaTeX manual or LaTeX Companion for explanation.
Type  H <return>  for immediate help.
 ...                                              
                                                  
l.12 –ù–µ—Ç –Ω—É–∂–¥—ã
                      ; –ø—Ä–∞–≤ —Å—É–¥—å–±—ã –∑–∞–∫–æ–Ω.\\
You may provide a definition with
\DeclareUnicodeCharacter 

Missing character: There is no ; in font nullfont!

! LaTeX Error: Unicode character –ø (U+043F)
               not set up for use with LaTeX.

See the LaTeX manual or LaTeX Companion for explanation.
Type  H <return>  for immediate help.
 ...                                              
                                                  
l.12 –ù–µ—Ç –Ω—É–∂–¥—ã; –ø
                          —Ä–∞–≤ —Å—É–¥—å–±—ã –∑–∞–∫–æ–Ω.\\
You may provide a definition with
\DeclareUnicodeCharacter 


! LaTeX Error: Unicode character —Ä (U+0440)
               not set up for use with LaTeX.

See the LaTeX manual or LaTeX Companion for explanation.
Type  H <return>  for immediate help.
 ...                                              
                                                  
l.12 –ù–µ—Ç –Ω—É–∂–¥—ã; –ø—Ä
                            –∞–≤ —Å—É–¥—å–±—ã –∑–∞–∫–æ–Ω.\\
You may provide a definition with
\DeclareUnicodeCharacter 


! LaTeX Error: Unicode character –∞ (U+0430)
               not set up for use with LaTeX.

See the LaTeX manual or LaTeX Companion for explanation.
Type  H <return>  for immediate help.
 ...                                              
                                                  
l.12 –ù–µ—Ç –Ω—É–∂–¥—ã; –ø—Ä–∞
                              –≤ —Å—É–¥—å–±—ã –∑–∞–∫–æ–Ω.\\
You may provide a definition with
\DeclareUnicodeCharacter 


! LaTeX Error: Unicode character –≤ (U+0432)
               not set up for use with LaTeX.

See the LaTeX manual or LaTeX Companion for explanation.
Type  H <return>  for immediate help.
 ...                                              
                                                  
l.12 –ù–µ—Ç –Ω—É–∂–¥—ã; –ø—Ä–∞–≤
                                 —Å—É–¥—å–±—ã –∑–∞–∫–æ–Ω.\\
You may provide a definition with
\DeclareUnicodeCharacter 


! LaTeX Error: Unicode character —Å (U+0441)
               not set up for use with LaTeX.

See the LaTeX manual or LaTeX Companion for explanation.
Type  H <return>  for immediate help.
 ...                                              
                                                  
l.12 –ù–µ—Ç –Ω—É–∂–¥—ã; –ø—Ä–∞–≤ —Å
                                   —É–¥—å–±—ã –∑–∞–∫–æ–Ω.\\
You may provide a definition with
\DeclareUnicodeCharacter 


! LaTeX Error: Unicode character —É (U+0443)
               not set up for use with LaTeX.

See the LaTeX manual or LaTeX Companion for explanation.
Type  H <return>  for immediate help.
 ...                                              
                                                  
l.12 –ù–µ—Ç –Ω—É–∂–¥—ã; –ø—Ä–∞–≤ —Å—É
                                     –¥—å–±—ã –∑–∞–∫–æ–Ω.\\
You may provide a definition with
\DeclareUnicodeCharacter 


! LaTeX Error: Unicode character –¥ (U+0434)
               not set up for use with LaTeX.

See the LaTeX manual or LaTeX Companion for explanation.
Type  H <return>  for immediate help.
 ...                                              
                                                  
l.12 –ù–µ—Ç –Ω—É–∂–¥—ã; –ø—Ä–∞–≤ —Å—É–¥
                                       —å–±—ã –∑–∞–∫–æ–Ω.\\
You may provide a definition with
\DeclareUnicodeCharacter 


! LaTeX Error: Unicode character —å (U+044C)
               not set up for use with LaTeX.

See the LaTeX manual or LaTeX Companion for explanation.
Type  H <return>  for immediate help.
 ...                                              
                                                  
l.12 –ù–µ—Ç –Ω—É–∂–¥—ã; –ø—Ä–∞–≤ —Å—É–¥—å
                                         –±—ã –∑–∞–∫–æ–Ω.\\
You may provide a definition with
\DeclareUnicodeCharacter 


! LaTeX Error: Unicode character –± (U+0431)
               not set up for use with LaTeX.

See the LaTeX manual or LaTeX Companion for explanation.
Type  H <return>  for immediate help.
 ...                                              
                                                  
l.12 –ù–µ—Ç –Ω—É–∂–¥—ã; –ø—Ä–∞–≤ —Å—É–¥—å–±
                                           —ã –∑–∞–∫–æ–Ω.\\
You may provide a definition with
\DeclareUnicodeCharacter 


! LaTeX Error: Unicode character —ã (U+044B)
               not set up for use with LaTeX.

See the LaTeX manual or LaTeX Companion for explanation.
Type  H <return>  for immediate help.
 ...                                              
                                                  
l.12 –ù–µ—Ç –Ω—É–∂–¥—ã; –ø—Ä–∞–≤ —Å—É–¥—å–±—ã
                                              –∑–∞–∫–æ–Ω.\\
You may provide a definition with
\DeclareUnicodeCharacter 


! LaTeX Error: Unicode character –∑ (U+0437)
               not set up for use with LaTeX.

See the LaTeX manual or LaTeX Companion for explanation.
Type  H <return>  for immediate help.
 ...                                              
                                                  
l.12 –ù–µ—Ç –Ω—É–∂–¥—ã; –ø—Ä–∞–≤ —Å—É–¥—å–±—ã –∑
                                                –∞–∫–æ–Ω.\\
You may provide a definition with
\DeclareUnicodeCharacter 


! LaTeX Error: Unicode character –∞ (U+0430)
               not set up for use with LaTeX.

See the LaTeX manual or LaTeX Companion for explanation.
Type  H <return>  for immediate help.
 ...                                              
                                                  
l.12 –ù–µ—Ç –Ω—É–∂–¥—ã; –ø—Ä–∞–≤ —Å—É–¥—å–±—ã –∑–∞
                                                  –∫–æ–Ω.\\
You may provide a definition with
\DeclareUnicodeCharacter 


! LaTeX Error: Unicode character –∫ (U+043A)
               not set up for use with LaTeX.

See the LaTeX manual or LaTeX Companion for explanation.
Type  H <return>  for immediate help.
 ...                                              
                                                  
l.12 ...Ç –Ω—É–∂–¥—ã; –ø—Ä–∞–≤ —Å—É–¥—å–±—ã –∑–∞–∫
                                                  –æ–Ω.\\
You may provide a definition with
\DeclareUnicodeCharacter 


! LaTeX Error: Unicode character –æ (U+043E)
               not set up for use with LaTeX.

See the LaTeX manual or LaTeX Companion for explanation.
Type  H <return>  for immediate help.
 ...                                              
                                                  
l.12 ...–Ω—É–∂–¥—ã; –ø—Ä–∞–≤ —Å—É–¥—å–±—ã –∑–∞–∫–æ
                                                  –Ω.\\
You may provide a definition with
\DeclareUnicodeCharacter 


! LaTeX Error: Unicode character –Ω (U+043D)
               not set up for use with LaTeX.

See the LaTeX manual or LaTeX Companion for explanation.
Type  H <return>  for immediate help.
 ...                                              
                                                  
l.12 ...—É–∂–¥—ã; –ø—Ä–∞–≤ —Å—É–¥—å–±—ã –∑–∞–∫–æ–Ω
                                                  .\\
You may provide a definition with
\DeclareUnicodeCharacter 

Missing character: There is no . in font nullfont!

! LaTeX Error: Unicode character –ü (U+041F)
               not set up for use with LaTeX.

See the LaTeX manual or LaTeX Companion for explanation.
Type  H <return>  for immediate help.
 ...                                              
                                                  
l.13 –ü
       –∞–¥—É –ª–∏ —è, —Å—Ç—Ä–µ–ª–æ–π –ø—Ä–æ–Ω–∑–µ–Ω–Ω—ã–π,\\
You may provide a definition with
\DeclareUnicodeCharacter 


! LaTeX Error: Unicode character –∞ (U+0430)
               not set up for use with LaTeX.

See the LaTeX manual or LaTeX Companion for explanation.
Type  H <return>  for immediate help.
 ...                                              
                                                  
l.13 –ü–∞
         –¥—É –ª–∏ —è, —Å—Ç—Ä–µ–ª–æ–π –ø—Ä–æ–Ω–∑–µ–Ω–Ω—ã–π,\\
You may provide a definition with
\DeclareUnicodeCharacter 


! LaTeX Error: Unicode character –¥ (U+0434)
               not set up for use with LaTeX.

See the LaTeX manual or LaTeX Companion for explanation.
Type  H <return>  for immediate help.
 ...                                              
                                                  
l.13 –ü–∞–¥
           —É –ª–∏ —è, —Å—Ç—Ä–µ–ª–æ–π –ø—Ä–æ–Ω–∑–µ–Ω–Ω—ã–π,\\
You may provide a definition with
\DeclareUnicodeCharacter 


! LaTeX Error: Unicode character —É (U+0443)
               not set up for use with LaTeX.

See the LaTeX manual or LaTeX Companion for explanation.
Type  H <return>  for immediate help.
 ...                                              
                                                  
l.13 –ü–∞–¥—É
              –ª–∏ —è, —Å—Ç—Ä–µ–ª–æ–π –ø—Ä–æ–Ω–∑–µ–Ω–Ω—ã–π,\\
You may provide a definition with
\DeclareUnicodeCharacter 


! LaTeX Error: Unicode character –ª (U+043B)
               not set up for use with LaTeX.

See the LaTeX manual or LaTeX Companion for explanation.
Type  H <return>  for immediate help.
 ...                                              
                                                  
l.13 –ü–∞–¥—É –ª
                –∏ —è, —Å—Ç—Ä–µ–ª–æ–π –ø—Ä–æ–Ω–∑–µ–Ω–Ω—ã–π,\\
You may provide a definition with
\DeclareUnicodeCharacter 


! LaTeX Error: Unicode character –∏ (U+0438)
               not set up for use with LaTeX.

See the LaTeX manual or LaTeX Companion for explanation.
Type  H <return>  for immediate help.
 ...                                              
                                                  
l.13 –ü–∞–¥—É –ª–∏
                   —è, —Å—Ç—Ä–µ–ª–æ–π –ø—Ä–æ–Ω–∑–µ–Ω–Ω—ã–π,\\
You may provide a definition with
\DeclareUnicodeCharacter 


! LaTeX Error: Unicode character —è (U+044F)
               not set up for use with LaTeX.

See the LaTeX manual or LaTeX Companion for explanation.
Type  H <return>  for immediate help.
 ...                                              
                                                  
l.13 –ü–∞–¥—É –ª–∏ —è
                     , —Å—Ç—Ä–µ–ª–æ–π –ø—Ä–æ–Ω–∑–µ–Ω–Ω—ã–π,\\
You may provide a definition with
\DeclareUnicodeCharacter 

Missing character: There is no , in font nullfont!

! LaTeX Error: Unicode character —Å (U+0441)
               not set up for use with LaTeX.

See the LaTeX manual or LaTeX Companion for explanation.
Type  H <return>  for immediate help.
 ...                                              
                                                  
l.13 –ü–∞–¥—É –ª–∏ —è, —Å
                         —Ç—Ä–µ–ª–æ–π –ø—Ä–æ–Ω–∑–µ–Ω–Ω—ã–π,\\
You may provide a definition with
\DeclareUnicodeCharacter 


! LaTeX Error: Unicode character —Ç (U+0442)
               not set up for use with LaTeX.

See the LaTeX manual or LaTeX Companion for explanation.
Type  H <return>  for immediate help.
 ...                                              
                                                  
l.13 –ü–∞–¥—É –ª–∏ —è, —Å—Ç
                           —Ä–µ–ª–æ–π –ø—Ä–æ–Ω–∑–µ–Ω–Ω—ã–π,\\
You may provide a definition with
\DeclareUnicodeCharacter 


! LaTeX Error: Unicode character —Ä (U+0440)
               not set up for use with LaTeX.

See the LaTeX manual or LaTeX Companion for explanation.
Type  H <return>  for immediate help.
 ...                                              
                                                  
l.13 –ü–∞–¥—É –ª–∏ —è, —Å—Ç—Ä
                             –µ–ª–æ–π –ø—Ä–æ–Ω–∑–µ–Ω–Ω—ã–π,\\
You may provide a definition with
\DeclareUnicodeCharacter 


! LaTeX Error: Unicode character –µ (U+0435)
               not set up for use with LaTeX.

See the LaTeX manual or LaTeX Companion for explanation.
Type  H <return>  for immediate help.
 ...                                              
                                                  
l.13 –ü–∞–¥—É –ª–∏ —è, —Å—Ç—Ä–µ
                               –ª–æ–π –ø—Ä–æ–Ω–∑–µ–Ω–Ω—ã–π,\\
You may provide a definition with
\DeclareUnicodeCharacter 


! LaTeX Error: Unicode character –ª (U+043B)
               not set up for use with LaTeX.

See the LaTeX manual or LaTeX Companion for explanation.
Type  H <return>  for immediate help.
 ...                                              
                                                  
l.13 –ü–∞–¥—É –ª–∏ —è, —Å—Ç—Ä–µ–ª
                                 –æ–π –ø—Ä–æ–Ω–∑–µ–Ω–Ω—ã–π,\\
You may provide a definition with
\DeclareUnicodeCharacter 


! LaTeX Error: Unicode character –æ (U+043E)
               not set up for use with LaTeX.

See the LaTeX manual or LaTeX Companion for explanation.
Type  H <return>  for immediate help.
 ...                                              
                                                  
l.13 –ü–∞–¥—É –ª–∏ —è, —Å—Ç—Ä–µ–ª–æ
                                   –π –ø—Ä–æ–Ω–∑–µ–Ω–Ω—ã–π,\\
You may provide a definition with
\DeclareUnicodeCharacter 


! LaTeX Error: Unicode character –π (U+0439)
               not set up for use with LaTeX.

See the LaTeX manual or LaTeX Companion for explanation.
Type  H <return>  for immediate help.
 ...                                              
                                                  
l.13 –ü–∞–¥—É –ª–∏ —è, —Å—Ç—Ä–µ–ª–æ–π
                                      –ø—Ä–æ–Ω–∑–µ–Ω–Ω—ã–π,\\
You may provide a definition with
\DeclareUnicodeCharacter 


! LaTeX Error: Unicode character –ø (U+043F)
               not set up for use with LaTeX.

See the LaTeX manual or LaTeX Companion for explanation.
Type  H <return>  for immediate help.
 ...                                              
                                                  
l.13 –ü–∞–¥—É –ª–∏ —è, —Å—Ç—Ä–µ–ª–æ–π –ø
                                        —Ä–æ–Ω–∑–µ–Ω–Ω—ã–π,\\
You may provide a definition with
\DeclareUnicodeCharacter 


! LaTeX Error: Unicode character —Ä (U+0440)
               not set up for use with LaTeX.

See the LaTeX manual or LaTeX Companion for explanation.
Type  H <return>  for immediate help.
 ...                                              
                                                  
l.13 –ü–∞–¥—É –ª–∏ —è, —Å—Ç—Ä–µ–ª–æ–π –ø—Ä
                                          –æ–Ω–∑–µ–Ω–Ω—ã–π,\\
You may provide a definition with
\DeclareUnicodeCharacter 


! LaTeX Error: Unicode character –æ (U+043E)
               not set up for use with LaTeX.

See the LaTeX manual or LaTeX Companion for explanation.
Type  H <return>  for immediate help.
 ...                                              
                                                  
l.13 –ü–∞–¥—É –ª–∏ —è, —Å—Ç—Ä–µ–ª–æ–π –ø—Ä–æ
                                            –Ω–∑–µ–Ω–Ω—ã–π,\\
You may provide a definition with
\DeclareUnicodeCharacter 


! LaTeX Error: Unicode character –Ω (U+043D)
               not set up for use with LaTeX.

See the LaTeX manual or LaTeX Companion for explanation.
Type  H <return>  for immediate help.
 ...                                              
                                                  
l.13 –ü–∞–¥—É –ª–∏ —è, —Å—Ç—Ä–µ–ª–æ–π –ø—Ä–æ–Ω
                                              –∑–µ–Ω–Ω—ã–π,\\
You may provide a definition with
\DeclareUnicodeCharacter 


! LaTeX Error: Unicode character –∑ (U+0437)
               not set up for use with LaTeX.

See the LaTeX manual or LaTeX Companion for explanation.
Type  H <return>  for immediate help.
 ...                                              
                                                  
l.13 –ü–∞–¥—É –ª–∏ —è, —Å—Ç—Ä–µ–ª–æ–π –ø—Ä–æ–Ω–∑
                                                –µ–Ω–Ω—ã–π,\\
You may provide a definition with
\DeclareUnicodeCharacter 


! LaTeX Error: Unicode character –µ (U+0435)
               not set up for use with LaTeX.

See the LaTeX manual or LaTeX Companion for explanation.
Type  H <return>  for immediate help.
 ...                                              
                                                  
l.13 –ü–∞–¥—É –ª–∏ —è, —Å—Ç—Ä–µ–ª–æ–π –ø—Ä–æ–Ω–∑–µ
                                                  –Ω–Ω—ã–π,\\
You may provide a definition with
\DeclareUnicodeCharacter 


! LaTeX Error: Unicode character –Ω (U+043D)
               not set up for use with LaTeX.

See the LaTeX manual or LaTeX Companion for explanation.
Type  H <return>  for immediate help.
 ...                                              
                                                  
l.13 ...¥—É –ª–∏ —è, —Å—Ç—Ä–µ–ª–æ–π –ø—Ä–æ–Ω–∑–µ–Ω
                                                  –Ω—ã–π,\\
You may provide a definition with
\DeclareUnicodeCharacter 


! LaTeX Error: Unicode character –Ω (U+043D)
               not set up for use with LaTeX.

See the LaTeX manual or LaTeX Companion for explanation.
Type  H <return>  for immediate help.
 ...                                              
                                                  
l.13 ...É –ª–∏ —è, —Å—Ç—Ä–µ–ª–æ–π –ø—Ä–æ–Ω–∑–µ–Ω–Ω
                                                  —ã–π,\\
You may provide a definition with
\DeclareUnicodeCharacter 


! LaTeX Error: Unicode character —ã (U+044B)
               not set up for use with LaTeX.

See the LaTeX manual or LaTeX Companion for explanation.
Type  H <return>  for immediate help.
 ...                                              
                                                  
l.13 ...–ª–∏ —è, —Å—Ç—Ä–µ–ª–æ–π –ø—Ä–æ–Ω–∑–µ–Ω–Ω—ã
                                                  –π,\\
You may provide a definition with
\DeclareUnicodeCharacter 


! LaTeX Error: Unicode character –π (U+0439)
               not set up for use with LaTeX.

See the LaTeX manual or LaTeX Companion for explanation.
Type  H <return>  for immediate help.
 ...                                              
                                                  
l.13 ...–∏ —è, —Å—Ç—Ä–µ–ª–æ–π –ø—Ä–æ–Ω–∑–µ–Ω–Ω—ã–π
                                                  ,\\
You may provide a definition with
\DeclareUnicodeCharacter 

Missing character: There is no , in font nullfont!

! LaTeX Error: Unicode character –ò (U+0418)
               not set up for use with LaTeX.

See the LaTeX manual or LaTeX Companion for explanation.
Type  H <return>  for immediate help.
 ...                                              
                                                  
l.14 –ò
       –ª—å –º–∏–º–æ –ø—Ä–æ–ª–µ—Ç–∏—Ç –æ–Ω–∞,\\
You may provide a definition with
\DeclareUnicodeCharacter 


! LaTeX Error: Unicode character –ª (U+043B)
               not set up for use with LaTeX.

See the LaTeX manual or LaTeX Companion for explanation.
Type  H <return>  for immediate help.
 ...                                              
                                                  
l.14 –ò–ª
         —å –º–∏–º–æ –ø—Ä–æ–ª–µ—Ç–∏—Ç –æ–Ω–∞,\\
You may provide a definition with
\DeclareUnicodeCharacter 


! LaTeX Error: Unicode character —å (U+044C)
               not set up for use with LaTeX.

See the LaTeX manual or LaTeX Companion for explanation.
Type  H <return>  for immediate help.
 ...                                              
                                                  
l.14 –ò–ª—å
            –º–∏–º–æ –ø—Ä–æ–ª–µ—Ç–∏—Ç –æ–Ω–∞,\\
You may provide a definition with
\DeclareUnicodeCharacter 


! LaTeX Error: Unicode character –º (U+043C)
               not set up for use with LaTeX.

See the LaTeX manual or LaTeX Companion for explanation.
Type  H <return>  for immediate help.
 ...                                              
                                                  
l.14 –ò–ª—å –º
              –∏–º–æ –ø—Ä–æ–ª–µ—Ç–∏—Ç –æ–Ω–∞,\\
You may provide a definition with
\DeclareUnicodeCharacter 


! LaTeX Error: Unicode character –∏ (U+0438)
               not set up for use with LaTeX.

See the LaTeX manual or LaTeX Companion for explanation.
Type  H <return>  for immediate help.
 ...                                              
                                                  
l.14 –ò–ª—å –º–∏
                –º–æ –ø—Ä–æ–ª–µ—Ç–∏—Ç –æ–Ω–∞,\\
You may provide a definition with
\DeclareUnicodeCharacter 


! LaTeX Error: Unicode character –º (U+043C)
               not set up for use with LaTeX.

See the LaTeX manual or LaTeX Companion for explanation.
Type  H <return>  for immediate help.
 ...                                              
                                                  
l.14 –ò–ª—å –º–∏–º
                  –æ –ø—Ä–æ–ª–µ—Ç–∏—Ç –æ–Ω–∞,\\
You may provide a definition with
\DeclareUnicodeCharacter 


! LaTeX Error: Unicode character –æ (U+043E)
               not set up for use with LaTeX.

See the LaTeX manual or LaTeX Companion for explanation.
Type  H <return>  for immediate help.
 ...                                              
                                                  
l.14 –ò–ª—å –º–∏–º–æ
                     –ø—Ä–æ–ª–µ—Ç–∏—Ç –æ–Ω–∞,\\
You may provide a definition with
\DeclareUnicodeCharacter 


! LaTeX Error: Unicode character –ø (U+043F)
               not set up for use with LaTeX.

See the LaTeX manual or LaTeX Companion for explanation.
Type  H <return>  for immediate help.
 ...                                              
                                                  
l.14 –ò–ª—å –º–∏–º–æ –ø
                       —Ä–æ–ª–µ—Ç–∏—Ç –æ–Ω–∞,\\
(That makes 100 errors; please try again.) 
Here is how much of TeX's memory you used:
 54 strings out of 474485
 993 string characters out of 5743734
 1924542 words of memory out of 5000000
 22439 multiletter control sequences out of 15000+600000
 558377 words of font info for 37 fonts, out of 8000000 for 9000
 1141 hyphenation exceptions out of 8191
 18i,1n,20p,157b,82s stack positions out of 10000i,1000n,20000p,200000b,200000s

!  ==> Fatal error occurred, no output PDF file produced!
