This is pdfTeX, Version 3.141592653-2.6-1.40.25 (MiKTeX 24.1) (preloaded format=pdflatex 2024.12.7)  17 DEC 2024 19:27
entering extended mode
 restricted \write18 enabled.
 %&-line parsing enabled.
**./capitolo10.tex
(capitolo10.tex
LaTeX2e <2023-11-01> patch level 1
L3 programming layer <2024-01-04>
! Undefined control sequence.
l.1 \chapter
            {capitolo10}\label{section:cap10}
The control sequence at the end of the top line
of your error message was never \def'ed. If you have
misspelled it (e.g., `\hobx'), type `I' and the correct
spelling (e.g., `I\hbox'). Otherwise just continue,
and I'll forget about whatever was undefined.


! LaTeX Error: Missing \begin{document}.

See the LaTeX manual or LaTeX Companion for explanation.
Type  H <return>  for immediate help.
 ...                                              
                                                  
l.1 \chapter{c
              apitolo10}\label{section:cap10}
You're in trouble here.  Try typing  <return>  to proceed.
If that doesn't work, type  X <return>  to quit.

Missing character: There is no c in font nullfont!
Missing character: There is no a in font nullfont!
Missing character: There is no p in font nullfont!
Missing character: There is no i in font nullfont!
Missing character: There is no t in font nullfont!
Missing character: There is no o in font nullfont!
Missing character: There is no l in font nullfont!
Missing character: There is no o in font nullfont!
Missing character: There is no 1 in font nullfont!
Missing character: There is no 0 in font nullfont!

Overfull \hbox (20.0pt too wide) in paragraph at lines 1--2
[][] 
 []


! LaTeX Error: Missing \begin{document}.

See the LaTeX manual or LaTeX Companion for explanation.
Type  H <return>  for immediate help.
 ...                                              
                                                  
l.3 ...–∏–∑ –ø—É—Ç–µ—à–µ—Å—Ç–≤–∏—è –û–Ω–µ–≥–∏–Ω–∞}
                                                  
You're in trouble here.  Try typing  <return>  to proceed.
If that doesn't work, type  X <return>  to quit.


! LaTeX Error: Unicode character –û (U+041E)
               not set up for use with LaTeX.

See the LaTeX manual or LaTeX Companion for explanation.
Type  H <return>  for immediate help.
 ...                                              
                                                  
l.3 ...–∏–∑ –ø—É—Ç–µ—à–µ—Å—Ç–≤–∏—è –û–Ω–µ–≥–∏–Ω–∞}
                                                  
You may provide a definition with
\DeclareUnicodeCharacter 


! LaTeX Error: Unicode character —Ç (U+0442)
               not set up for use with LaTeX.

See the LaTeX manual or LaTeX Companion for explanation.
Type  H <return>  for immediate help.
 ...                                              
                                                  
l.3 ...–∏–∑ –ø—É—Ç–µ—à–µ—Å—Ç–≤–∏—è –û–Ω–µ–≥–∏–Ω–∞}
                                                  
You may provide a definition with
\DeclareUnicodeCharacter 


! LaTeX Error: Unicode character —Ä (U+0440)
               not set up for use with LaTeX.

See the LaTeX manual or LaTeX Companion for explanation.
Type  H <return>  for immediate help.
 ...                                              
                                                  
l.3 ...–∏–∑ –ø—É—Ç–µ—à–µ—Å—Ç–≤–∏—è –û–Ω–µ–≥–∏–Ω–∞}
                                                  
You may provide a definition with
\DeclareUnicodeCharacter 


! LaTeX Error: Unicode character —ã (U+044B)
               not set up for use with LaTeX.

See the LaTeX manual or LaTeX Companion for explanation.
Type  H <return>  for immediate help.
 ...                                              
                                                  
l.3 ...–∏–∑ –ø—É—Ç–µ—à–µ—Å—Ç–≤–∏—è –û–Ω–µ–≥–∏–Ω–∞}
                                                  
You may provide a definition with
\DeclareUnicodeCharacter 


! LaTeX Error: Unicode character –≤ (U+0432)
               not set up for use with LaTeX.

See the LaTeX manual or LaTeX Companion for explanation.
Type  H <return>  for immediate help.
 ...                                              
                                                  
l.3 ...–∏–∑ –ø—É—Ç–µ—à–µ—Å—Ç–≤–∏—è –û–Ω–µ–≥–∏–Ω–∞}
                                                  
You may provide a definition with
\DeclareUnicodeCharacter 


! LaTeX Error: Unicode character –∫ (U+043A)
               not set up for use with LaTeX.

See the LaTeX manual or LaTeX Companion for explanation.
Type  H <return>  for immediate help.
 ...                                              
                                                  
l.3 ...–∏–∑ –ø—É—Ç–µ—à–µ—Å—Ç–≤–∏—è –û–Ω–µ–≥–∏–Ω–∞}
                                                  
You may provide a definition with
\DeclareUnicodeCharacter 


! LaTeX Error: Unicode character –∏ (U+0438)
               not set up for use with LaTeX.

See the LaTeX manual or LaTeX Companion for explanation.
Type  H <return>  for immediate help.
 ...                                              
                                                  
l.3 ...–∏–∑ –ø—É—Ç–µ—à–µ—Å—Ç–≤–∏—è –û–Ω–µ–≥–∏–Ω–∞}
                                                  
You may provide a definition with
\DeclareUnicodeCharacter 


! LaTeX Error: Unicode character –∏ (U+0438)
               not set up for use with LaTeX.

See the LaTeX manual or LaTeX Companion for explanation.
Type  H <return>  for immediate help.
 ...                                              
                                                  
l.3 ...–∏–∑ –ø—É—Ç–µ—à–µ—Å—Ç–≤–∏—è –û–Ω–µ–≥–∏–Ω–∞}
                                                  
You may provide a definition with
\DeclareUnicodeCharacter 


! LaTeX Error: Unicode character –∑ (U+0437)
               not set up for use with LaTeX.

See the LaTeX manual or LaTeX Companion for explanation.
Type  H <return>  for immediate help.
 ...                                              
                                                  
l.3 ...–∏–∑ –ø—É—Ç–µ—à–µ—Å—Ç–≤–∏—è –û–Ω–µ–≥–∏–Ω–∞}
                                                  
You may provide a definition with
\DeclareUnicodeCharacter 


! LaTeX Error: Unicode character –ø (U+043F)
               not set up for use with LaTeX.

See the LaTeX manual or LaTeX Companion for explanation.
Type  H <return>  for immediate help.
 ...                                              
                                                  
l.3 ...–∏–∑ –ø—É—Ç–µ—à–µ—Å—Ç–≤–∏—è –û–Ω–µ–≥–∏–Ω–∞}
                                                  
You may provide a definition with
\DeclareUnicodeCharacter 


! LaTeX Error: Unicode character —É (U+0443)
               not set up for use with LaTeX.

See the LaTeX manual or LaTeX Companion for explanation.
Type  H <return>  for immediate help.
 ...                                              
                                                  
l.3 ...–∏–∑ –ø—É—Ç–µ—à–µ—Å—Ç–≤–∏—è –û–Ω–µ–≥–∏–Ω–∞}
                                                  
You may provide a definition with
\DeclareUnicodeCharacter 


! LaTeX Error: Unicode character —Ç (U+0442)
               not set up for use with LaTeX.

See the LaTeX manual or LaTeX Companion for explanation.
Type  H <return>  for immediate help.
 ...                                              
                                                  
l.3 ...–∏–∑ –ø—É—Ç–µ—à–µ—Å—Ç–≤–∏—è –û–Ω–µ–≥–∏–Ω–∞}
                                                  
You may provide a definition with
\DeclareUnicodeCharacter 


! LaTeX Error: Unicode character –µ (U+0435)
               not set up for use with LaTeX.

See the LaTeX manual or LaTeX Companion for explanation.
Type  H <return>  for immediate help.
 ...                                              
                                                  
l.3 ...–∏–∑ –ø—É—Ç–µ—à–µ—Å—Ç–≤–∏—è –û–Ω–µ–≥–∏–Ω–∞}
                                                  
You may provide a definition with
\DeclareUnicodeCharacter 


! LaTeX Error: Unicode character —à (U+0448)
               not set up for use with LaTeX.

See the LaTeX manual or LaTeX Companion for explanation.
Type  H <return>  for immediate help.
 ...                                              
                                                  
l.3 ...–∏–∑ –ø—É—Ç–µ—à–µ—Å—Ç–≤–∏—è –û–Ω–µ–≥–∏–Ω–∞}
                                                  
You may provide a definition with
\DeclareUnicodeCharacter 


! LaTeX Error: Unicode character –µ (U+0435)
               not set up for use with LaTeX.

See the LaTeX manual or LaTeX Companion for explanation.
Type  H <return>  for immediate help.
 ...                                              
                                                  
l.3 ...–∏–∑ –ø—É—Ç–µ—à–µ—Å—Ç–≤–∏—è –û–Ω–µ–≥–∏–Ω–∞}
                                                  
You may provide a definition with
\DeclareUnicodeCharacter 


! LaTeX Error: Unicode character —Å (U+0441)
               not set up for use with LaTeX.

See the LaTeX manual or LaTeX Companion for explanation.
Type  H <return>  for immediate help.
 ...                                              
                                                  
l.3 ...–∏–∑ –ø—É—Ç–µ—à–µ—Å—Ç–≤–∏—è –û–Ω–µ–≥–∏–Ω–∞}
                                                  
You may provide a definition with
\DeclareUnicodeCharacter 


! LaTeX Error: Unicode character —Ç (U+0442)
               not set up for use with LaTeX.

See the LaTeX manual or LaTeX Companion for explanation.
Type  H <return>  for immediate help.
 ...                                              
                                                  
l.3 ...–∏–∑ –ø—É—Ç–µ—à–µ—Å—Ç–≤–∏—è –û–Ω–µ–≥–∏–Ω–∞}
                                                  
You may provide a definition with
\DeclareUnicodeCharacter 


! LaTeX Error: Unicode character –≤ (U+0432)
               not set up for use with LaTeX.

See the LaTeX manual or LaTeX Companion for explanation.
Type  H <return>  for immediate help.
 ...                                              
                                                  
l.3 ...–∏–∑ –ø—É—Ç–µ—à–µ—Å—Ç–≤–∏—è –û–Ω–µ–≥–∏–Ω–∞}
                                                  
You may provide a definition with
\DeclareUnicodeCharacter 


! LaTeX Error: Unicode character –∏ (U+0438)
               not set up for use with LaTeX.

See the LaTeX manual or LaTeX Companion for explanation.
Type  H <return>  for immediate help.
 ...                                              
                                                  
l.3 ...–∏–∑ –ø—É—Ç–µ—à–µ—Å—Ç–≤–∏—è –û–Ω–µ–≥–∏–Ω–∞}
                                                  
You may provide a definition with
\DeclareUnicodeCharacter 


! LaTeX Error: Unicode character —è (U+044F)
               not set up for use with LaTeX.

See the LaTeX manual or LaTeX Companion for explanation.
Type  H <return>  for immediate help.
 ...                                              
                                                  
l.3 ...–∏–∑ –ø—É—Ç–µ—à–µ—Å—Ç–≤–∏—è –û–Ω–µ–≥–∏–Ω–∞}
                                                  
You may provide a definition with
\DeclareUnicodeCharacter 


! LaTeX Error: Unicode character –û (U+041E)
               not set up for use with LaTeX.

See the LaTeX manual or LaTeX Companion for explanation.
Type  H <return>  for immediate help.
 ...                                              
                                                  
l.3 ...–∏–∑ –ø—É—Ç–µ—à–µ—Å—Ç–≤–∏—è –û–Ω–µ–≥–∏–Ω–∞}
                                                  
You may provide a definition with
\DeclareUnicodeCharacter 


! LaTeX Error: Unicode character –Ω (U+043D)
               not set up for use with LaTeX.

See the LaTeX manual or LaTeX Companion for explanation.
Type  H <return>  for immediate help.
 ...                                              
                                                  
l.3 ...–∏–∑ –ø—É—Ç–µ—à–µ—Å—Ç–≤–∏—è –û–Ω–µ–≥–∏–Ω–∞}
                                                  
You may provide a definition with
\DeclareUnicodeCharacter 


! LaTeX Error: Unicode character –µ (U+0435)
               not set up for use with LaTeX.

See the LaTeX manual or LaTeX Companion for explanation.
Type  H <return>  for immediate help.
 ...                                              
                                                  
l.3 ...–∏–∑ –ø—É—Ç–µ—à–µ—Å—Ç–≤–∏—è –û–Ω–µ–≥–∏–Ω–∞}
                                                  
You may provide a definition with
\DeclareUnicodeCharacter 


! LaTeX Error: Unicode character –≥ (U+0433)
               not set up for use with LaTeX.

See the LaTeX manual or LaTeX Companion for explanation.
Type  H <return>  for immediate help.
 ...                                              
                                                  
l.3 ...–∏–∑ –ø—É—Ç–µ—à–µ—Å—Ç–≤–∏—è –û–Ω–µ–≥–∏–Ω–∞}
                                                  
You may provide a definition with
\DeclareUnicodeCharacter 


! LaTeX Error: Unicode character –∏ (U+0438)
               not set up for use with LaTeX.

See the LaTeX manual or LaTeX Companion for explanation.
Type  H <return>  for immediate help.
 ...                                              
                                                  
l.3 ...–∏–∑ –ø—É—Ç–µ—à–µ—Å—Ç–≤–∏—è –û–Ω–µ–≥–∏–Ω–∞}
                                                  
You may provide a definition with
\DeclareUnicodeCharacter 


! LaTeX Error: Unicode character –Ω (U+043D)
               not set up for use with LaTeX.

See the LaTeX manual or LaTeX Companion for explanation.
Type  H <return>  for immediate help.
 ...                                              
                                                  
l.3 ...–∏–∑ –ø—É—Ç–µ—à–µ—Å—Ç–≤–∏—è –û–Ω–µ–≥–∏–Ω–∞}
                                                  
You may provide a definition with
\DeclareUnicodeCharacter 


! LaTeX Error: Unicode character –∞ (U+0430)
               not set up for use with LaTeX.

See the LaTeX manual or LaTeX Companion for explanation.
Type  H <return>  for immediate help.
 ...                                              
                                                  
l.3 ...–∏–∑ –ø—É—Ç–µ—à–µ—Å—Ç–≤–∏—è –û–Ω–µ–≥–∏–Ω–∞}
                                                  
You may provide a definition with
\DeclareUnicodeCharacter 


Overfull \hbox (20.0pt too wide) in paragraph at lines 3--4
[]
 []


! LaTeX Error: Unicode character –ü (U+041F)
               not set up for use with LaTeX.

See the LaTeX manual or LaTeX Companion for explanation.
Type  H <return>  for immediate help.
 ...                                              
                                                  
l.5 –ü
      –æ—Å–ª–µ–¥–Ω—è—è –≥–ª–∞–≤–∞ ¬´–ï–≤–≥–µ–Ω–∏—è –û–Ω–µ–≥–∏–Ω–∞¬ª –∏–∑–¥–∞...

You may provide a definition with
\DeclareUnicodeCharacter 


! LaTeX Error: Unicode character –æ (U+043E)
               not set up for use with LaTeX.

See the LaTeX manual or LaTeX Companion for explanation.
Type  H <return>  for immediate help.
 ...                                              
                                                  
l.5 –ü–æ
        —Å–ª–µ–¥–Ω—è—è –≥–ª–∞–≤–∞ ¬´–ï–≤–≥–µ–Ω–∏—è –û–Ω–µ–≥–∏–Ω–∞¬ª –∏–∑–¥–∞...

You may provide a definition with
\DeclareUnicodeCharacter 


! LaTeX Error: Unicode character —Å (U+0441)
               not set up for use with LaTeX.

See the LaTeX manual or LaTeX Companion for explanation.
Type  H <return>  for immediate help.
 ...                                              
                                                  
l.5 –ü–æ—Å
          –ª–µ–¥–Ω—è—è –≥–ª–∞–≤–∞ ¬´–ï–≤–≥–µ–Ω–∏—è –û–Ω–µ–≥–∏–Ω–∞¬ª –∏–∑–¥–∞...

You may provide a definition with
\DeclareUnicodeCharacter 


! LaTeX Error: Unicode character –ª (U+043B)
               not set up for use with LaTeX.

See the LaTeX manual or LaTeX Companion for explanation.
Type  H <return>  for immediate help.
 ...                                              
                                                  
l.5 –ü–æ—Å–ª
            –µ–¥–Ω—è—è –≥–ª–∞–≤–∞ ¬´–ï–≤–≥–µ–Ω–∏—è –û–Ω–µ–≥–∏–Ω–∞¬ª –∏–∑–¥–∞...

You may provide a definition with
\DeclareUnicodeCharacter 


! LaTeX Error: Unicode character –µ (U+0435)
               not set up for use with LaTeX.

See the LaTeX manual or LaTeX Companion for explanation.
Type  H <return>  for immediate help.
 ...                                              
                                                  
l.5 –ü–æ—Å–ª–µ
              –¥–Ω—è—è –≥–ª–∞–≤–∞ ¬´–ï–≤–≥–µ–Ω–∏—è –û–Ω–µ–≥–∏–Ω–∞¬ª –∏–∑–¥–∞...

You may provide a definition with
\DeclareUnicodeCharacter 


! LaTeX Error: Unicode character –¥ (U+0434)
               not set up for use with LaTeX.

See the LaTeX manual or LaTeX Companion for explanation.
Type  H <return>  for immediate help.
 ...                                              
                                                  
l.5 –ü–æ—Å–ª–µ–¥
                –Ω—è—è –≥–ª–∞–≤–∞ ¬´–ï–≤–≥–µ–Ω–∏—è –û–Ω–µ–≥–∏–Ω–∞¬ª –∏–∑–¥–∞...

You may provide a definition with
\DeclareUnicodeCharacter 


! LaTeX Error: Unicode character –Ω (U+043D)
               not set up for use with LaTeX.

See the LaTeX manual or LaTeX Companion for explanation.
Type  H <return>  for immediate help.
 ...                                              
                                                  
l.5 –ü–æ—Å–ª–µ–¥–Ω
                  —è—è –≥–ª–∞–≤–∞ ¬´–ï–≤–≥–µ–Ω–∏—è –û–Ω–µ–≥–∏–Ω–∞¬ª –∏–∑–¥–∞...

You may provide a definition with
\DeclareUnicodeCharacter 


! LaTeX Error: Unicode character —è (U+044F)
               not set up for use with LaTeX.

See the LaTeX manual or LaTeX Companion for explanation.
Type  H <return>  for immediate help.
 ...                                              
                                                  
l.5 –ü–æ—Å–ª–µ–¥–Ω—è
                    —è –≥–ª–∞–≤–∞ ¬´–ï–≤–≥–µ–Ω–∏—è –û–Ω–µ–≥–∏–Ω–∞¬ª –∏–∑–¥–∞...

You may provide a definition with
\DeclareUnicodeCharacter 


! LaTeX Error: Unicode character —è (U+044F)
               not set up for use with LaTeX.

See the LaTeX manual or LaTeX Companion for explanation.
Type  H <return>  for immediate help.
 ...                                              
                                                  
l.5 –ü–æ—Å–ª–µ–¥–Ω—è—è
                       –≥–ª–∞–≤–∞ ¬´–ï–≤–≥–µ–Ω–∏—è –û–Ω–µ–≥–∏–Ω–∞¬ª –∏–∑–¥–∞...

You may provide a definition with
\DeclareUnicodeCharacter 


! LaTeX Error: Unicode character –≥ (U+0433)
               not set up for use with LaTeX.

See the LaTeX manual or LaTeX Companion for explanation.
Type  H <return>  for immediate help.
 ...                                              
                                                  
l.5 –ü–æ—Å–ª–µ–¥–Ω—è—è –≥
                         –ª–∞–≤–∞ ¬´–ï–≤–≥–µ–Ω–∏—è –û–Ω–µ–≥–∏–Ω–∞¬ª –∏–∑–¥–∞...

You may provide a definition with
\DeclareUnicodeCharacter 


! LaTeX Error: Unicode character –ª (U+043B)
               not set up for use with LaTeX.

See the LaTeX manual or LaTeX Companion for explanation.
Type  H <return>  for immediate help.
 ...                                              
                                                  
l.5 –ü–æ—Å–ª–µ–¥–Ω—è—è –≥–ª
                           –∞–≤–∞ ¬´–ï–≤–≥–µ–Ω–∏—è –û–Ω–µ–≥–∏–Ω–∞¬ª –∏–∑–¥–∞...

You may provide a definition with
\DeclareUnicodeCharacter 


! LaTeX Error: Unicode character –∞ (U+0430)
               not set up for use with LaTeX.

See the LaTeX manual or LaTeX Companion for explanation.
Type  H <return>  for immediate help.
 ...                                              
                                                  
l.5 –ü–æ—Å–ª–µ–¥–Ω—è—è –≥–ª–∞
                             –≤–∞ ¬´–ï–≤–≥–µ–Ω–∏—è –û–Ω–µ–≥–∏–Ω–∞¬ª –∏–∑–¥–∞...

You may provide a definition with
\DeclareUnicodeCharacter 


! LaTeX Error: Unicode character –≤ (U+0432)
               not set up for use with LaTeX.

See the LaTeX manual or LaTeX Companion for explanation.
Type  H <return>  for immediate help.
 ...                                              
                                                  
l.5 –ü–æ—Å–ª–µ–¥–Ω—è—è –≥–ª–∞–≤
                               –∞ ¬´–ï–≤–≥–µ–Ω–∏—è –û–Ω–µ–≥–∏–Ω–∞¬ª –∏–∑–¥–∞...

You may provide a definition with
\DeclareUnicodeCharacter 


! LaTeX Error: Unicode character –∞ (U+0430)
               not set up for use with LaTeX.

See the LaTeX manual or LaTeX Companion for explanation.
Type  H <return>  for immediate help.
 ...                                              
                                                  
l.5 –ü–æ—Å–ª–µ–¥–Ω—è—è –≥–ª–∞–≤–∞
                                  ¬´–ï–≤–≥–µ–Ω–∏—è –û–Ω–µ–≥–∏–Ω–∞¬ª –∏–∑–¥–∞...

You may provide a definition with
\DeclareUnicodeCharacter 


! LaTeX Error: Command \guillemetleft unavailable in encoding .

See the LaTeX manual or LaTeX Companion for explanation.
Type  H <return>  for immediate help.
 ...                                              
                                                  
l.5 –ü–æ—Å–ª–µ–¥–Ω—è—è –≥–ª–∞–≤–∞ ¬´
                                    –ï–≤–≥–µ–Ω–∏—è –û–Ω–µ–≥–∏–Ω–∞¬ª –∏–∑–¥–∞...

Your command was ignored.
Type  I <command> <return>  to replace it with another command,
or  <return>  to continue without it.


! LaTeX Error: Unicode character –ï (U+0415)
               not set up for use with LaTeX.

See the LaTeX manual or LaTeX Companion for explanation.
Type  H <return>  for immediate help.
 ...                                              
                                                  
l.5 –ü–æ—Å–ª–µ–¥–Ω—è—è –≥–ª–∞–≤–∞ ¬´–ï
                                      –≤–≥–µ–Ω–∏—è –û–Ω–µ–≥–∏–Ω–∞¬ª –∏–∑–¥–∞...

You may provide a definition with
\DeclareUnicodeCharacter 


! LaTeX Error: Unicode character –≤ (U+0432)
               not set up for use with LaTeX.

See the LaTeX manual or LaTeX Companion for explanation.
Type  H <return>  for immediate help.
 ...                                              
                                                  
l.5 –ü–æ—Å–ª–µ–¥–Ω—è—è –≥–ª–∞–≤–∞ ¬´–ï–≤
                                        –≥–µ–Ω–∏—è –û–Ω–µ–≥–∏–Ω–∞¬ª –∏–∑–¥–∞...

You may provide a definition with
\DeclareUnicodeCharacter 


! LaTeX Error: Unicode character –≥ (U+0433)
               not set up for use with LaTeX.

See the LaTeX manual or LaTeX Companion for explanation.
Type  H <return>  for immediate help.
 ...                                              
                                                  
l.5 –ü–æ—Å–ª–µ–¥–Ω—è—è –≥–ª–∞–≤–∞ ¬´–ï–≤–≥
                                          –µ–Ω–∏—è –û–Ω–µ–≥–∏–Ω–∞¬ª –∏–∑–¥–∞...

You may provide a definition with
\DeclareUnicodeCharacter 


! LaTeX Error: Unicode character –µ (U+0435)
               not set up for use with LaTeX.

See the LaTeX manual or LaTeX Companion for explanation.
Type  H <return>  for immediate help.
 ...                                              
                                                  
l.5 –ü–æ—Å–ª–µ–¥–Ω—è—è –≥–ª–∞–≤–∞ ¬´–ï–≤–≥–µ
                                            –Ω–∏—è –û–Ω–µ–≥–∏–Ω–∞¬ª –∏–∑–¥–∞...

You may provide a definition with
\DeclareUnicodeCharacter 


! LaTeX Error: Unicode character –Ω (U+043D)
               not set up for use with LaTeX.

See the LaTeX manual or LaTeX Companion for explanation.
Type  H <return>  for immediate help.
 ...                                              
                                                  
l.5 –ü–æ—Å–ª–µ–¥–Ω—è—è –≥–ª–∞–≤–∞ ¬´–ï–≤–≥–µ–Ω
                                              –∏—è –û–Ω–µ–≥–∏–Ω–∞¬ª –∏–∑–¥–∞...

You may provide a definition with
\DeclareUnicodeCharacter 


! LaTeX Error: Unicode character –∏ (U+0438)
               not set up for use with LaTeX.

See the LaTeX manual or LaTeX Companion for explanation.
Type  H <return>  for immediate help.
 ...                                              
                                                  
l.5 –ü–æ—Å–ª–µ–¥–Ω—è—è –≥–ª–∞–≤–∞ ¬´–ï–≤–≥–µ–Ω–∏
                                                —è –û–Ω–µ–≥–∏–Ω–∞¬ª –∏–∑–¥–∞...

You may provide a definition with
\DeclareUnicodeCharacter 


! LaTeX Error: Unicode character —è (U+044F)
               not set up for use with LaTeX.

See the LaTeX manual or LaTeX Companion for explanation.
Type  H <return>  for immediate help.
 ...                                              
                                                  
l.5 –ü–æ—Å–ª–µ–¥–Ω—è—è –≥–ª–∞–≤–∞ ¬´–ï–≤–≥–µ–Ω–∏—è
                                                   –û–Ω–µ–≥–∏–Ω–∞¬ª –∏–∑–¥–∞...

You may provide a definition with
\DeclareUnicodeCharacter 


! LaTeX Error: Unicode character –û (U+041E)
               not set up for use with LaTeX.

See the LaTeX manual or LaTeX Companion for explanation.
Type  H <return>  for immediate help.
 ...                                              
                                                  
l.5 ...–ª–µ–¥–Ω—è—è –≥–ª–∞–≤–∞ ¬´–ï–≤–≥–µ–Ω–∏—è –û
                                                  –Ω–µ–≥–∏–Ω–∞¬ª –∏–∑–¥–∞–Ω–...

You may provide a definition with
\DeclareUnicodeCharacter 


! LaTeX Error: Unicode character –Ω (U+043D)
               not set up for use with LaTeX.

See the LaTeX manual or LaTeX Companion for explanation.
Type  H <return>  for immediate help.
 ...                                              
                                                  
l.5 ...–µ–¥–Ω—è—è –≥–ª–∞–≤–∞ ¬´–ï–≤–≥–µ–Ω–∏—è –û–Ω
                                                  –µ–≥–∏–Ω–∞¬ª –∏–∑–¥–∞–Ω–∞ ...

You may provide a definition with
\DeclareUnicodeCharacter 


! LaTeX Error: Unicode character –µ (U+0435)
               not set up for use with LaTeX.

See the LaTeX manual or LaTeX Companion for explanation.
Type  H <return>  for immediate help.
 ...                                              
                                                  
l.5 ...–¥–Ω—è—è –≥–ª–∞–≤–∞ ¬´–ï–≤–≥–µ–Ω–∏—è –û–Ω–µ
                                                  –≥–∏–Ω–∞¬ª –∏–∑–¥–∞–Ω–∞ –±...

You may provide a definition with
\DeclareUnicodeCharacter 


! LaTeX Error: Unicode character –≥ (U+0433)
               not set up for use with LaTeX.

See the LaTeX manual or LaTeX Companion for explanation.
Type  H <return>  for immediate help.
 ...                                              
                                                  
l.5 ...–Ω—è—è –≥–ª–∞–≤–∞ ¬´–ï–≤–≥–µ–Ω–∏—è –û–Ω–µ–≥
                                                  –∏–Ω–∞¬ª –∏–∑–¥–∞–Ω–∞ –±—ã...

You may provide a definition with
\DeclareUnicodeCharacter 


! LaTeX Error: Unicode character –∏ (U+0438)
               not set up for use with LaTeX.

See the LaTeX manual or LaTeX Companion for explanation.
Type  H <return>  for immediate help.
 ...                                              
                                                  
l.5 ...—è—è –≥–ª–∞–≤–∞ ¬´–ï–≤–≥–µ–Ω–∏—è –û–Ω–µ–≥–∏
                                                  –Ω–∞¬ª –∏–∑–¥–∞–Ω–∞ –±—ã–ª...

You may provide a definition with
\DeclareUnicodeCharacter 


! LaTeX Error: Unicode character –Ω (U+043D)
               not set up for use with LaTeX.

See the LaTeX manual or LaTeX Companion for explanation.
Type  H <return>  for immediate help.
 ...                                              
                                                  
l.5 ...—è –≥–ª–∞–≤–∞ ¬´–ï–≤–≥–µ–Ω–∏—è –û–Ω–µ–≥–∏–Ω
                                                  –∞¬ª –∏–∑–¥–∞–Ω–∞ –±—ã–ª–∞...

You may provide a definition with
\DeclareUnicodeCharacter 


! LaTeX Error: Unicode character –∞ (U+0430)
               not set up for use with LaTeX.

See the LaTeX manual or LaTeX Companion for explanation.
Type  H <return>  for immediate help.
 ...                                              
                                                  
l.5 ... –≥–ª–∞–≤–∞ ¬´–ï–≤–≥–µ–Ω–∏—è –û–Ω–µ–≥–∏–Ω–∞
                                                  ¬ª –∏–∑–¥–∞–Ω–∞ –±—ã–ª–∞ –...

You may provide a definition with
\DeclareUnicodeCharacter 


! LaTeX Error: Command \guillemetright unavailable in encoding .

See the LaTeX manual or LaTeX Companion for explanation.
Type  H <return>  for immediate help.
 ...                                              
                                                  
l.5 ...≥–ª–∞–≤–∞ ¬´–ï–≤–≥–µ–Ω–∏—è –û–Ω–µ–≥–∏–Ω–∞¬ª
                                                   –∏–∑–¥–∞–Ω–∞ –±—ã–ª–∞ –æ—...

Your command was ignored.
Type  I <command> <return>  to replace it with another command,
or  <return>  to continue without it.


! LaTeX Error: Unicode character –∏ (U+0438)
               not set up for use with LaTeX.

See the LaTeX manual or LaTeX Companion for explanation.
Type  H <return>  for immediate help.
 ...                                              
                                                  
l.5 ...–∞–≤–∞ ¬´–ï–≤–≥–µ–Ω–∏—è –û–Ω–µ–≥–∏–Ω–∞¬ª –∏
                                                  –∑–¥–∞–Ω–∞ –±—ã–ª–∞ –æ—Å–æ...

You may provide a definition with
\DeclareUnicodeCharacter 


! LaTeX Error: Unicode character –∑ (U+0437)
               not set up for use with LaTeX.

See the LaTeX manual or LaTeX Companion for explanation.
Type  H <return>  for immediate help.
 ...                                              
                                                  
l.5 ...–≤–∞ ¬´–ï–≤–≥–µ–Ω–∏—è –û–Ω–µ–≥–∏–Ω–∞¬ª –∏–∑
                                                  –¥–∞–Ω–∞ –±—ã–ª–∞ –æ—Å–æ–±...

You may provide a definition with
\DeclareUnicodeCharacter 


! LaTeX Error: Unicode character –¥ (U+0434)
               not set up for use with LaTeX.

See the LaTeX manual or LaTeX Companion for explanation.
Type  H <return>  for immediate help.
 ...                                              
                                                  
l.5 ...–∞ ¬´–ï–≤–≥–µ–Ω–∏—è –û–Ω–µ–≥–∏–Ω–∞¬ª –∏–∑–¥
                                                  –∞–Ω–∞ –±—ã–ª–∞ –æ—Å–æ–±–æ...

You may provide a definition with
\DeclareUnicodeCharacter 


! LaTeX Error: Unicode character –∞ (U+0430)
               not set up for use with LaTeX.

See the LaTeX manual or LaTeX Companion for explanation.
Type  H <return>  for immediate help.
 ...                                              
                                                  
l.5 ... ¬´–ï–≤–≥–µ–Ω–∏—è –û–Ω–µ–≥–∏–Ω–∞¬ª –∏–∑–¥–∞
                                                  –Ω–∞ –±—ã–ª–∞ –æ—Å–æ–±–æ, ...

You may provide a definition with
\DeclareUnicodeCharacter 


! LaTeX Error: Unicode character –Ω (U+043D)
               not set up for use with LaTeX.

See the LaTeX manual or LaTeX Companion for explanation.
Type  H <return>  for immediate help.
 ...                                              
                                                  
l.5 ...´–ï–≤–≥–µ–Ω–∏—è –û–Ω–µ–≥–∏–Ω–∞¬ª –∏–∑–¥–∞–Ω
                                                  –∞ –±—ã–ª–∞ –æ—Å–æ–±–æ, —Å...

You may provide a definition with
\DeclareUnicodeCharacter 


! LaTeX Error: Unicode character –∞ (U+0430)
               not set up for use with LaTeX.

See the LaTeX manual or LaTeX Companion for explanation.
Type  H <return>  for immediate help.
 ...                                              
                                                  
l.5 ...ï–≤–≥–µ–Ω–∏—è –û–Ω–µ–≥–∏–Ω–∞¬ª –∏–∑–¥–∞–Ω–∞
                                                   –±—ã–ª–∞ –æ—Å–æ–±–æ, —Å —...

You may provide a definition with
\DeclareUnicodeCharacter 


! LaTeX Error: Unicode character –± (U+0431)
               not set up for use with LaTeX.

See the LaTeX manual or LaTeX Companion for explanation.
Type  H <return>  for immediate help.
 ...                                              
                                                  
l.5 ...–≥–µ–Ω–∏—è –û–Ω–µ–≥–∏–Ω–∞¬ª –∏–∑–¥–∞–Ω–∞ –±
                                                  —ã–ª–∞ –æ—Å–æ–±–æ, —Å —Å–ª...

You may provide a definition with
\DeclareUnicodeCharacter 


! LaTeX Error: Unicode character —ã (U+044B)
               not set up for use with LaTeX.

See the LaTeX manual or LaTeX Companion for explanation.
Type  H <return>  for immediate help.
 ...                                              
                                                  
l.5 ...–µ–Ω–∏—è –û–Ω–µ–≥–∏–Ω–∞¬ª –∏–∑–¥–∞–Ω–∞ –±—ã
                                                  –ª–∞ –æ—Å–æ–±–æ, —Å —Å–ª–µ...

You may provide a definition with
\DeclareUnicodeCharacter 


! LaTeX Error: Unicode character –ª (U+043B)
               not set up for use with LaTeX.

See the LaTeX manual or LaTeX Companion for explanation.
Type  H <return>  for immediate help.
 ...                                              
                                                  
l.5 ...–Ω–∏—è –û–Ω–µ–≥–∏–Ω–∞¬ª –∏–∑–¥–∞–Ω–∞ –±—ã–ª
                                                  –∞ –æ—Å–æ–±–æ, —Å —Å–ª–µ–¥...

You may provide a definition with
\DeclareUnicodeCharacter 


! LaTeX Error: Unicode character –∞ (U+0430)
               not set up for use with LaTeX.

See the LaTeX manual or LaTeX Companion for explanation.
Type  H <return>  for immediate help.
 ...                                              
                                                  
l.5 ...–∏—è –û–Ω–µ–≥–∏–Ω–∞¬ª –∏–∑–¥–∞–Ω–∞ –±—ã–ª–∞
                                                   –æ—Å–æ–±–æ, —Å —Å–ª–µ–¥—É...

You may provide a definition with
\DeclareUnicodeCharacter 


! LaTeX Error: Unicode character –æ (U+043E)
               not set up for use with LaTeX.

See the LaTeX manual or LaTeX Companion for explanation.
Type  H <return>  for immediate help.
 ...                                              
                                                  
l.5 ...è –û–Ω–µ–≥–∏–Ω–∞¬ª –∏–∑–¥–∞–Ω–∞ –±—ã–ª–∞ –æ
                                                  —Å–æ–±–æ, —Å —Å–ª–µ–¥—É—é—...

You may provide a definition with
\DeclareUnicodeCharacter 


! LaTeX Error: Unicode character —Å (U+0441)
               not set up for use with LaTeX.

See the LaTeX manual or LaTeX Companion for explanation.
Type  H <return>  for immediate help.
 ...                                              
                                                  
l.5 ...–û–Ω–µ–≥–∏–Ω–∞¬ª –∏–∑–¥–∞–Ω–∞ –±—ã–ª–∞ –æ—Å
                                                  –æ–±–æ, —Å —Å–ª–µ–¥—É—é—â–...

You may provide a definition with
\DeclareUnicodeCharacter 


! LaTeX Error: Unicode character –æ (U+043E)
               not set up for use with LaTeX.

See the LaTeX manual or LaTeX Companion for explanation.
Type  H <return>  for immediate help.
 ...                                              
                                                  
l.5 ...–Ω–µ–≥–∏–Ω–∞¬ª –∏–∑–¥–∞–Ω–∞ –±—ã–ª–∞ –æ—Å–æ
                                                  –±–æ, —Å —Å–ª–µ–¥—É—é—â–∏–...

You may provide a definition with
\DeclareUnicodeCharacter 


! LaTeX Error: Unicode character –± (U+0431)
               not set up for use with LaTeX.

See the LaTeX manual or LaTeX Companion for explanation.
Type  H <return>  for immediate help.
 ...                                              
                                                  
l.5 ...–µ–≥–∏–Ω–∞¬ª –∏–∑–¥–∞–Ω–∞ –±—ã–ª–∞ –æ—Å–æ–±
                                                  –æ, —Å —Å–ª–µ–¥—É—é—â–∏–º ...

You may provide a definition with
\DeclareUnicodeCharacter 


! LaTeX Error: Unicode character –æ (U+043E)
               not set up for use with LaTeX.

See the LaTeX manual or LaTeX Companion for explanation.
Type  H <return>  for immediate help.
 ...                                              
                                                  
l.5 ...–≥–∏–Ω–∞¬ª –∏–∑–¥–∞–Ω–∞ –±—ã–ª–∞ –æ—Å–æ–±–æ
                                                  , —Å —Å–ª–µ–¥—É—é—â–∏–º –ø...

You may provide a definition with
\DeclareUnicodeCharacter 


! LaTeX Error: Missing \begin{document}.

See the LaTeX manual or LaTeX Companion for explanation.
Type  H <return>  for immediate help.
 ...                                              
                                                  
l.5 ...≥–∏–Ω–∞¬ª –∏–∑–¥–∞–Ω–∞ –±—ã–ª–∞ –æ—Å–æ–±–æ,
                                                   —Å —Å–ª–µ–¥—É—é—â–∏–º –ø—...

You're in trouble here.  Try typing  <return>  to proceed.
If that doesn't work, type  X <return>  to quit.

Missing character: There is no , in font nullfont!

! LaTeX Error: Unicode character —Å (U+0441)
               not set up for use with LaTeX.

See the LaTeX manual or LaTeX Companion for explanation.
Type  H <return>  for immediate help.
 ...                                              
                                                  
l.5 ...–Ω–∞¬ª –∏–∑–¥–∞–Ω–∞ –±—ã–ª–∞ –æ—Å–æ–±–æ, —Å
                                                   —Å–ª–µ–¥—É—é—â–∏–º –ø—Ä–µ...

You may provide a definition with
\DeclareUnicodeCharacter 


! LaTeX Error: Unicode character —Å (U+0441)
               not set up for use with LaTeX.

See the LaTeX manual or LaTeX Companion for explanation.
Type  H <return>  for immediate help.
 ...                                              
                                                  
l.5 ...∞¬ª –∏–∑–¥–∞–Ω–∞ –±—ã–ª–∞ –æ—Å–æ–±–æ, —Å —Å
                                                  –ª–µ–¥—É—é—â–∏–º –ø—Ä–µ–¥–...

You may provide a definition with
\DeclareUnicodeCharacter 


! LaTeX Error: Unicode character –ª (U+043B)
               not set up for use with LaTeX.

See the LaTeX manual or LaTeX Companion for explanation.
Type  H <return>  for immediate help.
 ...                                              
                                                  
l.5 ...ª –∏–∑–¥–∞–Ω–∞ –±—ã–ª–∞ –æ—Å–æ–±–æ, —Å —Å–ª
                                                  –µ–¥—É—é—â–∏–º –ø—Ä–µ–¥–∏—...

You may provide a definition with
\DeclareUnicodeCharacter 


! LaTeX Error: Unicode character –µ (U+0435)
               not set up for use with LaTeX.

See the LaTeX manual or LaTeX Companion for explanation.
Type  H <return>  for immediate help.
 ...                                              
                                                  
l.5 ...–∏–∑–¥–∞–Ω–∞ –±—ã–ª–∞ –æ—Å–æ–±–æ, —Å —Å–ª–µ
                                                  –¥—É—é—â–∏–º –ø—Ä–µ–¥–∏—Å–...

You may provide a definition with
\DeclareUnicodeCharacter 


! LaTeX Error: Unicode character –¥ (U+0434)
               not set up for use with LaTeX.

See the LaTeX manual or LaTeX Companion for explanation.
Type  H <return>  for immediate help.
 ...                                              
                                                  
l.5 ...–∑–¥–∞–Ω–∞ –±—ã–ª–∞ –æ—Å–æ–±–æ, —Å —Å–ª–µ–¥
                                                  —É—é—â–∏–º –ø—Ä–µ–¥–∏—Å–ª–...

You may provide a definition with
\DeclareUnicodeCharacter 


! LaTeX Error: Unicode character —É (U+0443)
               not set up for use with LaTeX.

See the LaTeX manual or LaTeX Companion for explanation.
Type  H <return>  for immediate help.
 ...                                              
                                                  
l.5 ...–¥–∞–Ω–∞ –±—ã–ª–∞ –æ—Å–æ–±–æ, —Å —Å–ª–µ–¥—É
                                                  —é—â–∏–º –ø—Ä–µ–¥–∏—Å–ª–æ–...

You may provide a definition with
\DeclareUnicodeCharacter 


! LaTeX Error: Unicode character —é (U+044E)
               not set up for use with LaTeX.

See the LaTeX manual or LaTeX Companion for explanation.
Type  H <return>  for immediate help.
 ...                                              
                                                  
l.5 ...–∞–Ω–∞ –±—ã–ª–∞ –æ—Å–æ–±–æ, —Å —Å–ª–µ–¥—É—é
                                                  —â–∏–º –ø—Ä–µ–¥–∏—Å–ª–æ–≤–...

You may provide a definition with
\DeclareUnicodeCharacter 


! LaTeX Error: Unicode character —â (U+0449)
               not set up for use with LaTeX.

See the LaTeX manual or LaTeX Companion for explanation.
Type  H <return>  for immediate help.
 ...                                              
                                                  
l.5 ...–Ω–∞ –±—ã–ª–∞ –æ—Å–æ–±–æ, —Å —Å–ª–µ–¥—É—é—â
                                                  –∏–º –ø—Ä–µ–¥–∏—Å–ª–æ–≤–∏–...

You may provide a definition with
\DeclareUnicodeCharacter 


! LaTeX Error: Unicode character –∏ (U+0438)
               not set up for use with LaTeX.

See the LaTeX manual or LaTeX Companion for explanation.
Type  H <return>  for immediate help.
 ...                                              
                                                  
l.5 ...–∞ –±—ã–ª–∞ –æ—Å–æ–±–æ, —Å —Å–ª–µ–¥—É—é—â–∏
                                                  –º –ø—Ä–µ–¥–∏—Å–ª–æ–≤–∏–µ–º:
You may provide a definition with
\DeclareUnicodeCharacter 


! LaTeX Error: Unicode character –º (U+043C)
               not set up for use with LaTeX.

See the LaTeX manual or LaTeX Companion for explanation.
Type  H <return>  for immediate help.
 ...                                              
                                                  
l.5 ... –±—ã–ª–∞ –æ—Å–æ–±–æ, —Å —Å–ª–µ–¥—É—é—â–∏–º
                                                   –ø—Ä–µ–¥–∏—Å–ª–æ–≤–∏–µ–º:
You may provide a definition with
\DeclareUnicodeCharacter 


! LaTeX Error: Unicode character –ø (U+043F)
               not set up for use with LaTeX.

See the LaTeX manual or LaTeX Companion for explanation.
Type  H <return>  for immediate help.
 ...                                              
                                                  
l.5 ...—ã–ª–∞ –æ—Å–æ–±–æ, —Å —Å–ª–µ–¥—É—é—â–∏–º –ø
                                                  —Ä–µ–¥–∏—Å–ª–æ–≤–∏–µ–º:
You may provide a definition with
\DeclareUnicodeCharacter 


! LaTeX Error: Unicode character —Ä (U+0440)
               not set up for use with LaTeX.

See the LaTeX manual or LaTeX Companion for explanation.
Type  H <return>  for immediate help.
 ...                                              
                                                  
l.5 ...–ª–∞ –æ—Å–æ–±–æ, —Å —Å–ª–µ–¥—É—é—â–∏–º –ø—Ä
                                                  –µ–¥–∏—Å–ª–æ–≤–∏–µ–º:
You may provide a definition with
\DeclareUnicodeCharacter 


! LaTeX Error: Unicode character –µ (U+0435)
               not set up for use with LaTeX.

See the LaTeX manual or LaTeX Companion for explanation.
Type  H <return>  for immediate help.
 ...                                              
                                                  
l.5 ...–∞ –æ—Å–æ–±–æ, —Å —Å–ª–µ–¥—É—é—â–∏–º –ø—Ä–µ
                                                  –¥–∏—Å–ª–æ–≤–∏–µ–º:
You may provide a definition with
\DeclareUnicodeCharacter 


! LaTeX Error: Unicode character –¥ (U+0434)
               not set up for use with LaTeX.

See the LaTeX manual or LaTeX Companion for explanation.
Type  H <return>  for immediate help.
 ...                                              
                                                  
l.5 ... –æ—Å–æ–±–æ, —Å —Å–ª–µ–¥—É—é—â–∏–º –ø—Ä–µ–¥
                                                  –∏—Å–ª–æ–≤–∏–µ–º:
You may provide a definition with
\DeclareUnicodeCharacter 


! LaTeX Error: Unicode character –∏ (U+0438)
               not set up for use with LaTeX.

See the LaTeX manual or LaTeX Companion for explanation.
Type  H <return>  for immediate help.
 ...                                              
                                                  
l.5 ...æ—Å–æ–±–æ, —Å —Å–ª–µ–¥—É—é—â–∏–º –ø—Ä–µ–¥–∏
                                                  —Å–ª–æ–≤–∏–µ–º:
You may provide a definition with
\DeclareUnicodeCharacter 


! LaTeX Error: Unicode character —Å (U+0441)
               not set up for use with LaTeX.

See the LaTeX manual or LaTeX Companion for explanation.
Type  H <return>  for immediate help.
 ...                                              
                                                  
l.5 ...Å–æ–±–æ, —Å —Å–ª–µ–¥—É—é—â–∏–º –ø—Ä–µ–¥–∏—Å
                                                  –ª–æ–≤–∏–µ–º:
You may provide a definition with
\DeclareUnicodeCharacter 


! LaTeX Error: Unicode character –ª (U+043B)
               not set up for use with LaTeX.

See the LaTeX manual or LaTeX Companion for explanation.
Type  H <return>  for immediate help.
 ...                                              
                                                  
l.5 ...æ–±–æ, —Å —Å–ª–µ–¥—É—é—â–∏–º –ø—Ä–µ–¥–∏—Å–ª
                                                  –æ–≤–∏–µ–º:
You may provide a definition with
\DeclareUnicodeCharacter 


! LaTeX Error: Unicode character –æ (U+043E)
               not set up for use with LaTeX.

See the LaTeX manual or LaTeX Companion for explanation.
Type  H <return>  for immediate help.
 ...                                              
                                                  
l.5 ...±–æ, —Å —Å–ª–µ–¥—É—é—â–∏–º –ø—Ä–µ–¥–∏—Å–ª–æ
                                                  –≤–∏–µ–º:
You may provide a definition with
\DeclareUnicodeCharacter 


! LaTeX Error: Unicode character –≤ (U+0432)
               not set up for use with LaTeX.

See the LaTeX manual or LaTeX Companion for explanation.
Type  H <return>  for immediate help.
 ...                                              
                                                  
l.5 ...æ, —Å —Å–ª–µ–¥—É—é—â–∏–º –ø—Ä–µ–¥–∏—Å–ª–æ–≤
                                                  –∏–µ–º:
You may provide a definition with
\DeclareUnicodeCharacter 


! LaTeX Error: Unicode character –∏ (U+0438)
               not set up for use with LaTeX.

See the LaTeX manual or LaTeX Companion for explanation.
Type  H <return>  for immediate help.
 ...                                              
                                                  
l.5 ... —Å —Å–ª–µ–¥—É—é—â–∏–º –ø—Ä–µ–¥–∏—Å–ª–æ–≤–∏
                                                  –µ–º:
You may provide a definition with
\DeclareUnicodeCharacter 


! LaTeX Error: Unicode character –µ (U+0435)
               not set up for use with LaTeX.

See the LaTeX manual or LaTeX Companion for explanation.
Type  H <return>  for immediate help.
 ...                                              
                                                  
l.5 ...Å —Å–ª–µ–¥—É—é—â–∏–º –ø—Ä–µ–¥–∏—Å–ª–æ–≤–∏–µ
                                                  –º:
You may provide a definition with
\DeclareUnicodeCharacter 


! LaTeX Error: Unicode character –º (U+043C)
               not set up for use with LaTeX.

See the LaTeX manual or LaTeX Companion for explanation.
Type  H <return>  for immediate help.
 ...                                              
                                                  
l.5 ...—Å–ª–µ–¥—É—é—â–∏–º –ø—Ä–µ–¥–∏—Å–ª–æ–≤–∏–µ–º
                                                  :
You may provide a definition with
\DeclareUnicodeCharacter 

Missing character: There is no : in font nullfont!

! LaTeX Error: Command \guillemetleft unavailable in encoding .

See the LaTeX manual or LaTeX Companion for explanation.
Type  H <return>  for immediate help.
 ...                                              
                                                  
l.6 ¬´
      –ü—Ä–æ–ø—É—â–µ–Ω–Ω—ã–µ —Å—Ç—Ä–æ—Ñ—ã –ø–æ–¥–∞–≤–∞–ª–∏ –Ω–µ–æ–¥–Ω–æ–∫—Ä–...

Your command was ignored.
Type  I <command> <return>  to replace it with another command,
or  <return>  to continue without it.


! LaTeX Error: Unicode character –ü (U+041F)
               not set up for use with LaTeX.

See the LaTeX manual or LaTeX Companion for explanation.
Type  H <return>  for immediate help.
 ...                                              
                                                  
l.6 ¬´–ü
        —Ä–æ–ø—É—â–µ–Ω–Ω—ã–µ —Å—Ç—Ä–æ—Ñ—ã –ø–æ–¥–∞–≤–∞–ª–∏ –Ω–µ–æ–¥–Ω–æ–∫—Ä–...

You may provide a definition with
\DeclareUnicodeCharacter 


! LaTeX Error: Unicode character —Ä (U+0440)
               not set up for use with LaTeX.

See the LaTeX manual or LaTeX Companion for explanation.
Type  H <return>  for immediate help.
 ...                                              
                                                  
l.6 ¬´–ü—Ä
          –æ–ø—É—â–µ–Ω–Ω—ã–µ —Å—Ç—Ä–æ—Ñ—ã –ø–æ–¥–∞–≤–∞–ª–∏ –Ω–µ–æ–¥–Ω–æ–∫—Ä–...

You may provide a definition with
\DeclareUnicodeCharacter 


! LaTeX Error: Unicode character –æ (U+043E)
               not set up for use with LaTeX.

See the LaTeX manual or LaTeX Companion for explanation.
Type  H <return>  for immediate help.
 ...                                              
                                                  
l.6 ¬´–ü—Ä–æ
            –ø—É—â–µ–Ω–Ω—ã–µ —Å—Ç—Ä–æ—Ñ—ã –ø–æ–¥–∞–≤–∞–ª–∏ –Ω–µ–æ–¥–Ω–æ–∫—Ä–...

You may provide a definition with
\DeclareUnicodeCharacter 


! LaTeX Error: Unicode character –ø (U+043F)
               not set up for use with LaTeX.

See the LaTeX manual or LaTeX Companion for explanation.
Type  H <return>  for immediate help.
 ...                                              
                                                  
l.6 ¬´–ü—Ä–æ–ø
              —É—â–µ–Ω–Ω—ã–µ —Å—Ç—Ä–æ—Ñ—ã –ø–æ–¥–∞–≤–∞–ª–∏ –Ω–µ–æ–¥–Ω–æ–∫—Ä–...

You may provide a definition with
\DeclareUnicodeCharacter 


! LaTeX Error: Unicode character —É (U+0443)
               not set up for use with LaTeX.

See the LaTeX manual or LaTeX Companion for explanation.
Type  H <return>  for immediate help.
 ...                                              
                                                  
l.6 ¬´–ü—Ä–æ–ø—É
                —â–µ–Ω–Ω—ã–µ —Å—Ç—Ä–æ—Ñ—ã –ø–æ–¥–∞–≤–∞–ª–∏ –Ω–µ–æ–¥–Ω–æ–∫—Ä–...

You may provide a definition with
\DeclareUnicodeCharacter 


! LaTeX Error: Unicode character —â (U+0449)
               not set up for use with LaTeX.

See the LaTeX manual or LaTeX Companion for explanation.
Type  H <return>  for immediate help.
 ...                                              
                                                  
l.6 ¬´–ü—Ä–æ–ø—É—â
                  –µ–Ω–Ω—ã–µ —Å—Ç—Ä–æ—Ñ—ã –ø–æ–¥–∞–≤–∞–ª–∏ –Ω–µ–æ–¥–Ω–æ–∫—Ä–...

You may provide a definition with
\DeclareUnicodeCharacter 


! LaTeX Error: Unicode character –µ (U+0435)
               not set up for use with LaTeX.

See the LaTeX manual or LaTeX Companion for explanation.
Type  H <return>  for immediate help.
 ...                                              
                                                  
l.6 ¬´–ü—Ä–æ–ø—É—â–µ
                    –Ω–Ω—ã–µ —Å—Ç—Ä–æ—Ñ—ã –ø–æ–¥–∞–≤–∞–ª–∏ –Ω–µ–æ–¥–Ω–æ–∫—Ä–...

You may provide a definition with
\DeclareUnicodeCharacter 


! LaTeX Error: Unicode character –Ω (U+043D)
               not set up for use with LaTeX.

See the LaTeX manual or LaTeX Companion for explanation.
Type  H <return>  for immediate help.
 ...                                              
                                                  
l.6 ¬´–ü—Ä–æ–ø—É—â–µ–Ω
                      –Ω—ã–µ —Å—Ç—Ä–æ—Ñ—ã –ø–æ–¥–∞–≤–∞–ª–∏ –Ω–µ–æ–¥–Ω–æ–∫—Ä–...

You may provide a definition with
\DeclareUnicodeCharacter 


! LaTeX Error: Unicode character –Ω (U+043D)
               not set up for use with LaTeX.

See the LaTeX manual or LaTeX Companion for explanation.
Type  H <return>  for immediate help.
 ...                                              
                                                  
l.6 ¬´–ü—Ä–æ–ø—É—â–µ–Ω–Ω
                        —ã–µ —Å—Ç—Ä–æ—Ñ—ã –ø–æ–¥–∞–≤–∞–ª–∏ –Ω–µ–æ–¥–Ω–æ–∫—Ä–...

You may provide a definition with
\DeclareUnicodeCharacter 


! LaTeX Error: Unicode character —ã (U+044B)
               not set up for use with LaTeX.

See the LaTeX manual or LaTeX Companion for explanation.
Type  H <return>  for immediate help.
 ...                                              
                                                  
l.6 ¬´–ü—Ä–æ–ø—É—â–µ–Ω–Ω—ã
                          –µ —Å—Ç—Ä–æ—Ñ—ã –ø–æ–¥–∞–≤–∞–ª–∏ –Ω–µ–æ–¥–Ω–æ–∫—Ä–...

You may provide a definition with
\DeclareUnicodeCharacter 


! LaTeX Error: Unicode character –µ (U+0435)
               not set up for use with LaTeX.

See the LaTeX manual or LaTeX Companion for explanation.
Type  H <return>  for immediate help.
 ...                                              
                                                  
l.6 ¬´–ü—Ä–æ–ø—É—â–µ–Ω–Ω—ã–µ
                             —Å—Ç—Ä–æ—Ñ—ã –ø–æ–¥–∞–≤–∞–ª–∏ –Ω–µ–æ–¥–Ω–æ–∫—Ä–...

You may provide a definition with
\DeclareUnicodeCharacter 


! LaTeX Error: Unicode character —Å (U+0441)
               not set up for use with LaTeX.

See the LaTeX manual or LaTeX Companion for explanation.
Type  H <return>  for immediate help.
 ...                                              
                                                  
l.6 ¬´–ü—Ä–æ–ø—É—â–µ–Ω–Ω—ã–µ —Å
                               —Ç—Ä–æ—Ñ—ã –ø–æ–¥–∞–≤–∞–ª–∏ –Ω–µ–æ–¥–Ω–æ–∫—Ä–...

You may provide a definition with
\DeclareUnicodeCharacter 


! LaTeX Error: Unicode character —Ç (U+0442)
               not set up for use with LaTeX.

See the LaTeX manual or LaTeX Companion for explanation.
Type  H <return>  for immediate help.
 ...                                              
                                                  
l.6 ¬´–ü—Ä–æ–ø—É—â–µ–Ω–Ω—ã–µ —Å—Ç
                                 —Ä–æ—Ñ—ã –ø–æ–¥–∞–≤–∞–ª–∏ –Ω–µ–æ–¥–Ω–æ–∫—Ä–...

You may provide a definition with
\DeclareUnicodeCharacter 


! LaTeX Error: Unicode character —Ä (U+0440)
               not set up for use with LaTeX.

See the LaTeX manual or LaTeX Companion for explanation.
Type  H <return>  for immediate help.
 ...                                              
                                                  
l.6 ¬´–ü—Ä–æ–ø—É—â–µ–Ω–Ω—ã–µ —Å—Ç—Ä
                                   –æ—Ñ—ã –ø–æ–¥–∞–≤–∞–ª–∏ –Ω–µ–æ–¥–Ω–æ–∫—Ä–...

You may provide a definition with
\DeclareUnicodeCharacter 


! LaTeX Error: Unicode character –æ (U+043E)
               not set up for use with LaTeX.

See the LaTeX manual or LaTeX Companion for explanation.
Type  H <return>  for immediate help.
 ...                                              
                                                  
l.6 ¬´–ü—Ä–æ–ø—É—â–µ–Ω–Ω—ã–µ —Å—Ç—Ä–æ
                                     —Ñ—ã –ø–æ–¥–∞–≤–∞–ª–∏ –Ω–µ–æ–¥–Ω–æ–∫—Ä–...

You may provide a definition with
\DeclareUnicodeCharacter 


! LaTeX Error: Unicode character —Ñ (U+0444)
               not set up for use with LaTeX.

See the LaTeX manual or LaTeX Companion for explanation.
Type  H <return>  for immediate help.
 ...                                              
                                                  
l.6 ¬´–ü—Ä–æ–ø—É—â–µ–Ω–Ω—ã–µ —Å—Ç—Ä–æ—Ñ
                                       —ã –ø–æ–¥–∞–≤–∞–ª–∏ –Ω–µ–æ–¥–Ω–æ–∫—Ä–...

You may provide a definition with
\DeclareUnicodeCharacter 


! LaTeX Error: Unicode character —ã (U+044B)
               not set up for use with LaTeX.

See the LaTeX manual or LaTeX Companion for explanation.
Type  H <return>  for immediate help.
 ...                                              
                                                  
l.6 ¬´–ü—Ä–æ–ø—É—â–µ–Ω–Ω—ã–µ —Å—Ç—Ä–æ—Ñ—ã
                                          –ø–æ–¥–∞–≤–∞–ª–∏ –Ω–µ–æ–¥–Ω–æ–∫—Ä–...

You may provide a definition with
\DeclareUnicodeCharacter 


! LaTeX Error: Unicode character –ø (U+043F)
               not set up for use with LaTeX.

See the LaTeX manual or LaTeX Companion for explanation.
Type  H <return>  for immediate help.
 ...                                              
                                                  
l.6 ¬´–ü—Ä–æ–ø—É—â–µ–Ω–Ω—ã–µ —Å—Ç—Ä–æ—Ñ—ã –ø
                                            –æ–¥–∞–≤–∞–ª–∏ –Ω–µ–æ–¥–Ω–æ–∫—Ä–...

You may provide a definition with
\DeclareUnicodeCharacter 


! LaTeX Error: Unicode character –æ (U+043E)
               not set up for use with LaTeX.

See the LaTeX manual or LaTeX Companion for explanation.
Type  H <return>  for immediate help.
 ...                                              
                                                  
l.6 ¬´–ü—Ä–æ–ø—É—â–µ–Ω–Ω—ã–µ —Å—Ç—Ä–æ—Ñ—ã –ø–æ
                                              –¥–∞–≤–∞–ª–∏ –Ω–µ–æ–¥–Ω–æ–∫—Ä–...

You may provide a definition with
\DeclareUnicodeCharacter 


! LaTeX Error: Unicode character –¥ (U+0434)
               not set up for use with LaTeX.

See the LaTeX manual or LaTeX Companion for explanation.
Type  H <return>  for immediate help.
 ...                                              
                                                  
l.6 ¬´–ü—Ä–æ–ø—É—â–µ–Ω–Ω—ã–µ —Å—Ç—Ä–æ—Ñ—ã –ø–æ–¥
                                                –∞–≤–∞–ª–∏ –Ω–µ–æ–¥–Ω–æ–∫—Ä–...

You may provide a definition with
\DeclareUnicodeCharacter 


! LaTeX Error: Unicode character –∞ (U+0430)
               not set up for use with LaTeX.

See the LaTeX manual or LaTeX Companion for explanation.
Type  H <return>  for immediate help.
 ...                                              
                                                  
l.6 ¬´–ü—Ä–æ–ø—É—â–µ–Ω–Ω—ã–µ —Å—Ç—Ä–æ—Ñ—ã –ø–æ–¥–∞
                                                  –≤–∞–ª–∏ –Ω–µ–æ–¥–Ω–æ–∫—Ä–...

You may provide a definition with
\DeclareUnicodeCharacter 


! LaTeX Error: Unicode character –≤ (U+0432)
               not set up for use with LaTeX.

See the LaTeX manual or LaTeX Companion for explanation.
Type  H <return>  for immediate help.
 ...                                              
                                                  
l.6 ...Ä–æ–ø—É—â–µ–Ω–Ω—ã–µ —Å—Ç—Ä–æ—Ñ—ã –ø–æ–¥–∞–≤
                                                  –∞–ª–∏ –Ω–µ–æ–¥–Ω–æ–∫—Ä–∞—...

You may provide a definition with
\DeclareUnicodeCharacter 


! LaTeX Error: Unicode character –∞ (U+0430)
               not set up for use with LaTeX.

See the LaTeX manual or LaTeX Companion for explanation.
Type  H <return>  for immediate help.
 ...                                              
                                                  
l.6 ...æ–ø—É—â–µ–Ω–Ω—ã–µ —Å—Ç—Ä–æ—Ñ—ã –ø–æ–¥–∞–≤–∞
                                                  –ª–∏ –Ω–µ–æ–¥–Ω–æ–∫—Ä–∞—Ç–...

You may provide a definition with
\DeclareUnicodeCharacter 


! LaTeX Error: Unicode character –ª (U+043B)
               not set up for use with LaTeX.

See the LaTeX manual or LaTeX Companion for explanation.
Type  H <return>  for immediate help.
 ...                                              
                                                  
l.6 ...ø—É—â–µ–Ω–Ω—ã–µ —Å—Ç—Ä–æ—Ñ—ã –ø–æ–¥–∞–≤–∞–ª
                                                  –∏ –Ω–µ–æ–¥–Ω–æ–∫—Ä–∞—Ç–Ω–...

You may provide a definition with
\DeclareUnicodeCharacter 


! LaTeX Error: Unicode character –∏ (U+0438)
               not set up for use with LaTeX.

See the LaTeX manual or LaTeX Companion for explanation.
Type  H <return>  for immediate help.
 ...                                              
                                                  
l.6 ...É—â–µ–Ω–Ω—ã–µ —Å—Ç—Ä–æ—Ñ—ã –ø–æ–¥–∞–≤–∞–ª–∏
                                                   –Ω–µ–æ–¥–Ω–æ–∫—Ä–∞—Ç–Ω–æ ...

You may provide a definition with
\DeclareUnicodeCharacter 


! LaTeX Error: Unicode character –Ω (U+043D)
               not set up for use with LaTeX.

See the LaTeX manual or LaTeX Companion for explanation.
Type  H <return>  for immediate help.
 ...                                              
                                                  
l.6 ...–µ–Ω–Ω—ã–µ —Å—Ç—Ä–æ—Ñ—ã –ø–æ–¥–∞–≤–∞–ª–∏ –Ω
                                                  –µ–æ–¥–Ω–æ–∫—Ä–∞—Ç–Ω–æ –ø–...

You may provide a definition with
\DeclareUnicodeCharacter 


! LaTeX Error: Unicode character –µ (U+0435)
               not set up for use with LaTeX.

See the LaTeX manual or LaTeX Companion for explanation.
Type  H <return>  for immediate help.
 ...                                              
                                                  
l.6 ...–Ω–Ω—ã–µ —Å—Ç—Ä–æ—Ñ—ã –ø–æ–¥–∞–≤–∞–ª–∏ –Ω–µ
                                                  –æ–¥–Ω–æ–∫—Ä–∞—Ç–Ω–æ –ø–æ–...

You may provide a definition with
\DeclareUnicodeCharacter 


! LaTeX Error: Unicode character –æ (U+043E)
               not set up for use with LaTeX.

See the LaTeX manual or LaTeX Companion for explanation.
Type  H <return>  for immediate help.
 ...                                              
                                                  
l.6 ...–Ω—ã–µ —Å—Ç—Ä–æ—Ñ—ã –ø–æ–¥–∞–≤–∞–ª–∏ –Ω–µ–æ
                                                  –¥–Ω–æ–∫—Ä–∞—Ç–Ω–æ –ø–æ–≤–...

You may provide a definition with
\DeclareUnicodeCharacter 


! LaTeX Error: Unicode character –¥ (U+0434)
               not set up for use with LaTeX.

See the LaTeX manual or LaTeX Companion for explanation.
Type  H <return>  for immediate help.
 ...                                              
                                                  
l.6 ...—ã–µ —Å—Ç—Ä–æ—Ñ—ã –ø–æ–¥–∞–≤–∞–ª–∏ –Ω–µ–æ–¥
                                                  –Ω–æ–∫—Ä–∞—Ç–Ω–æ –ø–æ–≤–æ–...

You may provide a definition with
\DeclareUnicodeCharacter 


! LaTeX Error: Unicode character –Ω (U+043D)
               not set up for use with LaTeX.

See the LaTeX manual or LaTeX Companion for explanation.
Type  H <return>  for immediate help.
 ...                                              
                                                  
l.6 ...–µ —Å—Ç—Ä–æ—Ñ—ã –ø–æ–¥–∞–≤–∞–ª–∏ –Ω–µ–æ–¥–Ω
                                                  –æ–∫—Ä–∞—Ç–Ω–æ –ø–æ–≤–æ–¥ ...

You may provide a definition with
\DeclareUnicodeCharacter 


! LaTeX Error: Unicode character –æ (U+043E)
               not set up for use with LaTeX.

See the LaTeX manual or LaTeX Companion for explanation.
Type  H <return>  for immediate help.
 ...                                              
                                                  
l.6 ... —Å—Ç—Ä–æ—Ñ—ã –ø–æ–¥–∞–≤–∞–ª–∏ –Ω–µ–æ–¥–Ω–æ
                                                  –∫—Ä–∞—Ç–Ω–æ –ø–æ–≤–æ–¥ –∫...

You may provide a definition with
\DeclareUnicodeCharacter 


! LaTeX Error: Unicode character –∫ (U+043A)
               not set up for use with LaTeX.

See the LaTeX manual or LaTeX Companion for explanation.
Type  H <return>  for immediate help.
 ...                                              
                                                  
l.6 ...Å—Ç—Ä–æ—Ñ—ã –ø–æ–¥–∞–≤–∞–ª–∏ –Ω–µ–æ–¥–Ω–æ–∫
                                                  —Ä–∞—Ç–Ω–æ –ø–æ–≤–æ–¥ –∫ –...

You may provide a definition with
\DeclareUnicodeCharacter 


! LaTeX Error: Unicode character —Ä (U+0440)
               not set up for use with LaTeX.

See the LaTeX manual or LaTeX Companion for explanation.
Type  H <return>  for immediate help.
 ...                                              
                                                  
l.6 ...Ç—Ä–æ—Ñ—ã –ø–æ–¥–∞–≤–∞–ª–∏ –Ω–µ–æ–¥–Ω–æ–∫—Ä
                                                  –∞—Ç–Ω–æ –ø–æ–≤–æ–¥ –∫ –ø–...

You may provide a definition with
\DeclareUnicodeCharacter 


! LaTeX Error: Unicode character –∞ (U+0430)
               not set up for use with LaTeX.

See the LaTeX manual or LaTeX Companion for explanation.
Type  H <return>  for immediate help.
 ...                                              
                                                  
l.6 ...Ä–æ—Ñ—ã –ø–æ–¥–∞–≤–∞–ª–∏ –Ω–µ–æ–¥–Ω–æ–∫—Ä–∞
                                                  —Ç–Ω–æ –ø–æ–≤–æ–¥ –∫ –ø–æ—...

You may provide a definition with
\DeclareUnicodeCharacter 


! LaTeX Error: Unicode character —Ç (U+0442)
               not set up for use with LaTeX.

See the LaTeX manual or LaTeX Companion for explanation.
Type  H <return>  for immediate help.
 ...                                              
                                                  
l.6 ...æ—Ñ—ã –ø–æ–¥–∞–≤–∞–ª–∏ –Ω–µ–æ–¥–Ω–æ–∫—Ä–∞—Ç
                                                  –Ω–æ –ø–æ–≤–æ–¥ –∫ –ø–æ—Ä–...

You may provide a definition with
\DeclareUnicodeCharacter 


! LaTeX Error: Unicode character –Ω (U+043D)
               not set up for use with LaTeX.

See the LaTeX manual or LaTeX Companion for explanation.
Type  H <return>  for immediate help.
 ...                                              
                                                  
l.6 ...Ñ—ã –ø–æ–¥–∞–≤–∞–ª–∏ –Ω–µ–æ–¥–Ω–æ–∫—Ä–∞—Ç–Ω
                                                  –æ –ø–æ–≤–æ–¥ –∫ –ø–æ—Ä–∏—...

You may provide a definition with
\DeclareUnicodeCharacter 


! LaTeX Error: Unicode character –æ (U+043E)
               not set up for use with LaTeX.

See the LaTeX manual or LaTeX Companion for explanation.
Type  H <return>  for immediate help.
 ...                                              
                                                  
l.6 ...ã –ø–æ–¥–∞–≤–∞–ª–∏ –Ω–µ–æ–¥–Ω–æ–∫—Ä–∞—Ç–Ω–æ
                                                   –ø–æ–≤–æ–¥ –∫ –ø–æ—Ä–∏—Ü–...

You may provide a definition with
\DeclareUnicodeCharacter 


! LaTeX Error: Unicode character –ø (U+043F)
               not set up for use with LaTeX.

See the LaTeX manual or LaTeX Companion for explanation.
Type  H <return>  for immediate help.
 ...                                              
                                                  
l.6 ...ø–æ–¥–∞–≤–∞–ª–∏ –Ω–µ–æ–¥–Ω–æ–∫—Ä–∞—Ç–Ω–æ –ø
                                                  –æ–≤–æ–¥ –∫ –ø–æ—Ä–∏—Ü–∞–Ω...

You may provide a definition with
\DeclareUnicodeCharacter 


! LaTeX Error: Unicode character –æ (U+043E)
               not set up for use with LaTeX.

See the LaTeX manual or LaTeX Companion for explanation.
Type  H <return>  for immediate help.
 ...                                              
                                                  
l.6 ...æ–¥–∞–≤–∞–ª–∏ –Ω–µ–æ–¥–Ω–æ–∫—Ä–∞—Ç–Ω–æ –ø–æ
                                                  –≤–æ–¥ –∫ –ø–æ—Ä–∏—Ü–∞–Ω–∏...

You may provide a definition with
\DeclareUnicodeCharacter 


! LaTeX Error: Unicode character –≤ (U+0432)
               not set up for use with LaTeX.

See the LaTeX manual or LaTeX Companion for explanation.
Type  H <return>  for immediate help.
 ...                                              
                                                  
l.6 ...¥–∞–≤–∞–ª–∏ –Ω–µ–æ–¥–Ω–æ–∫—Ä–∞—Ç–Ω–æ –ø–æ–≤
                                                  –æ–¥ –∫ –ø–æ—Ä–∏—Ü–∞–Ω–∏—é...

You may provide a definition with
\DeclareUnicodeCharacter 


! LaTeX Error: Unicode character –æ (U+043E)
               not set up for use with LaTeX.

See the LaTeX manual or LaTeX Companion for explanation.
Type  H <return>  for immediate help.
 ...                                              
                                                  
l.6 ...∞–≤–∞–ª–∏ –Ω–µ–æ–¥–Ω–æ–∫—Ä–∞—Ç–Ω–æ –ø–æ–≤–æ
                                                  –¥ –∫ –ø–æ—Ä–∏—Ü–∞–Ω–∏—é –...

You may provide a definition with
\DeclareUnicodeCharacter 


! LaTeX Error: Unicode character –¥ (U+0434)
               not set up for use with LaTeX.

See the LaTeX manual or LaTeX Companion for explanation.
Type  H <return>  for immediate help.
 ...                                              
                                                  
l.6 ...≤–∞–ª–∏ –Ω–µ–æ–¥–Ω–æ–∫—Ä–∞—Ç–Ω–æ –ø–æ–≤–æ–¥
                                                   –∫ –ø–æ—Ä–∏—Ü–∞–Ω–∏—é –∏ ...

You may provide a definition with
\DeclareUnicodeCharacter 


! LaTeX Error: Unicode character –∫ (U+043A)
               not set up for use with LaTeX.

See the LaTeX manual or LaTeX Companion for explanation.
Type  H <return>  for immediate help.
 ...                                              
                                                  
l.6 ...–ª–∏ –Ω–µ–æ–¥–Ω–æ–∫—Ä–∞—Ç–Ω–æ –ø–æ–≤–æ–¥ –∫
                                                   –ø–æ—Ä–∏—Ü–∞–Ω–∏—é –∏ –Ω–...

You may provide a definition with
\DeclareUnicodeCharacter 


! LaTeX Error: Unicode character –ø (U+043F)
               not set up for use with LaTeX.

See the LaTeX manual or LaTeX Companion for explanation.
Type  H <return>  for immediate help.
 ...                                              
                                                  
l.6 ...∏ –Ω–µ–æ–¥–Ω–æ–∫—Ä–∞—Ç–Ω–æ –ø–æ–≤–æ–¥ –∫ –ø
                                                  –æ—Ä–∏—Ü–∞–Ω–∏—é –∏ –Ω–∞—Å...

You may provide a definition with
\DeclareUnicodeCharacter 


! LaTeX Error: Unicode character –æ (U+043E)
               not set up for use with LaTeX.

See the LaTeX manual or LaTeX Companion for explanation.
Type  H <return>  for immediate help.
 ...                                              
                                                  
l.6 ...–Ω–µ–æ–¥–Ω–æ–∫—Ä–∞—Ç–Ω–æ –ø–æ–≤–æ–¥ –∫ –ø–æ
                                                  —Ä–∏—Ü–∞–Ω–∏—é –∏ –Ω–∞—Å–º...

You may provide a definition with
\DeclareUnicodeCharacter 


! LaTeX Error: Unicode character —Ä (U+0440)
               not set up for use with LaTeX.

See the LaTeX manual or LaTeX Companion for explanation.
Type  H <return>  for immediate help.
 ...                                              
                                                  
l.6 ...–µ–æ–¥–Ω–æ–∫—Ä–∞—Ç–Ω–æ –ø–æ–≤–æ–¥ –∫ –ø–æ—Ä
                                                  –∏—Ü–∞–Ω–∏—é –∏ –Ω–∞—Å–º–µ...

You may provide a definition with
\DeclareUnicodeCharacter 


! LaTeX Error: Unicode character –∏ (U+0438)
               not set up for use with LaTeX.

See the LaTeX manual or LaTeX Companion for explanation.
Type  H <return>  for immediate help.
 ...                                              
                                                  
l.6 ...–æ–¥–Ω–æ–∫—Ä–∞—Ç–Ω–æ –ø–æ–≤–æ–¥ –∫ –ø–æ—Ä–∏
                                                  —Ü–∞–Ω–∏—é –∏ –Ω–∞—Å–º–µ—à...

You may provide a definition with
\DeclareUnicodeCharacter 


! LaTeX Error: Unicode character —Ü (U+0446)
               not set up for use with LaTeX.

See the LaTeX manual or LaTeX Companion for explanation.
Type  H <return>  for immediate help.
 ...                                              
                                                  
l.6 ...–¥–Ω–æ–∫—Ä–∞—Ç–Ω–æ –ø–æ–≤–æ–¥ –∫ –ø–æ—Ä–∏—Ü
                                                  –∞–Ω–∏—é –∏ –Ω–∞—Å–º–µ—à–∫...

You may provide a definition with
\DeclareUnicodeCharacter 


! LaTeX Error: Unicode character –∞ (U+0430)
               not set up for use with LaTeX.

See the LaTeX manual or LaTeX Companion for explanation.
Type  H <return>  for immediate help.
 ...                                              
                                                  
l.6 ...–Ω–æ–∫—Ä–∞—Ç–Ω–æ –ø–æ–≤–æ–¥ –∫ –ø–æ—Ä–∏—Ü–∞
                                                  –Ω–∏—é –∏ –Ω–∞—Å–º–µ—à–∫–∞...

You may provide a definition with
\DeclareUnicodeCharacter 


! LaTeX Error: Unicode character –Ω (U+043D)
               not set up for use with LaTeX.

See the LaTeX manual or LaTeX Companion for explanation.
Type  H <return>  for immediate help.
 ...                                              
                                                  
l.6 ...–æ–∫—Ä–∞—Ç–Ω–æ –ø–æ–≤–æ–¥ –∫ –ø–æ—Ä–∏—Ü–∞–Ω
                                                  –∏—é –∏ –Ω–∞—Å–º–µ—à–∫–∞–º...

You may provide a definition with
\DeclareUnicodeCharacter 


! LaTeX Error: Unicode character –∏ (U+0438)
               not set up for use with LaTeX.

See the LaTeX manual or LaTeX Companion for explanation.
Type  H <return>  for immediate help.
 ...                                              
                                                  
l.6 ...–∫—Ä–∞—Ç–Ω–æ –ø–æ–≤–æ–¥ –∫ –ø–æ—Ä–∏—Ü–∞–Ω–∏
                                                  —é –∏ –Ω–∞—Å–º–µ—à–∫–∞–º (...

You may provide a definition with
\DeclareUnicodeCharacter 


! LaTeX Error: Unicode character —é (U+044E)
               not set up for use with LaTeX.

See the LaTeX manual or LaTeX Companion for explanation.
Type  H <return>  for immediate help.
 ...                                              
                                                  
l.6 ...—Ä–∞—Ç–Ω–æ –ø–æ–≤–æ–¥ –∫ –ø–æ—Ä–∏—Ü–∞–Ω–∏—é
                                                   –∏ –Ω–∞—Å–º–µ—à–∫–∞–º (–≤...

You may provide a definition with
\DeclareUnicodeCharacter 


! LaTeX Error: Unicode character –∏ (U+0438)
               not set up for use with LaTeX.

See the LaTeX manual or LaTeX Companion for explanation.
Type  H <return>  for immediate help.
 ...                                              
                                                  
l.6 ...∞—Ç–Ω–æ –ø–æ–≤–æ–¥ –∫ –ø–æ—Ä–∏—Ü–∞–Ω–∏—é –∏
                                                   –Ω–∞—Å–º–µ—à–∫–∞–º (–≤–ø—...

You may provide a definition with
\DeclareUnicodeCharacter 


! LaTeX Error: Unicode character –Ω (U+043D)
               not set up for use with LaTeX.

See the LaTeX manual or LaTeX Companion for explanation.
Type  H <return>  for immediate help.
 ...                                              
                                                  
l.6 ...–Ω–æ –ø–æ–≤–æ–¥ –∫ –ø–æ—Ä–∏—Ü–∞–Ω–∏—é –∏ –Ω
                                                  –∞—Å–º–µ—à–∫–∞–º (–≤–ø—Ä–æ...

You may provide a definition with
\DeclareUnicodeCharacter 


! LaTeX Error: Unicode character –∞ (U+0430)
               not set up for use with LaTeX.

See the LaTeX manual or LaTeX Companion for explanation.
Type  H <return>  for immediate help.
 ...                                              
                                                  
l.6 ...–æ –ø–æ–≤–æ–¥ –∫ –ø–æ—Ä–∏—Ü–∞–Ω–∏—é –∏ –Ω–∞
                                                  —Å–º–µ—à–∫–∞–º (–≤–ø—Ä–æ—á...

You may provide a definition with
\DeclareUnicodeCharacter 


! LaTeX Error: Unicode character —Å (U+0441)
               not set up for use with LaTeX.

See the LaTeX manual or LaTeX Companion for explanation.
Type  H <return>  for immediate help.
 ...                                              
                                                  
l.6 ... –ø–æ–≤–æ–¥ –∫ –ø–æ—Ä–∏—Ü–∞–Ω–∏—é –∏ –Ω–∞—Å
                                                  –º–µ—à–∫–∞–º (–≤–ø—Ä–æ—á–µ...

You may provide a definition with
\DeclareUnicodeCharacter 


! LaTeX Error: Unicode character –º (U+043C)
               not set up for use with LaTeX.

See the LaTeX manual or LaTeX Companion for explanation.
Type  H <return>  for immediate help.
 ...                                              
                                                  
l.6 ...ø–æ–≤–æ–¥ –∫ –ø–æ—Ä–∏—Ü–∞–Ω–∏—é –∏ –Ω–∞—Å–º
                                                  –µ—à–∫–∞–º (–≤–ø—Ä–æ—á–µ–º...

You may provide a definition with
\DeclareUnicodeCharacter 


! LaTeX Error: Unicode character –µ (U+0435)
               not set up for use with LaTeX.

See the LaTeX manual or LaTeX Companion for explanation.
Type  H <return>  for immediate help.
 ...                                              
                                                  
l.6 ...æ–≤–æ–¥ –∫ –ø–æ—Ä–∏—Ü–∞–Ω–∏—é –∏ –Ω–∞—Å–º–µ
                                                  —à–∫–∞–º (–≤–ø—Ä–æ—á–µ–º, ...

You may provide a definition with
\DeclareUnicodeCharacter 


! LaTeX Error: Unicode character —à (U+0448)
               not set up for use with LaTeX.

See the LaTeX manual or LaTeX Companion for explanation.
Type  H <return>  for immediate help.
 ...                                              
                                                  
l.6 ...≤–æ–¥ –∫ –ø–æ—Ä–∏—Ü–∞–Ω–∏—é –∏ –Ω–∞—Å–º–µ—à
                                                  –∫–∞–º (–≤–ø—Ä–æ—á–µ–º, –≤...

You may provide a definition with
\DeclareUnicodeCharacter 


! LaTeX Error: Unicode character –∫ (U+043A)
               not set up for use with LaTeX.

See the LaTeX manual or LaTeX Companion for explanation.
Type  H <return>  for immediate help.
 ...                                              
                                                  
l.6 ...æ–¥ –∫ –ø–æ—Ä–∏—Ü–∞–Ω–∏—é –∏ –Ω–∞—Å–º–µ—à–∫
                                                  –∞–º (–≤–ø—Ä–æ—á–µ–º, –≤–µ...

You may provide a definition with
\DeclareUnicodeCharacter 


! LaTeX Error: Unicode character –∞ (U+0430)
               not set up for use with LaTeX.

See the LaTeX manual or LaTeX Companion for explanation.
Type  H <return>  for immediate help.
 ...                                              
                                                  
l.6 ...¥ –∫ –ø–æ—Ä–∏—Ü–∞–Ω–∏—é –∏ –Ω–∞—Å–º–µ—à–∫–∞
                                                  –º (–≤–ø—Ä–æ—á–µ–º, –≤–µ—Å...

You may provide a definition with
\DeclareUnicodeCharacter 


! LaTeX Error: Unicode character –º (U+043C)
               not set up for use with LaTeX.

See the LaTeX manual or LaTeX Companion for explanation.
Type  H <return>  for immediate help.
 ...                                              
                                                  
l.6 ...–∫ –ø–æ—Ä–∏—Ü–∞–Ω–∏—é –∏ –Ω–∞—Å–º–µ—à–∫–∞–º
                                                   (–≤–ø—Ä–æ—á–µ–º, –≤–µ—Å—å...

You may provide a definition with
\DeclareUnicodeCharacter 

Missing character: There is no ( in font nullfont!

! LaTeX Error: Unicode character –≤ (U+0432)
               not set up for use with LaTeX.

See the LaTeX manual or LaTeX Companion for explanation.
Type  H <return>  for immediate help.
 ...                                              
                                                  
l.6 ...ø–æ—Ä–∏—Ü–∞–Ω–∏—é –∏ –Ω–∞—Å–º–µ—à–∫–∞–º (–≤
                                                  –ø—Ä–æ—á–µ–º, –≤–µ—Å—å–º–∞...

You may provide a definition with
\DeclareUnicodeCharacter 


! LaTeX Error: Unicode character –ø (U+043F)
               not set up for use with LaTeX.

See the LaTeX manual or LaTeX Companion for explanation.
Type  H <return>  for immediate help.
 ...                                              
                                                  
l.6 ...æ—Ä–∏—Ü–∞–Ω–∏—é –∏ –Ω–∞—Å–º–µ—à–∫–∞–º (–≤–ø
                                                  —Ä–æ—á–µ–º, –≤–µ—Å—å–º–∞ —...

You may provide a definition with
\DeclareUnicodeCharacter 


! LaTeX Error: Unicode character —Ä (U+0440)
               not set up for use with LaTeX.

See the LaTeX manual or LaTeX Companion for explanation.
Type  H <return>  for immediate help.
 ...                                              
                                                  
l.6 ...Ä–∏—Ü–∞–Ω–∏—é –∏ –Ω–∞—Å–º–µ—à–∫–∞–º (–≤–ø—Ä
                                                  –æ—á–µ–º, –≤–µ—Å—å–º–∞ —Å–...

You may provide a definition with
\DeclareUnicodeCharacter 


! LaTeX Error: Unicode character –æ (U+043E)
               not set up for use with LaTeX.

See the LaTeX manual or LaTeX Companion for explanation.
Type  H <return>  for immediate help.
 ...                                              
                                                  
l.6 ...∏—Ü–∞–Ω–∏—é –∏ –Ω–∞—Å–º–µ—à–∫–∞–º (–≤–ø—Ä–æ
                                                  —á–µ–º, –≤–µ—Å—å–º–∞ —Å–ø—...

You may provide a definition with
\DeclareUnicodeCharacter 


! LaTeX Error: Unicode character —á (U+0447)
               not set up for use with LaTeX.

See the LaTeX manual or LaTeX Companion for explanation.
Type  H <return>  for immediate help.
 ...                                              
                                                  
l.6 ...Ü–∞–Ω–∏—é –∏ –Ω–∞—Å–º–µ—à–∫–∞–º (–≤–ø—Ä–æ—á
                                                  –µ–º, –≤–µ—Å—å–º–∞ —Å–ø—Ä–...

You may provide a definition with
\DeclareUnicodeCharacter 


! LaTeX Error: Unicode character –µ (U+0435)
               not set up for use with LaTeX.

See the LaTeX manual or LaTeX Companion for explanation.
Type  H <return>  for immediate help.
 ...                                              
                                                  
l.6 ...∞–Ω–∏—é –∏ –Ω–∞—Å–º–µ—à–∫–∞–º (–≤–ø—Ä–æ—á–µ
                                                  –º, –≤–µ—Å—å–º–∞ —Å–ø—Ä–∞–...

You may provide a definition with
\DeclareUnicodeCharacter 


! LaTeX Error: Unicode character –º (U+043C)
               not set up for use with LaTeX.

See the LaTeX manual or LaTeX Companion for explanation.
Type  H <return>  for immediate help.
 ...                                              
                                                  
l.6 ...Ω–∏—é –∏ –Ω–∞—Å–º–µ—à–∫–∞–º (–≤–ø—Ä–æ—á–µ–º
                                                  , –≤–µ—Å—å–º–∞ —Å–ø—Ä–∞–≤–...

You may provide a definition with
\DeclareUnicodeCharacter 

Missing character: There is no , in font nullfont!

! LaTeX Error: Unicode character –≤ (U+0432)
               not set up for use with LaTeX.

See the LaTeX manual or LaTeX Companion for explanation.
Type  H <return>  for immediate help.
 ...                                              
                                                  
l.6 ...é –∏ –Ω–∞—Å–º–µ—à–∫–∞–º (–≤–ø—Ä–æ—á–µ–º, –≤
                                                  –µ—Å—å–º–∞ —Å–ø—Ä–∞–≤–µ–¥–...

You may provide a definition with
\DeclareUnicodeCharacter 


! LaTeX Error: Unicode character –µ (U+0435)
               not set up for use with LaTeX.

See the LaTeX manual or LaTeX Companion for explanation.
Type  H <return>  for immediate help.
 ...                                              
                                                  
l.6 ...–∏ –Ω–∞—Å–º–µ—à–∫–∞–º (–≤–ø—Ä–æ—á–µ–º, –≤–µ
                                                  —Å—å–º–∞ —Å–ø—Ä–∞–≤–µ–¥–ª–...

You may provide a definition with
\DeclareUnicodeCharacter 


! LaTeX Error: Unicode character —Å (U+0441)
               not set up for use with LaTeX.

See the LaTeX manual or LaTeX Companion for explanation.
Type  H <return>  for immediate help.
 ...                                              
                                                  
l.6 ... –Ω–∞—Å–º–µ—à–∫–∞–º (–≤–ø—Ä–æ—á–µ–º, –≤–µ—Å
                                                  —å–º–∞ —Å–ø—Ä–∞–≤–µ–¥–ª–∏–...

You may provide a definition with
\DeclareUnicodeCharacter 


! LaTeX Error: Unicode character —å (U+044C)
               not set up for use with LaTeX.

See the LaTeX manual or LaTeX Companion for explanation.
Type  H <return>  for immediate help.
 ...                                              
                                                  
l.6 ...Ω–∞—Å–º–µ—à–∫–∞–º (–≤–ø—Ä–æ—á–µ–º, –≤–µ—Å—å
                                                  –º–∞ —Å–ø—Ä–∞–≤–µ–¥–ª–∏–≤—...

You may provide a definition with
\DeclareUnicodeCharacter 


! LaTeX Error: Unicode character –º (U+043C)
               not set up for use with LaTeX.

See the LaTeX manual or LaTeX Companion for explanation.
Type  H <return>  for immediate help.
 ...                                              
                                                  
l.6 ...∞—Å–º–µ—à–∫–∞–º (–≤–ø—Ä–æ—á–µ–º, –≤–µ—Å—å–º
                                                  –∞ —Å–ø—Ä–∞–≤–µ–¥–ª–∏–≤—ã–...

You may provide a definition with
\DeclareUnicodeCharacter 


! LaTeX Error: Unicode character –∞ (U+0430)
               not set up for use with LaTeX.

See the LaTeX manual or LaTeX Companion for explanation.
Type  H <return>  for immediate help.
 ...                                              
                                                  
l.6 ...Å–º–µ—à–∫–∞–º (–≤–ø—Ä–æ—á–µ–º, –≤–µ—Å—å–º–∞
                                                   —Å–ø—Ä–∞–≤–µ–¥–ª–∏–≤—ã–º ...

You may provide a definition with
\DeclareUnicodeCharacter 


! LaTeX Error: Unicode character —Å (U+0441)
               not set up for use with LaTeX.

See the LaTeX manual or LaTeX Companion for explanation.
Type  H <return>  for immediate help.
 ...                                              
                                                  
l.6 ...–µ—à–∫–∞–º (–≤–ø—Ä–æ—á–µ–º, –≤–µ—Å—å–º–∞ —Å
                                                  –ø—Ä–∞–≤–µ–¥–ª–∏–≤—ã–º –∏–...
(That makes 100 errors; please try again.) 
Here is how much of TeX's memory you used:
 56 strings out of 474485
 973 string characters out of 5743734
 1924542 words of memory out of 5000000
 22441 multiletter control sequences out of 15000+600000
 558377 words of font info for 37 fonts, out of 8000000 for 9000
 1141 hyphenation exceptions out of 8191
 18i,1n,20p,913b,85s stack positions out of 10000i,1000n,20000p,200000b,200000s

!  ==> Fatal error occurred, no output PDF file produced!
